2026-04-08 10:14:43,033 INFO sqlalchemy.engine.Engine BEGIN (implicit)
2026-04-08 10:14:43,078 INFO sqlalchemy.engine.Engine SELECT users.id, users.telegram_id, users.first_name, users.last_name, users.username, users.phone, users.language, users.is_active, users.is_admin, users.created_at, users.updated_at 
FROM users 
WHERE users.telegram_id = ?
2026-04-08 10:14:43,081 INFO sqlalchemy.engine.Engine [generated in 0.00313s] (6412887832,)
2026-04-08 10:14:43,088 INFO sqlalchemy.engine.Engine SELECT addresses.user_id AS addresses_user_id, addresses.id AS addresses_id, addresses.title AS addresses_title, addresses.address_line AS addresses_address_line, addresses.lat AS addresses_lat, addresses.lng AS addresses_lng, addresses.apartment AS addresses_apartment, addresses.floor AS addresses_floor, addresses.entrance AS addresses_entrance, addresses.door_code AS addresses_door_code, addresses.landmark AS addresses_landmark, addresses.comment AS addresses_comment, addresses.is_default AS addresses_is_default, addresses.created_at AS addresses_created_at 
FROM addresses 
WHERE addresses.user_id IN (?)
2026-04-08 10:14:43,089 INFO sqlalchemy.engine.Engine [generated in 0.00131s] (1,)
2026-04-08 10:14:43,092 INFO sqlalchemy.engine.Engine SELECT orders.user_id AS orders_user_id, orders.id AS orders_id, orders.address_id AS orders_address_id, orders.branch_id AS orders_branch_id, orders.status AS orders_status, orders.subtotal AS orders_subtotal, orders.delivery_fee AS orders_delivery_fee, orders.discount AS orders_discount, orders.total_amount AS orders_total_amount, orders.payment_method AS orders_payment_method, orders.payment_status AS orders_payment_status, orders.comment AS orders_comment, orders.promo_code AS orders_promo_code, orders.idempotency_key AS orders_idempotency_key, orders.created_at AS orders_created_at, orders.confirmed_at AS orders_confirmed_at, orders.delivered_at AS orders_delivered_at 
FROM orders 
WHERE orders.user_id IN (?)
2026-04-08 10:14:43,093 INFO sqlalchemy.engine.Engine [generated in 0.00067s] (1,)
2026-04-08 10:14:43,096 INFO sqlalchemy.engine.Engine SELECT carts.user_id AS carts_user_id, carts.id AS carts_id, carts.status AS carts_status, carts.created_at AS carts_created_at, carts.updated_at AS carts_updated_at 
FROM carts 
WHERE carts.user_id IN (?)
2026-04-08 10:14:43,097 INFO sqlalchemy.engine.Engine [generated in 0.00072s] (1,)
2026-04-08 10:14:43,098 INFO sqlalchemy.engine.Engine ROLLBACK
2026-04-08 10:32:59,650 INFO sqlalchemy.engine.Engine BEGIN (implicit)
2026-04-08 10:32:59,650 INFO sqlalchemy.engine.Engine SELECT users.id, users.telegram_id, users.first_name, users.last_name, users.username, users.phone, users.language, users.is_active, users.is_admin, users.created_at, users.updated_at 
FROM users 
WHERE users.telegram_id = ?
2026-04-08 10:32:59,651 INFO sqlalchemy.engine.Engine [cached since 1097s ago] (6412887832,)
2026-04-08 10:32:59,653 INFO sqlalchemy.engine.Engine SELECT addresses.user_id AS addresses_user_id, addresses.id AS addresses_id, addresses.title AS addresses_title, addresses.address_line AS addresses_address_line, addresses.lat AS addresses_lat, addresses.lng AS addresses_lng, addresses.apartment AS addresses_apartment, addresses.floor AS addresses_floor, addresses.entrance AS addresses_entrance, addresses.door_code AS addresses_door_code, addresses.landmark AS addresses_landmark, addresses.comment AS addresses_comment, addresses.is_default AS addresses_is_default, addresses.created_at AS addresses_created_at 
FROM addresses 
WHERE addresses.user_id IN (?)
2026-04-08 10:32:59,654 INFO sqlalchemy.engine.Engine [cached since 1097s ago] (1,)
2026-04-08 10:32:59,656 INFO sqlalchemy.engine.Engine SELECT orders.user_id AS orders_user_id, orders.id AS orders_id, orders.address_id AS orders_address_id, orders.branch_id AS orders_branch_id, orders.status AS orders_status, orders.subtotal AS orders_subtotal, orders.delivery_fee AS orders_delivery_fee, orders.discount AS orders_discount, orders.total_amount AS orders_total_amount, orders.payment_method AS orders_payment_method, orders.payment_status AS orders_payment_status, orders.comment AS orders_comment, orders.promo_code AS orders_promo_code, orders.idempotency_key AS orders_idempotency_key, orders.created_at AS orders_created_at, orders.confirmed_at AS orders_confirmed_at, orders.delivered_at AS orders_delivered_at 
FROM orders 
WHERE orders.user_id IN (?)
2026-04-08 10:32:59,656 INFO sqlalchemy.engine.Engine [cached since 1097s ago] (1,)
2026-04-08 10:32:59,658 INFO sqlalchemy.engine.Engine SELECT carts.user_id AS carts_user_id, carts.id AS carts_id, carts.status AS carts_status, carts.created_at AS carts_created_at, carts.updated_at AS carts_updated_at 
FROM carts 
WHERE carts.user_id IN (?)
2026-04-08 10:32:59,659 INFO sqlalchemy.engine.Engine [cached since 1097s ago] (1,)
2026-04-08 10:32:59,660 INFO sqlalchemy.engine.Engine ROLLBACK
