Using DATABASE_URL=sqlite+aiosqlite:///./food_delivery.db
Using REDIS_URL=redis://localhost:6379/0
Using WEBAPP_URL=http://localhost:8000/webapp/
Using npm cache=C:\Users\Roma\Desktop\FoodExpressBot\food_delivery\.npm-cache
Using DEV_RELOAD=0
Using DEV_TUNNEL_PROVIDER=auto
Starting cloudflared quick tunnel ...
[cloudflared] 2026-04-13T05:58:30Z INF Thank you for trying Cloudflare Tunnel. Doing so, without a Cloudflare account, is a quick way to experiment and try it out. However, be aware that these account-less Tunnels have no uptime guarantee, are subject to the Cloudflare Online Services Terms of Use (https://www.cloudflare.com/website-terms/), and Cloudflare reserves the right to investigate your use of Tunnels for violations of such terms. If you intend to use Tunnels in production you should use a pre-created named tunnel by following: https://developers.cloudflare.com/cloudflare-one/connections/connect-apps
[cloudflared] 2026-04-13T05:58:30Z INF Requesting new quick Tunnel on trycloudflare.com...
[cloudflared] 2026-04-13T05:58:35Z INF +--------------------------------------------------------------------------------------------+
[cloudflared] 2026-04-13T05:58:35Z INF |  Your quick Tunnel has been created! Visit it at (it may take some time to be reachable):  |
[cloudflared] 2026-04-13T05:58:35Z INF |  https://smith-effectiveness-postcard-issues.trycloudflare.com                             |
[cloudflared] 2026-04-13T05:58:35Z INF +--------------------------------------------------------------------------------------------+Using BACKEND_URL=https://smith-effectiveness-postcard-issues.trycloudflare.com
[cloudflared] 2026-04-13T05:58:35Z INF Cannot determine default configuration path. No file [config.yml config.yaml] in [~/.cloudflared ~/.cloudflare-warp ~/cloudflare-warp]
[cloudflared] 2026-04-13T05:58:35Z INF Version 2026.3.0 (Checksum 59b12880b24af581cf5b1013db601c7d843b9b097e9c78aa5957c7f39f741885)

Using WEBAPP_URL=https://smith-effectiveness-postcard-issues.trycloudflare.com/webapp/
[cloudflared] 2026-04-13T05:58:35Z INF GOOS: windows, GOVersion: go1.24.13, GoArch: amd64
[cloudflared] 2026-04-13T05:58:35Z INF Settings: map[ha-connections:1 p:http2 protocol:http2 url:http://localhost:8000]
[cloudflared] 2026-04-13T05:58:35Z INF Environmental variables map[DEV_TUNNEL_PROVIDER:auto]
[cloudflared] 2026-04-13T05:58:35Z INF cloudflared will not automatically update on Windows systems.
[cloudflared] 2026-04-13T05:58:35Z INF Generated Connector ID: 6749182c-705e-4376-8e8f-bc13c94ab5bb
[cloudflared] 2026-04-13T05:58:35Z INF Initial protocol http2
[cloudflared] 2026-04-13T05:58:35Z INF ICMP proxy will use 192.168.137.211 as source for IPv4
[cloudflared] 2026-04-13T05:58:35Z INF ICMP proxy will use fe80::36b2:b1fa:989f:6dcb in zone Áĺńďđîâîäíŕ˙ ńĺňü as source for IPv6
[cloudflared] 2026-04-13T05:58:35Z INF cloudflared does not support loading the system root certificate pool on Windows. Please use --origin-ca-pool <PATH> to specify the path to the certificate pool
[cloudflared] 2026-04-13T05:58:35Z INF ICMP proxy will use 192.168.137.211 as source for IPv4
[cloudflared] 2026-04-13T05:58:35Z INF ICMP proxy will use fe80::36b2:b1fa:989f:6dcb in zone Áĺńďđîâîäíŕ˙ ńĺňü as source for IPv6
[cloudflared] 2026-04-13T05:58:35Z INF Starting metrics server on 127.0.0.1:20241/metrics
[cloudflared] 2026-04-13T05:58:36Z INF Registered tunnel connection connIndex=0 connection=e5350f0d-37c9-415f-af85-d6bb1e60cd5d event=0 ip=198.41.192.107 location=dme04 protocol=http2
{"timestamp": "2026-04-13T05:58:36.930151+00:00", "level": "INFO", "message": "application_startup", "module": "main", "logger": "food_delivery.app.main", "extra": {"taskName": "Task-2"}}
{"timestamp": "2026-04-13T05:58:37.939554+00:00", "level": "WARNING", "message": "redis_unavailable", "module": "main", "logger": "food_delivery.app.main", "extra": {"taskName": "Task-2"}}
{"timestamp": "2026-04-13T05:58:38.007914+00:00", "level": "WARNING", "message": "redis_fallback_enabled", "module": "main", "logger": "food_delivery.app.main", "extra": {"taskName": "Task-2"}}
INFO:     87.192.227.94:0 - "GET /health HTTP/1.1" 200 OK
2026-04-13 11:00:50,817 INFO sqlalchemy.engine.Engine BEGIN (implicit)
2026-04-13 11:00:50,850 INFO sqlalchemy.engine.Engine SELECT users.id, users.telegram_id, users.first_name, users.last_name, users.username, users.phone, users.language, users.is_active, users.is_admin, users.created_at, users.updated_at 
FROM users 
WHERE users.telegram_id = ?
2026-04-13 11:00:50,852 INFO sqlalchemy.engine.Engine [generated in 0.00214s] (6412887832,)
2026-04-13 11:00:50,856 INFO sqlalchemy.engine.Engine SELECT carts.user_id AS carts_user_id, carts.id AS carts_id, carts.status AS carts_status, carts.created_at AS carts_created_at, carts.updated_at AS carts_updated_at 
FROM carts 
WHERE carts.user_id IN (?)
2026-04-13 11:00:50,857 INFO sqlalchemy.engine.Engine [generated in 0.00097s] (1,)
2026-04-13 11:00:50,861 INFO sqlalchemy.engine.Engine SELECT addresses.user_id AS addresses_user_id, addresses.id AS addresses_id, addresses.title AS addresses_title, addresses.address_line AS addresses_address_line, addresses.lat AS addresses_lat, addresses.lng AS addresses_lng, addresses.apartment AS addresses_apartment, addresses.floor AS addresses_floor, addresses.entrance AS addresses_entrance, addresses.door_code AS addresses_door_code, addresses.landmark AS addresses_landmark, addresses.comment AS addresses_comment, addresses.is_default AS addresses_is_default, addresses.created_at AS addresses_created_at 
FROM addresses 
WHERE addresses.user_id IN (?)
2026-04-13 11:00:50,862 INFO sqlalchemy.engine.Engine [generated in 0.00109s] (1,)
2026-04-13 11:00:50,866 INFO sqlalchemy.engine.Engine SELECT orders.user_id AS orders_user_id, orders.id AS orders_id, orders.address_id AS orders_address_id, orders.branch_id AS orders_branch_id, orders.status AS orders_status, orders.subtotal AS orders_subtotal, orders.delivery_fee AS orders_delivery_fee, orders.discount AS orders_discount, orders.total_amount AS orders_total_amount, orders.payment_method AS orders_payment_method, orders.payment_status AS orders_payment_status, orders.comment AS orders_comment, orders.promo_code AS orders_promo_code, orders.idempotency_key AS orders_idempotency_key, orders.created_at AS orders_created_at, orders.confirmed_at AS orders_confirmed_at, orders.delivered_at AS orders_delivered_at 
FROM orders 
WHERE orders.user_id IN (?)
2026-04-13 11:00:50,867 INFO sqlalchemy.engine.Engine [generated in 0.00103s] (1,)
2026-04-13 11:00:50,869 INFO sqlalchemy.engine.Engine ROLLBACK
INFO:     87.192.227.94:0 - "GET /webapp/ HTTP/1.1" 200 OK
INFO:     87.192.227.94:0 - "GET /static/css/tokens.css?v=20260409-2 HTTP/1.1" 200 OK
INFO:     87.192.227.94:0 - "GET /static/css/pages.css?v=20260409-2 HTTP/1.1" 200 OK
INFO:     87.192.227.94:0 - "GET /static/css/components.css?v=20260409-2 HTTP/1.1" 200 OK
INFO:     87.192.227.94:0 - "GET /static/js/api.js?v=20260409-2 HTTP/1.1" 200 OK
INFO:     87.192.227.94:0 - "GET /static/js/auth.js?v=20260409-2 HTTP/1.1" 200 OK
INFO:     87.192.227.94:0 - "GET /static/css/base.css?v=20260409-2 HTTP/1.1" 200 OK
INFO:     87.192.227.94:0 - "GET /static/js/animations.js?v=20260409-2 HTTP/1.1" 200 OK
INFO:     87.192.227.94:0 - "GET /static/js/catalog.js?v=20260409-2 HTTP/1.1" 200 OK
{"timestamp": "2026-04-13T06:00:54.697141+00:00", "level": "WARNING", "message": "app_exception", "module": "exceptions", "logger": "food_delivery.app.core.exceptions", "extra": {"taskName": "Task-25", "path": "/api/v1/auth/telegram/init", "code": "UNAUTHORIZED", "detail": "Invalid Telegram initData signature", "field": null}}
INFO:     87.192.227.94:0 - "POST /api/v1/auth/telegram/init HTTP/1.1" 401 Unauthorized
INFO:     87.192.227.94:0 - "GET /favicon.ico HTTP/1.1" 404 Not Found
{"timestamp": "2026-04-13T06:00:54.894360+00:00", "level": "WARNING", "message": "app_exception", "module": "exceptions", "logger": "food_delivery.app.core.exceptions", "extra": {"taskName": "Task-29", "path": "/api/v1/cart", "code": "UNAUTHORIZED", "detail": "Missing credentials", "field": null}}
INFO:     87.192.227.94:0 - "GET /api/v1/cart HTTP/1.1" 401 Unauthorized
{"timestamp": "2026-04-13T06:00:54.896118+00:00", "level": "DEBUG", "message": "executing <function connect.<locals>.connector at 0x000001C28A6B4180>", "module": "core", "logger": "aiosqlite", "extra": {"taskName": null}}
{"timestamp": "2026-04-13T06:00:54.897492+00:00", "level": "DEBUG", "message": "operation <function connect.<locals>.connector at 0x000001C28A6B4180> completed", "module": "core", "logger": "aiosqlite", "extra": {"taskName": null}}
{"timestamp": "2026-04-13T06:00:54.898381+00:00", "level": "DEBUG", "message": "executing functools.partial(<built-in method create_function of sqlite3.Connection object at 0x000001C28A6BC310>, 'regexp', 2, <function SQLiteDialect_pysqlite.on_connect.<locals>.regexp at 0x000001C289B43E20>, deterministic=True)", "module": "core", "logger": "aiosqlite", "extra": {"taskName": null}}
{"timestamp": "2026-04-13T06:00:54.899087+00:00", "level": "DEBUG", "message": "operation functools.partial(<built-in method create_function of sqlite3.Connection object at 0x000001C28A6BC310>, 'regexp', 2, <function SQLiteDialect_pysqlite.on_connect.<locals>.regexp at 0x000001C289B43E20>, deterministic=True) completed", "module": "core", "logger": "aiosqlite", "extra": {"taskName": null}}
{"timestamp": "2026-04-13T06:00:54.899730+00:00", "level": "DEBUG", "message": "executing functools.partial(<built-in method create_function of sqlite3.Connection object at 0x000001C28A6BC310>, 'floor', 1, <built-in function floor>, deterministic=True)", "module": "core", "logger": "aiosqlite", "extra": {"taskName": null}}
{"timestamp": "2026-04-13T06:00:54.900212+00:00", "level": "DEBUG", "message": "operation functools.partial(<built-in method create_function of sqlite3.Connection object at 0x000001C28A6BC310>, 'floor', 1, <built-in function floor>, deterministic=True) completed", "module": "core", "logger": "aiosqlite", "extra": {"taskName": null}}
{"timestamp": "2026-04-13T06:00:54.900987+00:00", "level": "DEBUG", "message": "executing functools.partial(<built-in method cursor of sqlite3.Connection object at 0x000001C28A6BC310>)", "module": "core", "logger": "aiosqlite", "extra": {"taskName": null}}
{"timestamp": "2026-04-13T06:00:54.901543+00:00", "level": "DEBUG", "message": "operation functools.partial(<built-in method cursor of sqlite3.Connection object at 0x000001C28A6BC310>) completed", "module": "core", "logger": "aiosqlite", "extra": {"taskName": null}}
{"timestamp": "2026-04-13T06:00:54.902511+00:00", "level": "DEBUG", "message": "executing functools.partial(<built-in method execute of sqlite3.Cursor object at 0x000001C28A68BDC0>, 'PRAGMA read_uncommitted', [])", "module": "core", "logger": "aiosqlite", "extra": {"taskName": null}}
{"timestamp": "2026-04-13T06:00:54.903131+00:00", "level": "DEBUG", "message": "operation functools.partial(<built-in method execute of sqlite3.Cursor object at 0x000001C28A68BDC0>, 'PRAGMA read_uncommitted', []) completed", "module": "core", "logger": "aiosqlite", "extra": {"taskName": null}}
{"timestamp": "2026-04-13T06:00:54.903801+00:00", "level": "DEBUG", "message": "executing functools.partial(<built-in method fetchall of sqlite3.Cursor object at 0x000001C28A68BDC0>)", "module": "core", "logger": "aiosqlite", "extra": {"taskName": null}}
{"timestamp": "2026-04-13T06:00:54.904247+00:00", "level": "DEBUG", "message": "operation functools.partial(<built-in method fetchall of sqlite3.Cursor object at 0x000001C28A68BDC0>) completed", "module": "core", "logger": "aiosqlite", "extra": {"taskName": null}}
{"timestamp": "2026-04-13T06:00:54.904828+00:00", "level": "DEBUG", "message": "executing functools.partial(<built-in method close of sqlite3.Cursor object at 0x000001C28A68BDC0>)", "module": "core", "logger": "aiosqlite", "extra": {"taskName": null}}
{"timestamp": "2026-04-13T06:00:54.905223+00:00", "level": "DEBUG", "message": "operation functools.partial(<built-in method close of sqlite3.Cursor object at 0x000001C28A68BDC0>) completed", "module": "core", "logger": "aiosqlite", "extra": {"taskName": null}}
{"timestamp": "2026-04-13T06:00:54.905774+00:00", "level": "DEBUG", "message": "executing functools.partial(<built-in method rollback of sqlite3.Connection object at 0x000001C28A6BC310>)", "module": "core", "logger": "aiosqlite", "extra": {"taskName": null}}
{"timestamp": "2026-04-13T06:00:54.906216+00:00", "level": "DEBUG", "message": "operation functools.partial(<built-in method rollback of sqlite3.Connection object at 0x000001C28A6BC310>) completed", "module": "core", "logger": "aiosqlite", "extra": {"taskName": null}}
2026-04-13 11:00:54,907 INFO sqlalchemy.engine.Engine BEGIN (implicit)
{"timestamp": "2026-04-13T06:00:54.907496+00:00", "level": "INFO", "message": "BEGIN (implicit)", "module": "base", "logger": "sqlalchemy.engine.Engine", "extra": {"taskName": "Task-28"}}
2026-04-13 11:00:54,959 INFO sqlalchemy.engine.Engine SELECT categories.id, categories.name_uz, categories.name_ru, categories.image_url, categories.sort_order, categories.is_active 
FROM categories 
WHERE categories.is_active IS 1 ORDER BY categories.sort_order, categories.id
{"timestamp": "2026-04-13T06:00:54.960870+00:00", "level": "INFO", "message": "SELECT categories.id, categories.name_uz, categories.name_ru, categories.image_url, categories.sort_order, categories.is_active \nFROM categories \nWHERE categories.is_active IS 1 ORDER BY categories.sort_order, categories.id", "module": "base", "logger": "sqlalchemy.engine.Engine", "extra": {"taskName": "Task-28"}}
2026-04-13 11:00:54,961 INFO sqlalchemy.engine.Engine [generated in 0.00212s] ()
{"timestamp": "2026-04-13T06:00:54.961949+00:00", "level": "INFO", "message": "[generated in 0.00212s] ()", "module": "base", "logger": "sqlalchemy.engine.Engine", "extra": {"taskName": "Task-28"}}
{"timestamp": "2026-04-13T06:00:54.962564+00:00", "level": "DEBUG", "message": "executing functools.partial(<built-in method cursor of sqlite3.Connection object at 0x000001C28A6BC310>)", "module": "core", "logger": "aiosqlite", "extra": {"taskName": null}}
{"timestamp": "2026-04-13T06:00:54.963022+00:00", "level": "DEBUG", "message": "operation functools.partial(<built-in method cursor of sqlite3.Connection object at 0x000001C28A6BC310>) completed", "module": "core", "logger": "aiosqlite", "extra": {"taskName": null}}
{"timestamp": "2026-04-13T06:00:54.963769+00:00", "level": "DEBUG", "message": "executing functools.partial(<built-in method execute of sqlite3.Cursor object at 0x000001C28A68BC40>, 'SELECT categories.id, categories.name_uz, categories.name_ru, categories.image_url, categories.sort_order, categories.is_active \\nFROM categories \\nWHERE categories.is_active IS 1 ORDER BY categories.sort_order, categories.id', ())", "module": "core", "logger": "aiosqlite", "extra": {"taskName": null}}
{"timestamp": "2026-04-13T06:00:54.965140+00:00", "level": "DEBUG", "message": "operation functools.partial(<built-in method execute of sqlite3.Cursor object at 0x000001C28A68BC40>, 'SELECT categories.id, categories.name_uz, categories.name_ru, categories.image_url, categories.sort_order, categories.is_active \\nFROM categories \\nWHERE categories.is_active IS 1 ORDER BY categories.sort_order, categories.id', ()) completed", "module": "core", "logger": "aiosqlite", "extra": {"taskName": null}}
{"timestamp": "2026-04-13T06:00:54.965847+00:00", "level": "DEBUG", "message": "executing functools.partial(<built-in method fetchall of sqlite3.Cursor object at 0x000001C28A68BC40>)", "module": "core", "logger": "aiosqlite", "extra": {"taskName": null}}
{"timestamp": "2026-04-13T06:00:54.966322+00:00", "level": "DEBUG", "message": "operation functools.partial(<built-in method fetchall of sqlite3.Cursor object at 0x000001C28A68BC40>) completed", "module": "core", "logger": "aiosqlite", "extra": {"taskName": null}}
{"timestamp": "2026-04-13T06:00:54.967019+00:00", "level": "DEBUG", "message": "executing functools.partial(<built-in method close of sqlite3.Cursor object at 0x000001C28A68BC40>)", "module": "core", "logger": "aiosqlite", "extra": {"taskName": null}}
{"timestamp": "2026-04-13T06:00:54.967501+00:00", "level": "DEBUG", "message": "operation functools.partial(<built-in method close of sqlite3.Cursor object at 0x000001C28A68BC40>) completed", "module": "core", "logger": "aiosqlite", "extra": {"taskName": null}}
2026-04-13 11:00:54,972 INFO sqlalchemy.engine.Engine SELECT products.category_id AS products_category_id, products.id AS products_id, products.name_uz AS products_name_uz, products.name_ru AS products_name_ru, products.description_uz AS products_description_uz, products.description_ru AS products_description_ru, products.base_price AS products_base_price, products.weight_grams AS products_weight_grams, products.is_active AS products_is_active, products.image_url AS products_image_url 
FROM products 
WHERE products.category_id IN (?, ?, ?, ?, ?)
{"timestamp": "2026-04-13T06:00:54.973091+00:00", "level": "INFO", "message": "SELECT products.category_id AS products_category_id, products.id AS products_id, products.name_uz AS products_name_uz, products.name_ru AS products_name_ru, products.description_uz AS products_description_uz, products.description_ru AS products_description_ru, products.base_price AS products_base_price, products.weight_grams AS products_weight_grams, products.is_active AS products_is_active, products.image_url AS products_image_url \nFROM products \nWHERE products.category_id IN (?, ?, ?, ?, ?)", "module": "base", "logger": "sqlalchemy.engine.Engine", "extra": {"taskName": "Task-28"}}
2026-04-13 11:00:54,973 INFO sqlalchemy.engine.Engine [generated in 0.00118s] (1, 2, 3, 4, 5)
{"timestamp": "2026-04-13T06:00:54.974051+00:00", "level": "INFO", "message": "[generated in 0.00118s] (1, 2, 3, 4, 5)", "module": "base", "logger": "sqlalchemy.engine.Engine", "extra": {"taskName": "Task-28"}}
{"timestamp": "2026-04-13T06:00:54.974665+00:00", "level": "DEBUG", "message": "executing functools.partial(<built-in method cursor of sqlite3.Connection object at 0x000001C28A6BC310>)", "module": "core", "logger": "aiosqlite", "extra": {"taskName": null}}
{"timestamp": "2026-04-13T06:00:54.975355+00:00", "level": "DEBUG", "message": "operation functools.partial(<built-in method cursor of sqlite3.Connection object at 0x000001C28A6BC310>) completed", "module": "core", "logger": "aiosqlite", "extra": {"taskName": null}}
{"timestamp": "2026-04-13T06:00:54.976231+00:00", "level": "DEBUG", "message": "executing functools.partial(<built-in method execute of sqlite3.Cursor object at 0x000001C28A7585C0>, 'SELECT products.category_id AS products_category_id, products.id AS products_id, products.name_uz AS products_name_uz, products.name_ru AS products_name_ru, products.description_uz AS products_description_uz, products.description_ru AS products_description_ru, products.base_price AS products_base_price, products.weight_grams AS products_weight_grams, products.is_active AS products_is_active, products.image_url AS products_image_url \\nFROM products \\nWHERE products.category_id IN (?, ?, ?, ?, ?)', (1, 2, 3, 4, 5))", "module": "core", "logger": "aiosqlite", "extra": {"taskName": null}}
{"timestamp": "2026-04-13T06:00:54.977362+00:00", "level": "DEBUG", "message": "operation functools.partial(<built-in method execute of sqlite3.Cursor object at 0x000001C28A7585C0>, 'SELECT products.category_id AS products_category_id, products.id AS products_id, products.name_uz AS products_name_uz, products.name_ru AS products_name_ru, products.description_uz AS products_description_uz, products.description_ru AS products_description_ru, products.base_price AS products_base_price, products.weight_grams AS products_weight_grams, products.is_active AS products_is_active, products.image_url AS products_image_url \\nFROM products \\nWHERE products.category_id IN (?, ?, ?, ?, ?)', (1, 2, 3, 4, 5)) completed", "module": "core", "logger": "aiosqlite", "extra": {"taskName": null}}
{"timestamp": "2026-04-13T06:00:54.978332+00:00", "level": "DEBUG", "message": "executing functools.partial(<built-in method fetchall of sqlite3.Cursor object at 0x000001C28A7585C0>)", "module": "core", "logger": "aiosqlite", "extra": {"taskName": null}}
{"timestamp": "2026-04-13T06:00:54.979274+00:00", "level": "DEBUG", "message": "operation functools.partial(<built-in method fetchall of sqlite3.Cursor object at 0x000001C28A7585C0>) completed", "module": "core", "logger": "aiosqlite", "extra": {"taskName": null}}
{"timestamp": "2026-04-13T06:00:54.979918+00:00", "level": "DEBUG", "message": "executing functools.partial(<built-in method close of sqlite3.Cursor object at 0x000001C28A7585C0>)", "module": "core", "logger": "aiosqlite", "extra": {"taskName": null}}
{"timestamp": "2026-04-13T06:00:54.980357+00:00", "level": "DEBUG", "message": "operation functools.partial(<built-in method close of sqlite3.Cursor object at 0x000001C28A7585C0>) completed", "module": "core", "logger": "aiosqlite", "extra": {"taskName": null}}
2026-04-13 11:00:54,983 INFO sqlalchemy.engine.Engine SELECT product_variants.product_id AS product_variants_product_id, product_variants.id AS product_variants_id, product_variants.name_uz AS product_variants_name_uz, product_variants.name_ru AS product_variants_name_ru, product_variants.price AS product_variants_price, product_variants.weight_grams AS product_variants_weight_grams, product_variants.is_default AS product_variants_is_default 
FROM product_variants 
WHERE product_variants.product_id IN (?, ?, ?, ?, ?, ?, ?, ?, ?, ?, ?, ?, ?, ?, ?, ?, ?, ?, ?, ?, ?, ?, ?, ?, ?, ?, ?, ?, ?, ?, ?, ?, ?, ?, ?, ?, ?, ?, ?, ?)
{"timestamp": "2026-04-13T06:00:54.984624+00:00", "level": "INFO", "message": "SELECT product_variants.product_id AS product_variants_product_id, product_variants.id AS product_variants_id, product_variants.name_uz AS product_variants_name_uz, product_variants.name_ru AS product_variants_name_ru, product_variants.price AS product_variants_price, product_variants.weight_grams AS product_variants_weight_grams, product_variants.is_default AS product_variants_is_default \nFROM product_variants \nWHERE product_variants.product_id IN (?, ?, ?, ?, ?, ?, ?, ?, ?, ?, ?, ?, ?, ?, ?, ?, ?, ?, ?, ?, ?, ?, ?, ?, ?, ?, ?, ?, ?, ?, ?, ?, ?, ?, ?, ?, ?, ?, ?, ?)", "module": "base", "logger": "sqlalchemy.engine.Engine", "extra": {"taskName": "Task-28"}}
2026-04-13 11:00:54,985 INFO sqlalchemy.engine.Engine [generated in 0.00151s] (1, 2, 3, 4, 21, 22, 23, 24, 5, 6, 7, 8, 25, 26, 27, 28, 9, 10, 11, 12, 29, 30, 31, 32, 13, 14, 15, 16, 33, 34, 35, 36, 17, 18, 19, 20, 37, 38, 39, 40)
{"timestamp": "2026-04-13T06:00:54.985853+00:00", "level": "INFO", "message": "[generated in 0.00151s] (1, 2, 3, 4, 21, 22, 23, 24, 5, 6, 7, 8, 25, 26, 27, 28, 9, 10, 11, 12, 29, 30, 31, 32, 13, 14, 15, 16, 33, 34, 35, 36, 17, 18, 19, 20, 37, 38, 39, 40)", "module": "base", "logger": "sqlalchemy.engine.Engine", "extra": {"taskName": "Task-28"}}
{"timestamp": "2026-04-13T06:00:54.986506+00:00", "level": "DEBUG", "message": "executing functools.partial(<built-in method cursor of sqlite3.Connection object at 0x000001C28A6BC310>)", "module": "core", "logger": "aiosqlite", "extra": {"taskName": null}}
{"timestamp": "2026-04-13T06:00:54.987040+00:00", "level": "DEBUG", "message": "operation functools.partial(<built-in method cursor of sqlite3.Connection object at 0x000001C28A6BC310>) completed", "module": "core", "logger": "aiosqlite", "extra": {"taskName": null}}
{"timestamp": "2026-04-13T06:00:54.987750+00:00", "level": "DEBUG", "message": "executing functools.partial(<built-in method execute of sqlite3.Cursor object at 0x000001C28A803E40>, 'SELECT product_variants.product_id AS product_variants_product_id, product_variants.id AS product_variants_id, product_variants.name_uz AS product_variants_name_uz, product_variants.name_ru AS product_variants_name_ru, product_variants.price AS product_variants_price, product_variants.weight_grams AS product_variants_weight_grams, product_variants.is_default AS product_variants_is_default \\nFROM product_variants \\nWHERE product_variants.product_id IN (?, ?, ?, ?, ?, ?, ?, ?, ?, ?, ?, ?, ?, ?, ?, ?, ?, ?, ?, ?, ?, ?, ?, ?, ?, ?, ?, ?, ?, ?, ?, ?, ?, ?, ?, ?, ?, ?, ?, ?)', (1, 2, 3, 4, 21, 22, 23, 24, 5, 6, 7, 8, 25, 26, 27, 28, 9, 10, 11, 12, 29, 30, 31, 32, 13, 14, 15, 16, 33, 34, 35, 36, 17, 18, 19, 20, 37, 38, 39, 40))", "module": "core", "logger": "aiosqlite", "extra": {"taskName": null}}
{"timestamp": "2026-04-13T06:00:54.988552+00:00", "level": "DEBUG", "message": "operation functools.partial(<built-in method execute of sqlite3.Cursor object at 0x000001C28A803E40>, 'SELECT product_variants.product_id AS product_variants_product_id, product_variants.id AS product_variants_id, product_variants.name_uz AS product_variants_name_uz, product_variants.name_ru AS product_variants_name_ru, product_variants.price AS product_variants_price, product_variants.weight_grams AS product_variants_weight_grams, product_variants.is_default AS product_variants_is_default \\nFROM product_variants \\nWHERE product_variants.product_id IN (?, ?, ?, ?, ?, ?, ?, ?, ?, ?, ?, ?, ?, ?, ?, ?, ?, ?, ?, ?, ?, ?, ?, ?, ?, ?, ?, ?, ?, ?, ?, ?, ?, ?, ?, ?, ?, ?, ?, ?)', (1, 2, 3, 4, 21, 22, 23, 24, 5, 6, 7, 8, 25, 26, 27, 28, 9, 10, 11, 12, 29, 30, 31, 32, 13, 14, 15, 16, 33, 34, 35, 36, 17, 18, 19, 20, 37, 38, 39, 40)) completed", "module": "core", "logger": "aiosqlite", "extra": {"taskName": null}}
{"timestamp": "2026-04-13T06:00:54.989214+00:00", "level": "DEBUG", "message": "executing functools.partial(<built-in method fetchall of sqlite3.Cursor object at 0x000001C28A803E40>)", "module": "core", "logger": "aiosqlite", "extra": {"taskName": null}}
{"timestamp": "2026-04-13T06:00:54.989900+00:00", "level": "DEBUG", "message": "operation functools.partial(<built-in method fetchall of sqlite3.Cursor object at 0x000001C28A803E40>) completed", "module": "core", "logger": "aiosqlite", "extra": {"taskName": null}}
{"timestamp": "2026-04-13T06:00:54.990498+00:00", "level": "DEBUG", "message": "executing functools.partial(<built-in method close of sqlite3.Cursor object at 0x000001C28A803E40>)", "module": "core", "logger": "aiosqlite", "extra": {"taskName": null}}
{"timestamp": "2026-04-13T06:00:54.990951+00:00", "level": "DEBUG", "message": "operation functools.partial(<built-in method close of sqlite3.Cursor object at 0x000001C28A803E40>) completed", "module": "core", "logger": "aiosqlite", "extra": {"taskName": null}}
2026-04-13 11:00:54,996 INFO sqlalchemy.engine.Engine SELECT product_modifiers.product_id AS product_modifiers_product_id, product_modifiers.id AS product_modifiers_id, product_modifiers.name_uz AS product_modifiers_name_uz, product_modifiers.name_ru AS product_modifiers_name_ru, product_modifiers.price_delta AS product_modifiers_price_delta, product_modifiers.is_required AS product_modifiers_is_required 
FROM product_modifiers 
WHERE product_modifiers.product_id IN (?, ?, ?, ?, ?, ?, ?, ?, ?, ?, ?, ?, ?, ?, ?, ?, ?, ?, ?, ?, ?, ?, ?, ?, ?, ?, ?, ?, ?, ?, ?, ?, ?, ?, ?, ?, ?, ?, ?, ?)
{"timestamp": "2026-04-13T06:00:54.997476+00:00", "level": "INFO", "message": "SELECT product_modifiers.product_id AS product_modifiers_product_id, product_modifiers.id AS product_modifiers_id, product_modifiers.name_uz AS product_modifiers_name_uz, product_modifiers.name_ru AS product_modifiers_name_ru, product_modifiers.price_delta AS product_modifiers_price_delta, product_modifiers.is_required AS product_modifiers_is_required \nFROM product_modifiers \nWHERE product_modifiers.product_id IN (?, ?, ?, ?, ?, ?, ?, ?, ?, ?, ?, ?, ?, ?, ?, ?, ?, ?, ?, ?, ?, ?, ?, ?, ?, ?, ?, ?, ?, ?, ?, ?, ?, ?, ?, ?, ?, ?, ?, ?)", "module": "base", "logger": "sqlalchemy.engine.Engine", "extra": {"taskName": "Task-28"}}
2026-04-13 11:00:54,997 INFO sqlalchemy.engine.Engine [generated in 0.00131s] (1, 2, 3, 4, 21, 22, 23, 24, 5, 6, 7, 8, 25, 26, 27, 28, 9, 10, 11, 12, 29, 30, 31, 32, 13, 14, 15, 16, 33, 34, 35, 36, 17, 18, 19, 20, 37, 38, 39, 40)
{"timestamp": "2026-04-13T06:00:54.998402+00:00", "level": "INFO", "message": "[generated in 0.00131s] (1, 2, 3, 4, 21, 22, 23, 24, 5, 6, 7, 8, 25, 26, 27, 28, 9, 10, 11, 12, 29, 30, 31, 32, 13, 14, 15, 16, 33, 34, 35, 36, 17, 18, 19, 20, 37, 38, 39, 40)", "module": "base", "logger": "sqlalchemy.engine.Engine", "extra": {"taskName": "Task-28"}}
{"timestamp": "2026-04-13T06:00:54.999022+00:00", "level": "DEBUG", "message": "executing functools.partial(<built-in method cursor of sqlite3.Connection object at 0x000001C28A6BC310>)", "module": "core", "logger": "aiosqlite", "extra": {"taskName": null}}
{"timestamp": "2026-04-13T06:00:54.999487+00:00", "level": "DEBUG", "message": "operation functools.partial(<built-in method cursor of sqlite3.Connection object at 0x000001C28A6BC310>) completed", "module": "core", "logger": "aiosqlite", "extra": {"taskName": null}}
{"timestamp": "2026-04-13T06:00:55.000222+00:00", "level": "DEBUG", "message": "executing functools.partial(<built-in method execute of sqlite3.Cursor object at 0x000001C28A847AC0>, 'SELECT product_modifiers.product_id AS product_modifiers_product_id, product_modifiers.id AS product_modifiers_id, product_modifiers.name_uz AS product_modifiers_name_uz, product_modifiers.name_ru AS product_modifiers_name_ru, product_modifiers.price_delta AS product_modifiers_price_delta, product_modifiers.is_required AS product_modifiers_is_required \\nFROM product_modifiers \\nWHERE product_modifiers.product_id IN (?, ?, ?, ?, ?, ?, ?, ?, ?, ?, ?, ?, ?, ?, ?, ?, ?, ?, ?, ?, ?, ?, ?, ?, ?, ?, ?, ?, ?, ?, ?, ?, ?, ?, ?, ?, ?, ?, ?, ?)', (1, 2, 3, 4, 21, 22, 23, 24, 5, 6, 7, 8, 25, 26, 27, 28, 9, 10, 11, 12, 29, 30, 31, 32, 13, 14, 15, 16, 33, 34, 35, 36, 17, 18, 19, 20, 37, 38, 39, 40))", "module": "core", "logger": "aiosqlite", "extra": {"taskName": null}}
{"timestamp": "2026-04-13T06:00:55.001141+00:00", "level": "DEBUG", "message": "operation functools.partial(<built-in method execute of sqlite3.Cursor object at 0x000001C28A847AC0>, 'SELECT product_modifiers.product_id AS product_modifiers_product_id, product_modifiers.id AS product_modifiers_id, product_modifiers.name_uz AS product_modifiers_name_uz, product_modifiers.name_ru AS product_modifiers_name_ru, product_modifiers.price_delta AS product_modifiers_price_delta, product_modifiers.is_required AS product_modifiers_is_required \\nFROM product_modifiers \\nWHERE product_modifiers.product_id IN (?, ?, ?, ?, ?, ?, ?, ?, ?, ?, ?, ?, ?, ?, ?, ?, ?, ?, ?, ?, ?, ?, ?, ?, ?, ?, ?, ?, ?, ?, ?, ?, ?, ?, ?, ?, ?, ?, ?, ?)', (1, 2, 3, 4, 21, 22, 23, 24, 5, 6, 7, 8, 25, 26, 27, 28, 9, 10, 11, 12, 29, 30, 31, 32, 13, 14, 15, 16, 33, 34, 35, 36, 17, 18, 19, 20, 37, 38, 39, 40)) completed", "module": "core", "logger": "aiosqlite", "extra": {"taskName": null}}
{"timestamp": "2026-04-13T06:00:55.002176+00:00", "level": "DEBUG", "message": "executing functools.partial(<built-in method fetchall of sqlite3.Cursor object at 0x000001C28A847AC0>)", "module": "core", "logger": "aiosqlite", "extra": {"taskName": null}}
{"timestamp": "2026-04-13T06:00:55.002845+00:00", "level": "DEBUG", "message": "operation functools.partial(<built-in method fetchall of sqlite3.Cursor object at 0x000001C28A847AC0>) completed", "module": "core", "logger": "aiosqlite", "extra": {"taskName": null}}
{"timestamp": "2026-04-13T06:00:55.003565+00:00", "level": "DEBUG", "message": "executing functools.partial(<built-in method close of sqlite3.Cursor object at 0x000001C28A847AC0>)", "module": "core", "logger": "aiosqlite", "extra": {"taskName": null}}
{"timestamp": "2026-04-13T06:00:55.004000+00:00", "level": "DEBUG", "message": "operation functools.partial(<built-in method close of sqlite3.Cursor object at 0x000001C28A847AC0>) completed", "module": "core", "logger": "aiosqlite", "extra": {"taskName": null}}
2026-04-13 11:00:55,008 INFO sqlalchemy.engine.Engine COMMIT
{"timestamp": "2026-04-13T06:00:55.008562+00:00", "level": "INFO", "message": "COMMIT", "module": "base", "logger": "sqlalchemy.engine.Engine", "extra": {"taskName": "Task-28"}}
{"timestamp": "2026-04-13T06:00:55.009129+00:00", "level": "DEBUG", "message": "executing functools.partial(<built-in method commit of sqlite3.Connection object at 0x000001C28A6BC310>)", "module": "core", "logger": "aiosqlite", "extra": {"taskName": null}}
{"timestamp": "2026-04-13T06:00:55.009592+00:00", "level": "DEBUG", "message": "operation functools.partial(<built-in method commit of sqlite3.Connection object at 0x000001C28A6BC310>) completed", "module": "core", "logger": "aiosqlite", "extra": {"taskName": null}}
{"timestamp": "2026-04-13T06:00:55.011147+00:00", "level": "DEBUG", "message": "executing functools.partial(<built-in method rollback of sqlite3.Connection object at 0x000001C28A6BC310>)", "module": "core", "logger": "aiosqlite", "extra": {"taskName": null}}
{"timestamp": "2026-04-13T06:00:55.011642+00:00", "level": "DEBUG", "message": "operation functools.partial(<built-in method rollback of sqlite3.Connection object at 0x000001C28A6BC310>) completed", "module": "core", "logger": "aiosqlite", "extra": {"taskName": null}}
INFO:     87.192.227.94:0 - "GET /api/v1/categories HTTP/1.1" 200 OK
{"timestamp": "2026-04-13T06:00:55.161510+00:00", "level": "WARNING", "message": "app_exception", "module": "exceptions", "logger": "food_delivery.app.core.exceptions", "extra": {"taskName": "Task-32", "path": "/api/v1/auth/telegram/init", "code": "UNAUTHORIZED", "detail": "Invalid Telegram initData signature", "field": null}}
INFO:     87.192.227.94:0 - "POST /api/v1/auth/telegram/init HTTP/1.1" 401 Unauthorized
{"timestamp": "2026-04-13T06:00:55.279851+00:00", "level": "WARNING", "message": "app_exception", "module": "exceptions", "logger": "food_delivery.app.core.exceptions", "extra": {"taskName": "Task-34", "path": "/api/v1/cart", "code": "UNAUTHORIZED", "detail": "Missing credentials", "field": null}}
INFO:     87.192.227.94:0 - "GET /api/v1/cart HTTP/1.1" 401 Unauthorized
{"timestamp": "2026-04-13T06:00:55.281263+00:00", "level": "DEBUG", "message": "executing functools.partial(<built-in method cursor of sqlite3.Connection object at 0x000001C28A6BC310>)", "module": "core", "logger": "aiosqlite", "extra": {"taskName": null}}
{"timestamp": "2026-04-13T06:00:55.282045+00:00", "level": "DEBUG", "message": "operation functools.partial(<built-in method cursor of sqlite3.Connection object at 0x000001C28A6BC310>) completed", "module": "core", "logger": "aiosqlite", "extra": {"taskName": null}}
{"timestamp": "2026-04-13T06:00:55.282779+00:00", "level": "DEBUG", "message": "executing functools.partial(<built-in method execute of sqlite3.Cursor object at 0x000001C28A858340>, 'SELECT 1', [])", "module": "core", "logger": "aiosqlite", "extra": {"taskName": null}}
{"timestamp": "2026-04-13T06:00:55.283213+00:00", "level": "DEBUG", "message": "operation functools.partial(<built-in method execute of sqlite3.Cursor object at 0x000001C28A858340>, 'SELECT 1', []) completed", "module": "core", "logger": "aiosqlite", "extra": {"taskName": null}}
{"timestamp": "2026-04-13T06:00:55.284000+00:00", "level": "DEBUG", "message": "executing functools.partial(<built-in method fetchall of sqlite3.Cursor object at 0x000001C28A858340>)", "module": "core", "logger": "aiosqlite", "extra": {"taskName": null}}
{"timestamp": "2026-04-13T06:00:55.284496+00:00", "level": "DEBUG", "message": "operation functools.partial(<built-in method fetchall of sqlite3.Cursor object at 0x000001C28A858340>) completed", "module": "core", "logger": "aiosqlite", "extra": {"taskName": null}}
{"timestamp": "2026-04-13T06:00:55.285271+00:00", "level": "DEBUG", "message": "executing functools.partial(<built-in method close of sqlite3.Cursor object at 0x000001C28A858340>)", "module": "core", "logger": "aiosqlite", "extra": {"taskName": null}}
{"timestamp": "2026-04-13T06:00:55.285696+00:00", "level": "DEBUG", "message": "operation functools.partial(<built-in method close of sqlite3.Cursor object at 0x000001C28A858340>) completed", "module": "core", "logger": "aiosqlite", "extra": {"taskName": null}}
2026-04-13 11:00:55,286 INFO sqlalchemy.engine.Engine BEGIN (implicit)
{"timestamp": "2026-04-13T06:00:55.287027+00:00", "level": "INFO", "message": "BEGIN (implicit)", "module": "base", "logger": "sqlalchemy.engine.Engine", "extra": {"taskName": "Task-35"}}
2026-04-13 11:00:55,289 INFO sqlalchemy.engine.Engine SELECT count(products.id) AS count_1 
FROM products 
WHERE products.is_active IS 1
{"timestamp": "2026-04-13T06:00:55.289818+00:00", "level": "INFO", "message": "SELECT count(products.id) AS count_1 \nFROM products \nWHERE products.is_active IS 1", "module": "base", "logger": "sqlalchemy.engine.Engine", "extra": {"taskName": "Task-35"}}
2026-04-13 11:00:55,290 INFO sqlalchemy.engine.Engine [generated in 0.00107s] ()
{"timestamp": "2026-04-13T06:00:55.290668+00:00", "level": "INFO", "message": "[generated in 0.00107s] ()", "module": "base", "logger": "sqlalchemy.engine.Engine", "extra": {"taskName": "Task-35"}}
{"timestamp": "2026-04-13T06:00:55.291175+00:00", "level": "DEBUG", "message": "executing functools.partial(<built-in method cursor of sqlite3.Connection object at 0x000001C28A6BC310>)", "module": "core", "logger": "aiosqlite", "extra": {"taskName": null}}
{"timestamp": "2026-04-13T06:00:55.291471+00:00", "level": "DEBUG", "message": "operation functools.partial(<built-in method cursor of sqlite3.Connection object at 0x000001C28A6BC310>) completed", "module": "core", "logger": "aiosqlite", "extra": {"taskName": null}}
{"timestamp": "2026-04-13T06:00:55.292290+00:00", "level": "DEBUG", "message": "executing functools.partial(<built-in method execute of sqlite3.Cursor object at 0x000001C28A6B3B40>, 'SELECT count(products.id) AS count_1 \\nFROM products \\nWHERE products.is_active IS 1', ())", "module": "core", "logger": "aiosqlite", "extra": {"taskName": null}}
{"timestamp": "2026-04-13T06:00:55.293212+00:00", "level": "DEBUG", "message": "operation functools.partial(<built-in method execute of sqlite3.Cursor object at 0x000001C28A6B3B40>, 'SELECT count(products.id) AS count_1 \\nFROM products \\nWHERE products.is_active IS 1', ()) completed", "module": "core", "logger": "aiosqlite", "extra": {"taskName": null}}
{"timestamp": "2026-04-13T06:00:55.294092+00:00", "level": "DEBUG", "message": "executing functools.partial(<built-in method fetchall of sqlite3.Cursor object at 0x000001C28A6B3B40>)", "module": "core", "logger": "aiosqlite", "extra": {"taskName": null}}
{"timestamp": "2026-04-13T06:00:55.294569+00:00", "level": "DEBUG", "message": "operation functools.partial(<built-in method fetchall of sqlite3.Cursor object at 0x000001C28A6B3B40>) completed", "module": "core", "logger": "aiosqlite", "extra": {"taskName": null}}
{"timestamp": "2026-04-13T06:00:55.295182+00:00", "level": "DEBUG", "message": "executing functools.partial(<built-in method close of sqlite3.Cursor object at 0x000001C28A6B3B40>)", "module": "core", "logger": "aiosqlite", "extra": {"taskName": null}}
{"timestamp": "2026-04-13T06:00:55.295603+00:00", "level": "DEBUG", "message": "operation functools.partial(<built-in method close of sqlite3.Cursor object at 0x000001C28A6B3B40>) completed", "module": "core", "logger": "aiosqlite", "extra": {"taskName": null}}
2026-04-13 11:00:55,297 INFO sqlalchemy.engine.Engine SELECT products.id, products.category_id, products.name_uz, products.name_ru, products.description_uz, products.description_ru, products.base_price, products.weight_grams, products.is_active, products.image_url 
FROM products 
WHERE products.is_active IS 1 ORDER BY products.id DESC
 LIMIT ? OFFSET ?
{"timestamp": "2026-04-13T06:00:55.298066+00:00", "level": "INFO", "message": "SELECT products.id, products.category_id, products.name_uz, products.name_ru, products.description_uz, products.description_ru, products.base_price, products.weight_grams, products.is_active, products.image_url \nFROM products \nWHERE products.is_active IS 1 ORDER BY products.id DESC\n LIMIT ? OFFSET ?", "module": "base", "logger": "sqlalchemy.engine.Engine", "extra": {"taskName": "Task-35"}}
2026-04-13 11:00:55,298 INFO sqlalchemy.engine.Engine [generated in 0.00088s] (40, 0)
{"timestamp": "2026-04-13T06:00:55.298808+00:00", "level": "INFO", "message": "[generated in 0.00088s] (40, 0)", "module": "base", "logger": "sqlalchemy.engine.Engine", "extra": {"taskName": "Task-35"}}
{"timestamp": "2026-04-13T06:00:55.299258+00:00", "level": "DEBUG", "message": "executing functools.partial(<built-in method cursor of sqlite3.Connection object at 0x000001C28A6BC310>)", "module": "core", "logger": "aiosqlite", "extra": {"taskName": null}}
{"timestamp": "2026-04-13T06:00:55.299638+00:00", "level": "DEBUG", "message": "operation functools.partial(<built-in method cursor of sqlite3.Connection object at 0x000001C28A6BC310>) completed", "module": "core", "logger": "aiosqlite", "extra": {"taskName": null}}
{"timestamp": "2026-04-13T06:00:55.300499+00:00", "level": "DEBUG", "message": "executing functools.partial(<built-in method execute of sqlite3.Cursor object at 0x000001C28A801BC0>, 'SELECT products.id, products.category_id, products.name_uz, products.name_ru, products.description_uz, products.description_ru, products.base_price, products.weight_grams, products.is_active, products.image_url \\nFROM products \\nWHERE products.is_active IS 1 ORDER BY products.id DESC\\n LIMIT ? OFFSET ?', (40, 0))", "module": "core", "logger": "aiosqlite", "extra": {"taskName": null}}
{"timestamp": "2026-04-13T06:00:55.301349+00:00", "level": "DEBUG", "message": "operation functools.partial(<built-in method execute of sqlite3.Cursor object at 0x000001C28A801BC0>, 'SELECT products.id, products.category_id, products.name_uz, products.name_ru, products.description_uz, products.description_ru, products.base_price, products.weight_grams, products.is_active, products.image_url \\nFROM products \\nWHERE products.is_active IS 1 ORDER BY products.id DESC\\n LIMIT ? OFFSET ?', (40, 0)) completed", "module": "core", "logger": "aiosqlite", "extra": {"taskName": null}}
{"timestamp": "2026-04-13T06:00:55.302795+00:00", "level": "DEBUG", "message": "executing functools.partial(<built-in method fetchall of sqlite3.Cursor object at 0x000001C28A801BC0>)", "module": "core", "logger": "aiosqlite", "extra": {"taskName": null}}
{"timestamp": "2026-04-13T06:00:55.303466+00:00", "level": "DEBUG", "message": "operation functools.partial(<built-in method fetchall of sqlite3.Cursor object at 0x000001C28A801BC0>) completed", "module": "core", "logger": "aiosqlite", "extra": {"taskName": null}}
{"timestamp": "2026-04-13T06:00:55.304130+00:00", "level": "DEBUG", "message": "executing functools.partial(<built-in method close of sqlite3.Cursor object at 0x000001C28A801BC0>)", "module": "core", "logger": "aiosqlite", "extra": {"taskName": null}}
{"timestamp": "2026-04-13T06:00:55.304491+00:00", "level": "DEBUG", "message": "operation functools.partial(<built-in method close of sqlite3.Cursor object at 0x000001C28A801BC0>) completed", "module": "core", "logger": "aiosqlite", "extra": {"taskName": null}}
2026-04-13 11:00:55,306 INFO sqlalchemy.engine.Engine SELECT product_variants.product_id AS product_variants_product_id, product_variants.id AS product_variants_id, product_variants.name_uz AS product_variants_name_uz, product_variants.name_ru AS product_variants_name_ru, product_variants.price AS product_variants_price, product_variants.weight_grams AS product_variants_weight_grams, product_variants.is_default AS product_variants_is_default 
FROM product_variants 
WHERE product_variants.product_id IN (?, ?, ?, ?, ?, ?, ?, ?, ?, ?, ?, ?, ?, ?, ?, ?, ?, ?, ?, ?, ?, ?, ?, ?, ?, ?, ?, ?, ?, ?, ?, ?, ?, ?, ?, ?, ?, ?, ?, ?)
{"timestamp": "2026-04-13T06:00:55.307003+00:00", "level": "INFO", "message": "SELECT product_variants.product_id AS product_variants_product_id, product_variants.id AS product_variants_id, product_variants.name_uz AS product_variants_name_uz, product_variants.name_ru AS product_variants_name_ru, product_variants.price AS product_variants_price, product_variants.weight_grams AS product_variants_weight_grams, product_variants.is_default AS product_variants_is_default \nFROM product_variants \nWHERE product_variants.product_id IN (?, ?, ?, ?, ?, ?, ?, ?, ?, ?, ?, ?, ?, ?, ?, ?, ?, ?, ?, ?, ?, ?, ?, ?, ?, ?, ?, ?, ?, ?, ?, ?, ?, ?, ?, ?, ?, ?, ?, ?)", "module": "base", "logger": "sqlalchemy.engine.Engine", "extra": {"taskName": "Task-35"}}
2026-04-13 11:00:55,307 INFO sqlalchemy.engine.Engine [generated in 0.00091s] (40, 39, 38, 37, 36, 35, 34, 33, 32, 31, 30, 29, 28, 27, 26, 25, 24, 23, 22, 21, 20, 19, 18, 17, 16, 15, 14, 13, 12, 11, 10, 9, 8, 7, 6, 5, 4, 3, 2, 1)
{"timestamp": "2026-04-13T06:00:55.307751+00:00", "level": "INFO", "message": "[generated in 0.00091s] (40, 39, 38, 37, 36, 35, 34, 33, 32, 31, 30, 29, 28, 27, 26, 25, 24, 23, 22, 21, 20, 19, 18, 17, 16, 15, 14, 13, 12, 11, 10, 9, 8, 7, 6, 5, 4, 3, 2, 1)", "module": "base", "logger": "sqlalchemy.engine.Engine", "extra": {"taskName": "Task-35"}}
{"timestamp": "2026-04-13T06:00:55.308278+00:00", "level": "DEBUG", "message": "executing functools.partial(<built-in method cursor of sqlite3.Connection object at 0x000001C28A6BC310>)", "module": "core", "logger": "aiosqlite", "extra": {"taskName": null}}
{"timestamp": "2026-04-13T06:00:55.308746+00:00", "level": "DEBUG", "message": "operation functools.partial(<built-in method cursor of sqlite3.Connection object at 0x000001C28A6BC310>) completed", "module": "core", "logger": "aiosqlite", "extra": {"taskName": null}}
{"timestamp": "2026-04-13T06:00:55.309500+00:00", "level": "DEBUG", "message": "executing functools.partial(<built-in method execute of sqlite3.Cursor object at 0x000001C28A758140>, 'SELECT product_variants.product_id AS product_variants_product_id, product_variants.id AS product_variants_id, product_variants.name_uz AS product_variants_name_uz, product_variants.name_ru AS product_variants_name_ru, product_variants.price AS product_variants_price, product_variants.weight_grams AS product_variants_weight_grams, product_variants.is_default AS product_variants_is_default \\nFROM product_variants \\nWHERE product_variants.product_id IN (?, ?, ?, ?, ?, ?, ?, ?, ?, ?, ?, ?, ?, ?, ?, ?, ?, ?, ?, ?, ?, ?, ?, ?, ?, ?, ?, ?, ?, ?, ?, ?, ?, ?, ?, ?, ?, ?, ?, ?)', (40, 39, 38, 37, 36, 35, 34, 33, 32, 31, 30, 29, 28, 27, 26, 25, 24, 23, 22, 21, 20, 19, 18, 17, 16, 15, 14, 13, 12, 11, 10, 9, 8, 7, 6, 5, 4, 3, 2, 1))", "module": "core", "logger": "aiosqlite", "extra": {"taskName": null}}
{"timestamp": "2026-04-13T06:00:55.310293+00:00", "level": "DEBUG", "message": "operation functools.partial(<built-in method execute of sqlite3.Cursor object at 0x000001C28A758140>, 'SELECT product_variants.product_id AS product_variants_product_id, product_variants.id AS product_variants_id, product_variants.name_uz AS product_variants_name_uz, product_variants.name_ru AS product_variants_name_ru, product_variants.price AS product_variants_price, product_variants.weight_grams AS product_variants_weight_grams, product_variants.is_default AS product_variants_is_default \\nFROM product_variants \\nWHERE product_variants.product_id IN (?, ?, ?, ?, ?, ?, ?, ?, ?, ?, ?, ?, ?, ?, ?, ?, ?, ?, ?, ?, ?, ?, ?, ?, ?, ?, ?, ?, ?, ?, ?, ?, ?, ?, ?, ?, ?, ?, ?, ?)', (40, 39, 38, 37, 36, 35, 34, 33, 32, 31, 30, 29, 28, 27, 26, 25, 24, 23, 22, 21, 20, 19, 18, 17, 16, 15, 14, 13, 12, 11, 10, 9, 8, 7, 6, 5, 4, 3, 2, 1)) completed", "module": "core", "logger": "aiosqlite", "extra": {"taskName": null}}
{"timestamp": "2026-04-13T06:00:55.311100+00:00", "level": "DEBUG", "message": "executing functools.partial(<built-in method fetchall of sqlite3.Cursor object at 0x000001C28A758140>)", "module": "core", "logger": "aiosqlite", "extra": {"taskName": null}}
{"timestamp": "2026-04-13T06:00:55.311708+00:00", "level": "DEBUG", "message": "operation functools.partial(<built-in method fetchall of sqlite3.Cursor object at 0x000001C28A758140>) completed", "module": "core", "logger": "aiosqlite", "extra": {"taskName": null}}
{"timestamp": "2026-04-13T06:00:55.312421+00:00", "level": "DEBUG", "message": "executing functools.partial(<built-in method close of sqlite3.Cursor object at 0x000001C28A758140>)", "module": "core", "logger": "aiosqlite", "extra": {"taskName": null}}
{"timestamp": "2026-04-13T06:00:55.312769+00:00", "level": "DEBUG", "message": "operation functools.partial(<built-in method close of sqlite3.Cursor object at 0x000001C28A758140>) completed", "module": "core", "logger": "aiosqlite", "extra": {"taskName": null}}
2026-04-13 11:00:55,317 INFO sqlalchemy.engine.Engine SELECT product_modifiers.product_id AS product_modifiers_product_id, product_modifiers.id AS product_modifiers_id, product_modifiers.name_uz AS product_modifiers_name_uz, product_modifiers.name_ru AS product_modifiers_name_ru, product_modifiers.price_delta AS product_modifiers_price_delta, product_modifiers.is_required AS product_modifiers_is_required 
FROM product_modifiers 
WHERE product_modifiers.product_id IN (?, ?, ?, ?, ?, ?, ?, ?, ?, ?, ?, ?, ?, ?, ?, ?, ?, ?, ?, ?, ?, ?, ?, ?, ?, ?, ?, ?, ?, ?, ?, ?, ?, ?, ?, ?, ?, ?, ?, ?)
{"timestamp": "2026-04-13T06:00:55.317773+00:00", "level": "INFO", "message": "SELECT product_modifiers.product_id AS product_modifiers_product_id, product_modifiers.id AS product_modifiers_id, product_modifiers.name_uz AS product_modifiers_name_uz, product_modifiers.name_ru AS product_modifiers_name_ru, product_modifiers.price_delta AS product_modifiers_price_delta, product_modifiers.is_required AS product_modifiers_is_required \nFROM product_modifiers \nWHERE product_modifiers.product_id IN (?, ?, ?, ?, ?, ?, ?, ?, ?, ?, ?, ?, ?, ?, ?, ?, ?, ?, ?, ?, ?, ?, ?, ?, ?, ?, ?, ?, ?, ?, ?, ?, ?, ?, ?, ?, ?, ?, ?, ?)", "module": "base", "logger": "sqlalchemy.engine.Engine", "extra": {"taskName": "Task-35"}}
2026-04-13 11:00:55,318 INFO sqlalchemy.engine.Engine [generated in 0.00140s] (40, 39, 38, 37, 36, 35, 34, 33, 32, 31, 30, 29, 28, 27, 26, 25, 24, 23, 22, 21, 20, 19, 18, 17, 16, 15, 14, 13, 12, 11, 10, 9, 8, 7, 6, 5, 4, 3, 2, 1)
{"timestamp": "2026-04-13T06:00:55.318548+00:00", "level": "INFO", "message": "[generated in 0.00140s] (40, 39, 38, 37, 36, 35, 34, 33, 32, 31, 30, 29, 28, 27, 26, 25, 24, 23, 22, 21, 20, 19, 18, 17, 16, 15, 14, 13, 12, 11, 10, 9, 8, 7, 6, 5, 4, 3, 2, 1)", "module": "base", "logger": "sqlalchemy.engine.Engine", "extra": {"taskName": "Task-35"}}
{"timestamp": "2026-04-13T06:00:55.319102+00:00", "level": "DEBUG", "message": "executing functools.partial(<built-in method cursor of sqlite3.Connection object at 0x000001C28A6BC310>)", "module": "core", "logger": "aiosqlite", "extra": {"taskName": null}}
{"timestamp": "2026-04-13T06:00:55.319668+00:00", "level": "DEBUG", "message": "operation functools.partial(<built-in method cursor of sqlite3.Connection object at 0x000001C28A6BC310>) completed", "module": "core", "logger": "aiosqlite", "extra": {"taskName": null}}
{"timestamp": "2026-04-13T06:00:55.320376+00:00", "level": "DEBUG", "message": "executing functools.partial(<built-in method execute of sqlite3.Cursor object at 0x000001C28A758140>, 'SELECT product_modifiers.product_id AS product_modifiers_product_id, product_modifiers.id AS product_modifiers_id, product_modifiers.name_uz AS product_modifiers_name_uz, product_modifiers.name_ru AS product_modifiers_name_ru, product_modifiers.price_delta AS product_modifiers_price_delta, product_modifiers.is_required AS product_modifiers_is_required \\nFROM product_modifiers \\nWHERE product_modifiers.product_id IN (?, ?, ?, ?, ?, ?, ?, ?, ?, ?, ?, ?, ?, ?, ?, ?, ?, ?, ?, ?, ?, ?, ?, ?, ?, ?, ?, ?, ?, ?, ?, ?, ?, ?, ?, ?, ?, ?, ?, ?)', (40, 39, 38, 37, 36, 35, 34, 33, 32, 31, 30, 29, 28, 27, 26, 25, 24, 23, 22, 21, 20, 19, 18, 17, 16, 15, 14, 13, 12, 11, 10, 9, 8, 7, 6, 5, 4, 3, 2, 1))", "module": "core", "logger": "aiosqlite", "extra": {"taskName": null}}
{"timestamp": "2026-04-13T06:00:55.320980+00:00", "level": "DEBUG", "message": "operation functools.partial(<built-in method execute of sqlite3.Cursor object at 0x000001C28A758140>, 'SELECT product_modifiers.product_id AS product_modifiers_product_id, product_modifiers.id AS product_modifiers_id, product_modifiers.name_uz AS product_modifiers_name_uz, product_modifiers.name_ru AS product_modifiers_name_ru, product_modifiers.price_delta AS product_modifiers_price_delta, product_modifiers.is_required AS product_modifiers_is_required \\nFROM product_modifiers \\nWHERE product_modifiers.product_id IN (?, ?, ?, ?, ?, ?, ?, ?, ?, ?, ?, ?, ?, ?, ?, ?, ?, ?, ?, ?, ?, ?, ?, ?, ?, ?, ?, ?, ?, ?, ?, ?, ?, ?, ?, ?, ?, ?, ?, ?)', (40, 39, 38, 37, 36, 35, 34, 33, 32, 31, 30, 29, 28, 27, 26, 25, 24, 23, 22, 21, 20, 19, 18, 17, 16, 15, 14, 13, 12, 11, 10, 9, 8, 7, 6, 5, 4, 3, 2, 1)) completed", "module": "core", "logger": "aiosqlite", "extra": {"taskName": null}}
{"timestamp": "2026-04-13T06:00:55.321541+00:00", "level": "DEBUG", "message": "executing functools.partial(<built-in method fetchall of sqlite3.Cursor object at 0x000001C28A758140>)", "module": "core", "logger": "aiosqlite", "extra": {"taskName": null}}
{"timestamp": "2026-04-13T06:00:55.321979+00:00", "level": "DEBUG", "message": "operation functools.partial(<built-in method fetchall of sqlite3.Cursor object at 0x000001C28A758140>) completed", "module": "core", "logger": "aiosqlite", "extra": {"taskName": null}}
{"timestamp": "2026-04-13T06:00:55.322840+00:00", "level": "DEBUG", "message": "executing functools.partial(<built-in method close of sqlite3.Cursor object at 0x000001C28A758140>)", "module": "core", "logger": "aiosqlite", "extra": {"taskName": null}}
{"timestamp": "2026-04-13T06:00:55.323316+00:00", "level": "DEBUG", "message": "operation functools.partial(<built-in method close of sqlite3.Cursor object at 0x000001C28A758140>) completed", "module": "core", "logger": "aiosqlite", "extra": {"taskName": null}}
2026-04-13 11:00:55,327 INFO sqlalchemy.engine.Engine COMMIT
{"timestamp": "2026-04-13T06:00:55.328287+00:00", "level": "INFO", "message": "COMMIT", "module": "base", "logger": "sqlalchemy.engine.Engine", "extra": {"taskName": "Task-35"}}
{"timestamp": "2026-04-13T06:00:55.328821+00:00", "level": "DEBUG", "message": "executing functools.partial(<built-in method commit of sqlite3.Connection object at 0x000001C28A6BC310>)", "module": "core", "logger": "aiosqlite", "extra": {"taskName": null}}
{"timestamp": "2026-04-13T06:00:55.329213+00:00", "level": "DEBUG", "message": "operation functools.partial(<built-in method commit of sqlite3.Connection object at 0x000001C28A6BC310>) completed", "module": "core", "logger": "aiosqlite", "extra": {"taskName": null}}
{"timestamp": "2026-04-13T06:00:55.329970+00:00", "level": "DEBUG", "message": "executing functools.partial(<built-in method rollback of sqlite3.Connection object at 0x000001C28A6BC310>)", "module": "core", "logger": "aiosqlite", "extra": {"taskName": null}}
{"timestamp": "2026-04-13T06:00:55.330348+00:00", "level": "DEBUG", "message": "operation functools.partial(<built-in method rollback of sqlite3.Connection object at 0x000001C28A6BC310>) completed", "module": "core", "logger": "aiosqlite", "extra": {"taskName": null}}
INFO:     87.192.227.94:0 - "GET /api/v1/products?page=1&size=40 HTTP/1.1" 200 OK
{"timestamp": "2026-04-13T06:00:55.475064+00:00", "level": "WARNING", "message": "app_exception", "module": "exceptions", "logger": "food_delivery.app.core.exceptions", "extra": {"taskName": "Task-38", "path": "/api/v1/auth/telegram/init", "code": "UNAUTHORIZED", "detail": "Invalid Telegram initData signature", "field": null}}
INFO:     87.192.227.94:0 - "POST /api/v1/auth/telegram/init HTTP/1.1" 401 Unauthorized
[cloudflared] 2026-04-13T06:03:13Z INF Initiating graceful shutdown due to signal terminated ...
backend exited with code 3221225786. Stopping remaining process...
Stopped.
