2026-04-18T04:24:40Z INF Thank you for trying Cloudflare Tunnel. Doing so, without a Cloudflare account, is a quick way to experiment and try it out. However, be aware that these account-less Tunnels have no uptime guarantee, are subject to the Cloudflare Online Services Terms of Use (https://www.cloudflare.com/website-terms/), and Cloudflare reserves the right to investigate your use of Tunnels for violations of such terms. If you intend to use Tunnels in production you should use a pre-created named tunnel by following: https://developers.cloudflare.com/cloudflare-one/connections/connect-apps
2026-04-18T04:24:40Z INF Requesting new quick Tunnel on trycloudflare.com...
2026-04-18T04:24:45Z INF +--------------------------------------------------------------------------------------------+
2026-04-18T04:24:45Z INF |  Your quick Tunnel has been created! Visit it at (it may take some time to be reachable):  |
2026-04-18T04:24:45Z INF |  https://pentium-delays-submit-exotic.trycloudflare.com                                    |
2026-04-18T04:24:45Z INF +--------------------------------------------------------------------------------------------+
2026-04-18T04:24:45Z INF Cannot determine default configuration path. No file [config.yml config.yaml] in [~/.cloudflared ~/.cloudflare-warp ~/cloudflare-warp]
2026-04-18T04:24:45Z INF Version 2026.3.0 (Checksum 59b12880b24af581cf5b1013db601c7d843b9b097e9c78aa5957c7f39f741885)
2026-04-18T04:24:45Z INF GOOS: windows, GOVersion: go1.24.13, GoArch: amd64
2026-04-18T04:24:45Z INF Settings: map[ha-connections:1 p:http2 protocol:http2 url:http://localhost:8000]
2026-04-18T04:24:45Z INF cloudflared will not automatically update on Windows systems.
2026-04-18T04:24:45Z INF Generated Connector ID: 347eee65-b34a-4b2e-907f-baadd557b8c4
2026-04-18T04:24:45Z INF Initial protocol http2
2026-04-18T04:24:45Z INF ICMP proxy will use 10.33.173.105 as source for IPv4
2026-04-18T04:24:45Z INF ICMP proxy will use fe80::a3bf:7491:3cb8:27e9 in zone Беспроводная сеть as source for IPv6
2026-04-18T04:24:45Z INF cloudflared does not support loading the system root certificate pool on Windows. Please use --origin-ca-pool <PATH> to specify the path to the certificate pool
2026-04-18T04:24:45Z INF ICMP proxy will use 10.33.173.105 as source for IPv4
2026-04-18T04:24:46Z INF ICMP proxy will use fe80::a3bf:7491:3cb8:27e9 in zone Беспроводная сеть as source for IPv6
2026-04-18T04:24:46Z INF Starting metrics server on 127.0.0.1:20241/metrics
2026-04-18T04:24:48Z INF Registered tunnel connection connIndex=0 connection=38cde224-8d19-48c5-848a-113b03815730 event=0 ip=198.41.200.23 location=waw06 protocol=http2
2026-04-18T04:26:52Z ERR  error="Unable to reach the origin service. The service may be down or it may not be responding to traffic from cloudflared: dial tcp [::1]:8000: connectex: No connection could be made because the target machine actively refused it." connIndex=0 event=1 ingressRule=0 originService=http://localhost:8000
2026-04-18T04:26:52Z ERR failed to serve incoming request error="Failed to proxy HTTP: Unable to reach the origin service. The service may be down or it may not be responding to traffic from cloudflared: dial tcp [::1]:8000: connectex: No connection could be made because the target machine actively refused it."
2026-04-18T04:27:08Z ERR  error="Unable to reach the origin service. The service may be down or it may not be responding to traffic from cloudflared: dial tcp [::1]:8000: connectex: No connection could be made because the target machine actively refused it." connIndex=0 event=1 ingressRule=0 originService=http://localhost:8000
2026-04-18T04:27:08Z ERR failed to serve incoming request error="Failed to proxy HTTP: Unable to reach the origin service. The service may be down or it may not be responding to traffic from cloudflared: dial tcp [::1]:8000: connectex: No connection could be made because the target machine actively refused it."
