Using DATABASE_URL=sqlite+aiosqlite:///./food_delivery.db
Using REDIS_URL=redis://localhost:6379/0
Using WEBAPP_URL=https://generates-gardens-fundamentals-kings.trycloudflare.com/webapp/
Using npm cache=C:\Users\Roma\Desktop\Telegram_bot\food_delivery\.npm-cache
Using DEV_RELOAD=0
Using DEV_TUNNEL_PROVIDER=auto
Starting cloudflared quick tunnel ...
[cloudflared] 2026-04-16T16:29:36Z INF Thank you for trying Cloudflare Tunnel. Doing so, without a Cloudflare account, is a quick way to experiment and try it out. However, be aware that these account-less Tunnels have no uptime guarantee, are subject to the Cloudflare Online Services Terms of Use (https://www.cloudflare.com/website-terms/), and Cloudflare reserves the right to investigate your use of Tunnels for violations of such terms. If you intend to use Tunnels in production you should use a pre-created named tunnel by following: https://developers.cloudflare.com/cloudflare-one/connections/connect-apps
[cloudflared] 2026-04-16T16:29:36Z INF Requesting new quick Tunnel on trycloudflare.com...
[cloudflared] 2026-04-16T16:29:42Z INF +--------------------------------------------------------------------------------------------+
[cloudflared] 2026-04-16T16:29:42Z INF |  Your quick Tunnel has been created! Visit it at (it may take some time to be reachable):  |
[cloudflared] 2026-04-16T16:29:42Z INF |  https://tracked-cultures-most-editor.trycloudflare.com                                    |
[cloudflared] 2026-04-16T16:29:42Z INF +--------------------------------------------------------------------------------------------+
[cloudflared] 2026-04-16T16:29:42Z INF Cannot determine default configuration path. No file [config.yml config.yaml] in [~/.cloudflared ~/.cloudflare-warp ~/cloudflare-warp]
[cloudflared] 2026-04-16T16:29:42Z INF Version 2026.3.0 (Checksum 59b12880b24af581cf5b1013db601c7d843b9b097e9c78aa5957c7f39f741885)
[cloudflared] 2026-04-16T16:29:42Z INF GOOS: windows, GOVersion: go1.24.13, GoArch: amd64
[cloudflared] 2026-04-16T16:29:42Z INF Settings: map[ha-connections:1 p:http2 protocol:http2 url:http://localhost:8000]
[cloudflared] 2026-04-16T16:29:42Z INF Environmental variables map[DEV_TUNNEL_PROVIDER:auto]
[cloudflared] 2026-04-16T16:29:42Z INF cloudflared will not automatically update on Windows systems.
Using BACKEND_URL=https://tracked-cultures-most-editor.trycloudflare.com
Using WEBAPP_URL=https://tracked-cultures-most-editor.trycloudflare.com/webapp/
[cloudflared] 2026-04-16T16:29:42Z INF Generated Connector ID: 754a4461-5d88-4a5d-829d-2385b94ee8d3
[cloudflared] 2026-04-16T16:29:42Z INF Initial protocol http2
[cloudflared] 2026-04-16T16:29:42Z INF ICMP proxy will use 10.33.173.105 as source for IPv4
[cloudflared] 2026-04-16T16:29:42Z INF ICMP proxy will use fe80::a3bf:7491:3cb8:27e9 in zone Áĺńďđîâîäíŕ˙ ńĺňü as source for IPv6
[cloudflared] 2026-04-16T16:29:43Z INF cloudflared does not support loading the system root certificate pool on Windows. Please use --origin-ca-pool <PATH> to specify the path to the certificate pool
[cloudflared] 2026-04-16T16:29:43Z INF ICMP proxy will use 10.33.173.105 as source for IPv4
[cloudflared] 2026-04-16T16:29:43Z INF ICMP proxy will use fe80::a3bf:7491:3cb8:27e9 in zone Áĺńďđîâîäíŕ˙ ńĺňü as source for IPv6
[cloudflared] 2026-04-16T16:29:43Z INF Starting metrics server on 127.0.0.1:20242/metrics
[cloudflared] 2026-04-16T16:29:45Z INF Registered tunnel connection connIndex=0 connection=e6e3727c-a23c-4f5a-a2f1-c28996e81d37 event=0 ip=198.41.192.47 location=waw03 protocol=http2
{"timestamp": "2026-04-16T16:29:46.350434+00:00", "level": "INFO", "message": "application_startup", "module": "main", "logger": "food_delivery.app.main", "extra": {"taskName": "Task-2"}}
{"timestamp": "2026-04-16T16:29:47.358352+00:00", "level": "WARNING", "message": "redis_unavailable", "module": "main", "logger": "food_delivery.app.main", "extra": {"taskName": "Task-2"}}
{"timestamp": "2026-04-16T16:29:47.397492+00:00", "level": "WARNING", "message": "redis_fallback_enabled", "module": "main", "logger": "food_delivery.app.main", "extra": {"taskName": "Task-2"}}
INFO:     127.0.0.1:62056 - "GET /webapp/ HTTP/1.1" 200 OK
INFO:     37.110.214.9:0 - "GET /health HTTP/1.1" 200 OK
INFO:     127.0.0.1:62067 - "GET /webapp/ HTTP/1.1" 200 OK
INFO:     37.110.214.9:0 - "GET /webapp/ HTTP/1.1" 200 OK
INFO:     37.110.214.9:0 - "GET /static/css/components.css?v=20260409-2 HTTP/1.1" 200 OK
INFO:     37.110.214.9:0 - "GET /static/css/pages.css?v=20260409-2 HTTP/1.1" 200 OK
INFO:     37.110.214.9:0 - "GET /static/css/tokens.css?v=20260409-2 HTTP/1.1" 200 OK
INFO:     37.110.214.9:0 - "GET /static/css/base.css?v=20260409-2 HTTP/1.1" 200 OK
INFO:     37.110.214.9:0 - "GET /static/js/catalog.js?v=20260416-1 HTTP/1.1" 200 OK
INFO:     37.110.214.9:0 - "GET /static/js/api.js?v=20260416-3 HTTP/1.1" 200 OK
INFO:     37.110.214.9:0 - "GET /static/js/animations.js?v=20260409-2 HTTP/1.1" 200 OK
INFO:     37.110.214.9:0 - "GET /static/js/auth.js?v=20260416-5 HTTP/1.1" 200 OK
INFO:     37.110.214.9:0 - "GET /static/js/i18n.js?v=20260416-2 HTTP/1.1" 200 OK
INFO:     37.110.214.9:0 - "GET /favicon.ico HTTP/1.1" 404 Not Found
{"timestamp": "2026-04-16T16:31:30.476016+00:00", "level": "WARNING", "message": "app_exception", "module": "exceptions", "logger": "food_delivery.app.core.exceptions", "extra": {"taskName": "Task-29", "path": "/api/v1/users/me", "code": "UNAUTHORIZED", "detail": "Missing credentials", "field": null}}
INFO:     37.110.214.9:0 - "GET /api/v1/users/me HTTP/1.1" 401 Unauthorized
{"timestamp": "2026-04-16T16:31:38.561101+00:00", "level": "DEBUG", "message": "executing <function connect.<locals>.connector at 0x000001D8BA531A80>", "module": "core", "logger": "aiosqlite", "extra": {"taskName": null}}
{"timestamp": "2026-04-16T16:31:38.565070+00:00", "level": "DEBUG", "message": "operation <function connect.<locals>.connector at 0x000001D8BA531A80> completed", "module": "core", "logger": "aiosqlite", "extra": {"taskName": null}}
{"timestamp": "2026-04-16T16:31:38.566049+00:00", "level": "DEBUG", "message": "executing functools.partial(<built-in method create_function of sqlite3.Connection object at 0x000001D8BA445F30>, 'regexp', 2, <function SQLiteDialect_pysqlite.on_connect.<locals>.regexp at 0x000001D8B441C220>, deterministic=True)", "module": "core", "logger": "aiosqlite", "extra": {"taskName": null}}
{"timestamp": "2026-04-16T16:31:38.566391+00:00", "level": "DEBUG", "message": "operation functools.partial(<built-in method create_function of sqlite3.Connection object at 0x000001D8BA445F30>, 'regexp', 2, <function SQLiteDialect_pysqlite.on_connect.<locals>.regexp at 0x000001D8B441C220>, deterministic=True) completed", "module": "core", "logger": "aiosqlite", "extra": {"taskName": null}}
{"timestamp": "2026-04-16T16:31:38.566839+00:00", "level": "DEBUG", "message": "executing functools.partial(<built-in method create_function of sqlite3.Connection object at 0x000001D8BA445F30>, 'floor', 1, <built-in function floor>, deterministic=True)", "module": "core", "logger": "aiosqlite", "extra": {"taskName": null}}
{"timestamp": "2026-04-16T16:31:38.567155+00:00", "level": "DEBUG", "message": "operation functools.partial(<built-in method create_function of sqlite3.Connection object at 0x000001D8BA445F30>, 'floor', 1, <built-in function floor>, deterministic=True) completed", "module": "core", "logger": "aiosqlite", "extra": {"taskName": null}}
{"timestamp": "2026-04-16T16:31:38.567622+00:00", "level": "DEBUG", "message": "executing functools.partial(<built-in method cursor of sqlite3.Connection object at 0x000001D8BA445F30>)", "module": "core", "logger": "aiosqlite", "extra": {"taskName": null}}
{"timestamp": "2026-04-16T16:31:38.567893+00:00", "level": "DEBUG", "message": "operation functools.partial(<built-in method cursor of sqlite3.Connection object at 0x000001D8BA445F30>) completed", "module": "core", "logger": "aiosqlite", "extra": {"taskName": null}}
{"timestamp": "2026-04-16T16:31:38.568287+00:00", "level": "DEBUG", "message": "executing functools.partial(<built-in method execute of sqlite3.Cursor object at 0x000001D8BA5A65C0>, 'PRAGMA read_uncommitted', [])", "module": "core", "logger": "aiosqlite", "extra": {"taskName": null}}
{"timestamp": "2026-04-16T16:31:38.568804+00:00", "level": "DEBUG", "message": "operation functools.partial(<built-in method execute of sqlite3.Cursor object at 0x000001D8BA5A65C0>, 'PRAGMA read_uncommitted', []) completed", "module": "core", "logger": "aiosqlite", "extra": {"taskName": null}}
{"timestamp": "2026-04-16T16:31:38.569235+00:00", "level": "DEBUG", "message": "executing functools.partial(<built-in method fetchall of sqlite3.Cursor object at 0x000001D8BA5A65C0>)", "module": "core", "logger": "aiosqlite", "extra": {"taskName": null}}
{"timestamp": "2026-04-16T16:31:38.569490+00:00", "level": "DEBUG", "message": "operation functools.partial(<built-in method fetchall of sqlite3.Cursor object at 0x000001D8BA5A65C0>) completed", "module": "core", "logger": "aiosqlite", "extra": {"taskName": null}}
{"timestamp": "2026-04-16T16:31:38.569930+00:00", "level": "DEBUG", "message": "executing functools.partial(<built-in method close of sqlite3.Cursor object at 0x000001D8BA5A65C0>)", "module": "core", "logger": "aiosqlite", "extra": {"taskName": null}}
{"timestamp": "2026-04-16T16:31:38.570205+00:00", "level": "DEBUG", "message": "operation functools.partial(<built-in method close of sqlite3.Cursor object at 0x000001D8BA5A65C0>) completed", "module": "core", "logger": "aiosqlite", "extra": {"taskName": null}}
{"timestamp": "2026-04-16T16:31:38.570611+00:00", "level": "DEBUG", "message": "executing functools.partial(<built-in method rollback of sqlite3.Connection object at 0x000001D8BA445F30>)", "module": "core", "logger": "aiosqlite", "extra": {"taskName": null}}
{"timestamp": "2026-04-16T16:31:38.570888+00:00", "level": "DEBUG", "message": "operation functools.partial(<built-in method rollback of sqlite3.Connection object at 0x000001D8BA445F30>) completed", "module": "core", "logger": "aiosqlite", "extra": {"taskName": null}}
2026-04-16 21:31:38,571 INFO sqlalchemy.engine.Engine BEGIN (implicit)
{"timestamp": "2026-04-16T16:31:38.571814+00:00", "level": "INFO", "message": "BEGIN (implicit)", "module": "base", "logger": "sqlalchemy.engine.Engine", "extra": {"taskName": "Task-32"}}
2026-04-16 21:31:38,598 INFO sqlalchemy.engine.Engine SELECT categories.id, categories.owner_id, categories.name_uz, categories.name_ru, categories.image_url, categories.sort_order, categories.is_active 
FROM categories 
WHERE categories.is_active IS 1 ORDER BY categories.sort_order, categories.id
{"timestamp": "2026-04-16T16:31:38.599309+00:00", "level": "INFO", "message": "SELECT categories.id, categories.owner_id, categories.name_uz, categories.name_ru, categories.image_url, categories.sort_order, categories.is_active \nFROM categories \nWHERE categories.is_active IS 1 ORDER BY categories.sort_order, categories.id", "module": "base", "logger": "sqlalchemy.engine.Engine", "extra": {"taskName": "Task-32"}}
2026-04-16 21:31:38,599 INFO sqlalchemy.engine.Engine [generated in 0.00165s] ()
{"timestamp": "2026-04-16T16:31:38.600151+00:00", "level": "INFO", "message": "[generated in 0.00165s] ()", "module": "base", "logger": "sqlalchemy.engine.Engine", "extra": {"taskName": "Task-32"}}
{"timestamp": "2026-04-16T16:31:38.600567+00:00", "level": "DEBUG", "message": "executing functools.partial(<built-in method cursor of sqlite3.Connection object at 0x000001D8BA445F30>)", "module": "core", "logger": "aiosqlite", "extra": {"taskName": null}}
{"timestamp": "2026-04-16T16:31:38.600858+00:00", "level": "DEBUG", "message": "operation functools.partial(<built-in method cursor of sqlite3.Connection object at 0x000001D8BA445F30>) completed", "module": "core", "logger": "aiosqlite", "extra": {"taskName": null}}
{"timestamp": "2026-04-16T16:31:38.601384+00:00", "level": "DEBUG", "message": "executing functools.partial(<built-in method execute of sqlite3.Cursor object at 0x000001D8BA5A6B40>, 'SELECT categories.id, categories.owner_id, categories.name_uz, categories.name_ru, categories.image_url, categories.sort_order, categories.is_active \\nFROM categories \\nWHERE categories.is_active IS 1 ORDER BY categories.sort_order, categories.id', ())", "module": "core", "logger": "aiosqlite", "extra": {"taskName": null}}
{"timestamp": "2026-04-16T16:31:38.602622+00:00", "level": "DEBUG", "message": "operation functools.partial(<built-in method execute of sqlite3.Cursor object at 0x000001D8BA5A6B40>, 'SELECT categories.id, categories.owner_id, categories.name_uz, categories.name_ru, categories.image_url, categories.sort_order, categories.is_active \\nFROM categories \\nWHERE categories.is_active IS 1 ORDER BY categories.sort_order, categories.id', ()) completed", "module": "core", "logger": "aiosqlite", "extra": {"taskName": null}}
{"timestamp": "2026-04-16T16:31:38.603089+00:00", "level": "DEBUG", "message": "executing functools.partial(<built-in method fetchall of sqlite3.Cursor object at 0x000001D8BA5A6B40>)", "module": "core", "logger": "aiosqlite", "extra": {"taskName": null}}
{"timestamp": "2026-04-16T16:31:38.603397+00:00", "level": "DEBUG", "message": "operation functools.partial(<built-in method fetchall of sqlite3.Cursor object at 0x000001D8BA5A6B40>) completed", "module": "core", "logger": "aiosqlite", "extra": {"taskName": null}}
{"timestamp": "2026-04-16T16:31:38.603805+00:00", "level": "DEBUG", "message": "executing functools.partial(<built-in method close of sqlite3.Cursor object at 0x000001D8BA5A6B40>)", "module": "core", "logger": "aiosqlite", "extra": {"taskName": null}}
{"timestamp": "2026-04-16T16:31:38.604075+00:00", "level": "DEBUG", "message": "operation functools.partial(<built-in method close of sqlite3.Cursor object at 0x000001D8BA5A6B40>) completed", "module": "core", "logger": "aiosqlite", "extra": {"taskName": null}}
2026-04-16 21:31:38,607 INFO sqlalchemy.engine.Engine SELECT products.category_id AS products_category_id, products.id AS products_id, products.owner_id AS products_owner_id, products.name_uz AS products_name_uz, products.name_ru AS products_name_ru, products.description_uz AS products_description_uz, products.description_ru AS products_description_ru, products.base_price AS products_base_price, products.weight_grams AS products_weight_grams, products.is_active AS products_is_active, products.image_url AS products_image_url 
FROM products 
WHERE products.category_id IN (?, ?, ?, ?, ?)
{"timestamp": "2026-04-16T16:31:38.607514+00:00", "level": "INFO", "message": "SELECT products.category_id AS products_category_id, products.id AS products_id, products.owner_id AS products_owner_id, products.name_uz AS products_name_uz, products.name_ru AS products_name_ru, products.description_uz AS products_description_uz, products.description_ru AS products_description_ru, products.base_price AS products_base_price, products.weight_grams AS products_weight_grams, products.is_active AS products_is_active, products.image_url AS products_image_url \nFROM products \nWHERE products.category_id IN (?, ?, ?, ?, ?)", "module": "base", "logger": "sqlalchemy.engine.Engine", "extra": {"taskName": "Task-32"}}
2026-04-16 21:31:38,607 INFO sqlalchemy.engine.Engine [generated in 0.00074s] (1, 2, 3, 4, 5)
{"timestamp": "2026-04-16T16:31:38.608108+00:00", "level": "INFO", "message": "[generated in 0.00074s] (1, 2, 3, 4, 5)", "module": "base", "logger": "sqlalchemy.engine.Engine", "extra": {"taskName": "Task-32"}}
{"timestamp": "2026-04-16T16:31:38.608490+00:00", "level": "DEBUG", "message": "executing functools.partial(<built-in method cursor of sqlite3.Connection object at 0x000001D8BA445F30>)", "module": "core", "logger": "aiosqlite", "extra": {"taskName": null}}
{"timestamp": "2026-04-16T16:31:38.608826+00:00", "level": "DEBUG", "message": "operation functools.partial(<built-in method cursor of sqlite3.Connection object at 0x000001D8BA445F30>) completed", "module": "core", "logger": "aiosqlite", "extra": {"taskName": null}}
{"timestamp": "2026-04-16T16:31:38.609327+00:00", "level": "DEBUG", "message": "executing functools.partial(<built-in method execute of sqlite3.Cursor object at 0x000001D8BA6B60C0>, 'SELECT products.category_id AS products_category_id, products.id AS products_id, products.owner_id AS products_owner_id, products.name_uz AS products_name_uz, products.name_ru AS products_name_ru, products.description_uz AS products_description_uz, products.description_ru AS products_description_ru, products.base_price AS products_base_price, products.weight_grams AS products_weight_grams, products.is_active AS products_is_active, products.image_url AS products_image_url \\nFROM products \\nWHERE products.category_id IN (?, ?, ?, ?, ?)', (1, 2, 3, 4, 5))", "module": "core", "logger": "aiosqlite", "extra": {"taskName": null}}
{"timestamp": "2026-04-16T16:31:38.610176+00:00", "level": "DEBUG", "message": "operation functools.partial(<built-in method execute of sqlite3.Cursor object at 0x000001D8BA6B60C0>, 'SELECT products.category_id AS products_category_id, products.id AS products_id, products.owner_id AS products_owner_id, products.name_uz AS products_name_uz, products.name_ru AS products_name_ru, products.description_uz AS products_description_uz, products.description_ru AS products_description_ru, products.base_price AS products_base_price, products.weight_grams AS products_weight_grams, products.is_active AS products_is_active, products.image_url AS products_image_url \\nFROM products \\nWHERE products.category_id IN (?, ?, ?, ?, ?)', (1, 2, 3, 4, 5)) completed", "module": "core", "logger": "aiosqlite", "extra": {"taskName": null}}
{"timestamp": "2026-04-16T16:31:38.610660+00:00", "level": "DEBUG", "message": "executing functools.partial(<built-in method fetchall of sqlite3.Cursor object at 0x000001D8BA6B60C0>)", "module": "core", "logger": "aiosqlite", "extra": {"taskName": null}}
{"timestamp": "2026-04-16T16:31:38.610992+00:00", "level": "DEBUG", "message": "operation functools.partial(<built-in method fetchall of sqlite3.Cursor object at 0x000001D8BA6B60C0>) completed", "module": "core", "logger": "aiosqlite", "extra": {"taskName": null}}
{"timestamp": "2026-04-16T16:31:38.611359+00:00", "level": "DEBUG", "message": "executing functools.partial(<built-in method close of sqlite3.Cursor object at 0x000001D8BA6B60C0>)", "module": "core", "logger": "aiosqlite", "extra": {"taskName": null}}
{"timestamp": "2026-04-16T16:31:38.611639+00:00", "level": "DEBUG", "message": "operation functools.partial(<built-in method close of sqlite3.Cursor object at 0x000001D8BA6B60C0>) completed", "module": "core", "logger": "aiosqlite", "extra": {"taskName": null}}
2026-04-16 21:31:38,614 INFO sqlalchemy.engine.Engine SELECT product_modifiers.product_id AS product_modifiers_product_id, product_modifiers.id AS product_modifiers_id, product_modifiers.name_uz AS product_modifiers_name_uz, product_modifiers.name_ru AS product_modifiers_name_ru, product_modifiers.price_delta AS product_modifiers_price_delta, product_modifiers.is_required AS product_modifiers_is_required 
FROM product_modifiers 
WHERE product_modifiers.product_id IN (?, ?, ?, ?, ?, ?, ?, ?, ?, ?, ?, ?, ?, ?, ?, ?, ?, ?, ?, ?, ?, ?, ?, ?, ?, ?, ?, ?, ?, ?, ?, ?, ?, ?, ?, ?, ?, ?, ?, ?, ?, ?, ?)
{"timestamp": "2026-04-16T16:31:38.614704+00:00", "level": "INFO", "message": "SELECT product_modifiers.product_id AS product_modifiers_product_id, product_modifiers.id AS product_modifiers_id, product_modifiers.name_uz AS product_modifiers_name_uz, product_modifiers.name_ru AS product_modifiers_name_ru, product_modifiers.price_delta AS product_modifiers_price_delta, product_modifiers.is_required AS product_modifiers_is_required \nFROM product_modifiers \nWHERE product_modifiers.product_id IN (?, ?, ?, ?, ?, ?, ?, ?, ?, ?, ?, ?, ?, ?, ?, ?, ?, ?, ?, ?, ?, ?, ?, ?, ?, ?, ?, ?, ?, ?, ?, ?, ?, ?, ?, ?, ?, ?, ?, ?, ?, ?, ?)", "module": "base", "logger": "sqlalchemy.engine.Engine", "extra": {"taskName": "Task-32"}}
2026-04-16 21:31:38,615 INFO sqlalchemy.engine.Engine [generated in 0.00087s] (1, 2, 3, 4, 21, 22, 23, 24, 42, 5, 6, 7, 8, 25, 26, 27, 28, 41, 43, 9, 10, 11, 12, 29, 30, 31, 32, 13, 14, 15, 16, 33, 34, 35, 36, 17, 18, 19, 20, 37, 38, 39, 40)
{"timestamp": "2026-04-16T16:31:38.615420+00:00", "level": "INFO", "message": "[generated in 0.00087s] (1, 2, 3, 4, 21, 22, 23, 24, 42, 5, 6, 7, 8, 25, 26, 27, 28, 41, 43, 9, 10, 11, 12, 29, 30, 31, 32, 13, 14, 15, 16, 33, 34, 35, 36, 17, 18, 19, 20, 37, 38, 39, 40)", "module": "base", "logger": "sqlalchemy.engine.Engine", "extra": {"taskName": "Task-32"}}
{"timestamp": "2026-04-16T16:31:38.615822+00:00", "level": "DEBUG", "message": "executing functools.partial(<built-in method cursor of sqlite3.Connection object at 0x000001D8BA445F30>)", "module": "core", "logger": "aiosqlite", "extra": {"taskName": null}}
{"timestamp": "2026-04-16T16:31:38.616110+00:00", "level": "DEBUG", "message": "operation functools.partial(<built-in method cursor of sqlite3.Connection object at 0x000001D8BA445F30>) completed", "module": "core", "logger": "aiosqlite", "extra": {"taskName": null}}
{"timestamp": "2026-04-16T16:31:38.616572+00:00", "level": "DEBUG", "message": "executing functools.partial(<built-in method execute of sqlite3.Cursor object at 0x000001D8BA6938C0>, 'SELECT product_modifiers.product_id AS product_modifiers_product_id, product_modifiers.id AS product_modifiers_id, product_modifiers.name_uz AS product_modifiers_name_uz, product_modifiers.name_ru AS product_modifiers_name_ru, product_modifiers.price_delta AS product_modifiers_price_delta, product_modifiers.is_required AS product_modifiers_is_required \\nFROM product_modifiers \\nWHERE product_modifiers.product_id IN (?, ?, ?, ?, ?, ?, ?, ?, ?, ?, ?, ?, ?, ?, ?, ?, ?, ?, ?, ?, ?, ?, ?, ?, ?, ?, ?, ?, ?, ?, ?, ?, ?, ?, ?, ?, ?, ?, ?, ?, ?, ?, ?)', (1, 2, 3, 4, 21, 22, 23, 24, 42, 5, 6, 7, 8, 25, 26, 27, 28, 41, 43, 9, 10, 11, 12, 29, 30, 31, 32, 13, 14, 15, 16, 33, 34, 35, 36, 17, 18, 19, 20, 37, 38, 39, 40))", "module": "core", "logger": "aiosqlite", "extra": {"taskName": null}}
{"timestamp": "2026-04-16T16:31:38.617121+00:00", "level": "DEBUG", "message": "operation functools.partial(<built-in method execute of sqlite3.Cursor object at 0x000001D8BA6938C0>, 'SELECT product_modifiers.product_id AS product_modifiers_product_id, product_modifiers.id AS product_modifiers_id, product_modifiers.name_uz AS product_modifiers_name_uz, product_modifiers.name_ru AS product_modifiers_name_ru, product_modifiers.price_delta AS product_modifiers_price_delta, product_modifiers.is_required AS product_modifiers_is_required \\nFROM product_modifiers \\nWHERE product_modifiers.product_id IN (?, ?, ?, ?, ?, ?, ?, ?, ?, ?, ?, ?, ?, ?, ?, ?, ?, ?, ?, ?, ?, ?, ?, ?, ?, ?, ?, ?, ?, ?, ?, ?, ?, ?, ?, ?, ?, ?, ?, ?, ?, ?, ?)', (1, 2, 3, 4, 21, 22, 23, 24, 42, 5, 6, 7, 8, 25, 26, 27, 28, 41, 43, 9, 10, 11, 12, 29, 30, 31, 32, 13, 14, 15, 16, 33, 34, 35, 36, 17, 18, 19, 20, 37, 38, 39, 40)) completed", "module": "core", "logger": "aiosqlite", "extra": {"taskName": null}}
{"timestamp": "2026-04-16T16:31:38.617594+00:00", "level": "DEBUG", "message": "executing functools.partial(<built-in method fetchall of sqlite3.Cursor object at 0x000001D8BA6938C0>)", "module": "core", "logger": "aiosqlite", "extra": {"taskName": null}}
{"timestamp": "2026-04-16T16:31:38.617998+00:00", "level": "DEBUG", "message": "operation functools.partial(<built-in method fetchall of sqlite3.Cursor object at 0x000001D8BA6938C0>) completed", "module": "core", "logger": "aiosqlite", "extra": {"taskName": null}}
{"timestamp": "2026-04-16T16:31:38.618380+00:00", "level": "DEBUG", "message": "executing functools.partial(<built-in method close of sqlite3.Cursor object at 0x000001D8BA6938C0>)", "module": "core", "logger": "aiosqlite", "extra": {"taskName": null}}
{"timestamp": "2026-04-16T16:31:38.618661+00:00", "level": "DEBUG", "message": "operation functools.partial(<built-in method close of sqlite3.Cursor object at 0x000001D8BA6938C0>) completed", "module": "core", "logger": "aiosqlite", "extra": {"taskName": null}}
2026-04-16 21:31:38,620 INFO sqlalchemy.engine.Engine SELECT product_variants.product_id AS product_variants_product_id, product_variants.id AS product_variants_id, product_variants.name_uz AS product_variants_name_uz, product_variants.name_ru AS product_variants_name_ru, product_variants.price AS product_variants_price, product_variants.weight_grams AS product_variants_weight_grams, product_variants.is_default AS product_variants_is_default 
FROM product_variants 
WHERE product_variants.product_id IN (?, ?, ?, ?, ?, ?, ?, ?, ?, ?, ?, ?, ?, ?, ?, ?, ?, ?, ?, ?, ?, ?, ?, ?, ?, ?, ?, ?, ?, ?, ?, ?, ?, ?, ?, ?, ?, ?, ?, ?, ?, ?, ?)
{"timestamp": "2026-04-16T16:31:38.621287+00:00", "level": "INFO", "message": "SELECT product_variants.product_id AS product_variants_product_id, product_variants.id AS product_variants_id, product_variants.name_uz AS product_variants_name_uz, product_variants.name_ru AS product_variants_name_ru, product_variants.price AS product_variants_price, product_variants.weight_grams AS product_variants_weight_grams, product_variants.is_default AS product_variants_is_default \nFROM product_variants \nWHERE product_variants.product_id IN (?, ?, ?, ?, ?, ?, ?, ?, ?, ?, ?, ?, ?, ?, ?, ?, ?, ?, ?, ?, ?, ?, ?, ?, ?, ?, ?, ?, ?, ?, ?, ?, ?, ?, ?, ?, ?, ?, ?, ?, ?, ?, ?)", "module": "base", "logger": "sqlalchemy.engine.Engine", "extra": {"taskName": "Task-32"}}
2026-04-16 21:31:38,621 INFO sqlalchemy.engine.Engine [generated in 0.00068s] (1, 2, 3, 4, 21, 22, 23, 24, 42, 5, 6, 7, 8, 25, 26, 27, 28, 41, 43, 9, 10, 11, 12, 29, 30, 31, 32, 13, 14, 15, 16, 33, 34, 35, 36, 17, 18, 19, 20, 37, 38, 39, 40)
{"timestamp": "2026-04-16T16:31:38.621867+00:00", "level": "INFO", "message": "[generated in 0.00068s] (1, 2, 3, 4, 21, 22, 23, 24, 42, 5, 6, 7, 8, 25, 26, 27, 28, 41, 43, 9, 10, 11, 12, 29, 30, 31, 32, 13, 14, 15, 16, 33, 34, 35, 36, 17, 18, 19, 20, 37, 38, 39, 40)", "module": "base", "logger": "sqlalchemy.engine.Engine", "extra": {"taskName": "Task-32"}}
{"timestamp": "2026-04-16T16:31:38.622296+00:00", "level": "DEBUG", "message": "executing functools.partial(<built-in method cursor of sqlite3.Connection object at 0x000001D8BA445F30>)", "module": "core", "logger": "aiosqlite", "extra": {"taskName": null}}
{"timestamp": "2026-04-16T16:31:38.622577+00:00", "level": "DEBUG", "message": "operation functools.partial(<built-in method cursor of sqlite3.Connection object at 0x000001D8BA445F30>) completed", "module": "core", "logger": "aiosqlite", "extra": {"taskName": null}}
{"timestamp": "2026-04-16T16:31:38.623172+00:00", "level": "DEBUG", "message": "executing functools.partial(<built-in method execute of sqlite3.Cursor object at 0x000001D8BA6938C0>, 'SELECT product_variants.product_id AS product_variants_product_id, product_variants.id AS product_variants_id, product_variants.name_uz AS product_variants_name_uz, product_variants.name_ru AS product_variants_name_ru, product_variants.price AS product_variants_price, product_variants.weight_grams AS product_variants_weight_grams, product_variants.is_default AS product_variants_is_default \\nFROM product_variants \\nWHERE product_variants.product_id IN (?, ?, ?, ?, ?, ?, ?, ?, ?, ?, ?, ?, ?, ?, ?, ?, ?, ?, ?, ?, ?, ?, ?, ?, ?, ?, ?, ?, ?, ?, ?, ?, ?, ?, ?, ?, ?, ?, ?, ?, ?, ?, ?)', (1, 2, 3, 4, 21, 22, 23, 24, 42, 5, 6, 7, 8, 25, 26, 27, 28, 41, 43, 9, 10, 11, 12, 29, 30, 31, 32, 13, 14, 15, 16, 33, 34, 35, 36, 17, 18, 19, 20, 37, 38, 39, 40))", "module": "core", "logger": "aiosqlite", "extra": {"taskName": null}}
{"timestamp": "2026-04-16T16:31:38.623797+00:00", "level": "DEBUG", "message": "operation functools.partial(<built-in method execute of sqlite3.Cursor object at 0x000001D8BA6938C0>, 'SELECT product_variants.product_id AS product_variants_product_id, product_variants.id AS product_variants_id, product_variants.name_uz AS product_variants_name_uz, product_variants.name_ru AS product_variants_name_ru, product_variants.price AS product_variants_price, product_variants.weight_grams AS product_variants_weight_grams, product_variants.is_default AS product_variants_is_default \\nFROM product_variants \\nWHERE product_variants.product_id IN (?, ?, ?, ?, ?, ?, ?, ?, ?, ?, ?, ?, ?, ?, ?, ?, ?, ?, ?, ?, ?, ?, ?, ?, ?, ?, ?, ?, ?, ?, ?, ?, ?, ?, ?, ?, ?, ?, ?, ?, ?, ?, ?)', (1, 2, 3, 4, 21, 22, 23, 24, 42, 5, 6, 7, 8, 25, 26, 27, 28, 41, 43, 9, 10, 11, 12, 29, 30, 31, 32, 13, 14, 15, 16, 33, 34, 35, 36, 17, 18, 19, 20, 37, 38, 39, 40)) completed", "module": "core", "logger": "aiosqlite", "extra": {"taskName": null}}
{"timestamp": "2026-04-16T16:31:38.624258+00:00", "level": "DEBUG", "message": "executing functools.partial(<built-in method fetchall of sqlite3.Cursor object at 0x000001D8BA6938C0>)", "module": "core", "logger": "aiosqlite", "extra": {"taskName": null}}
{"timestamp": "2026-04-16T16:31:38.624756+00:00", "level": "DEBUG", "message": "operation functools.partial(<built-in method fetchall of sqlite3.Cursor object at 0x000001D8BA6938C0>) completed", "module": "core", "logger": "aiosqlite", "extra": {"taskName": null}}
{"timestamp": "2026-04-16T16:31:38.625246+00:00", "level": "DEBUG", "message": "executing functools.partial(<built-in method close of sqlite3.Cursor object at 0x000001D8BA6938C0>)", "module": "core", "logger": "aiosqlite", "extra": {"taskName": null}}
{"timestamp": "2026-04-16T16:31:38.625560+00:00", "level": "DEBUG", "message": "operation functools.partial(<built-in method close of sqlite3.Cursor object at 0x000001D8BA6938C0>) completed", "module": "core", "logger": "aiosqlite", "extra": {"taskName": null}}
2026-04-16 21:31:38,628 INFO sqlalchemy.engine.Engine COMMIT
{"timestamp": "2026-04-16T16:31:38.628748+00:00", "level": "INFO", "message": "COMMIT", "module": "base", "logger": "sqlalchemy.engine.Engine", "extra": {"taskName": "Task-32"}}
{"timestamp": "2026-04-16T16:31:38.629103+00:00", "level": "DEBUG", "message": "executing functools.partial(<built-in method commit of sqlite3.Connection object at 0x000001D8BA445F30>)", "module": "core", "logger": "aiosqlite", "extra": {"taskName": null}}
{"timestamp": "2026-04-16T16:31:38.629462+00:00", "level": "DEBUG", "message": "operation functools.partial(<built-in method commit of sqlite3.Connection object at 0x000001D8BA445F30>) completed", "module": "core", "logger": "aiosqlite", "extra": {"taskName": null}}
{"timestamp": "2026-04-16T16:31:38.630010+00:00", "level": "DEBUG", "message": "executing functools.partial(<built-in method rollback of sqlite3.Connection object at 0x000001D8BA445F30>)", "module": "core", "logger": "aiosqlite", "extra": {"taskName": null}}
{"timestamp": "2026-04-16T16:31:38.630317+00:00", "level": "DEBUG", "message": "operation functools.partial(<built-in method rollback of sqlite3.Connection object at 0x000001D8BA445F30>) completed", "module": "core", "logger": "aiosqlite", "extra": {"taskName": null}}
INFO:     37.110.214.9:0 - "GET /api/v1/categories HTTP/1.1" 200 OK
{"timestamp": "2026-04-16T16:31:42.839581+00:00", "level": "DEBUG", "message": "executing functools.partial(<built-in method cursor of sqlite3.Connection object at 0x000001D8BA445F30>)", "module": "core", "logger": "aiosqlite", "extra": {"taskName": null}}
{"timestamp": "2026-04-16T16:31:42.843029+00:00", "level": "DEBUG", "message": "operation functools.partial(<built-in method cursor of sqlite3.Connection object at 0x000001D8BA445F30>) completed", "module": "core", "logger": "aiosqlite", "extra": {"taskName": null}}
{"timestamp": "2026-04-16T16:31:42.843655+00:00", "level": "DEBUG", "message": "executing functools.partial(<built-in method execute of sqlite3.Cursor object at 0x000001D8BA6D7EC0>, 'SELECT 1', [])", "module": "core", "logger": "aiosqlite", "extra": {"taskName": null}}
{"timestamp": "2026-04-16T16:31:42.844019+00:00", "level": "DEBUG", "message": "operation functools.partial(<built-in method execute of sqlite3.Cursor object at 0x000001D8BA6D7EC0>, 'SELECT 1', []) completed", "module": "core", "logger": "aiosqlite", "extra": {"taskName": null}}
{"timestamp": "2026-04-16T16:31:42.844429+00:00", "level": "DEBUG", "message": "executing functools.partial(<built-in method fetchall of sqlite3.Cursor object at 0x000001D8BA6D7EC0>)", "module": "core", "logger": "aiosqlite", "extra": {"taskName": null}}
{"timestamp": "2026-04-16T16:31:42.844701+00:00", "level": "DEBUG", "message": "operation functools.partial(<built-in method fetchall of sqlite3.Cursor object at 0x000001D8BA6D7EC0>) completed", "module": "core", "logger": "aiosqlite", "extra": {"taskName": null}}
{"timestamp": "2026-04-16T16:31:42.845299+00:00", "level": "DEBUG", "message": "executing functools.partial(<built-in method close of sqlite3.Cursor object at 0x000001D8BA6D7EC0>)", "module": "core", "logger": "aiosqlite", "extra": {"taskName": null}}
{"timestamp": "2026-04-16T16:31:42.845562+00:00", "level": "DEBUG", "message": "operation functools.partial(<built-in method close of sqlite3.Cursor object at 0x000001D8BA6D7EC0>) completed", "module": "core", "logger": "aiosqlite", "extra": {"taskName": null}}
2026-04-16 21:31:42,845 INFO sqlalchemy.engine.Engine BEGIN (implicit)
{"timestamp": "2026-04-16T16:31:42.846209+00:00", "level": "INFO", "message": "BEGIN (implicit)", "module": "base", "logger": "sqlalchemy.engine.Engine", "extra": {"taskName": "Task-34"}}
2026-04-16 21:31:42,848 INFO sqlalchemy.engine.Engine SELECT count(products.id) AS count_1 
FROM products 
WHERE products.is_active IS 1
{"timestamp": "2026-04-16T16:31:42.848486+00:00", "level": "INFO", "message": "SELECT count(products.id) AS count_1 \nFROM products \nWHERE products.is_active IS 1", "module": "base", "logger": "sqlalchemy.engine.Engine", "extra": {"taskName": "Task-34"}}
2026-04-16 21:31:42,848 INFO sqlalchemy.engine.Engine [generated in 0.00069s] ()
{"timestamp": "2026-04-16T16:31:42.849102+00:00", "level": "INFO", "message": "[generated in 0.00069s] ()", "module": "base", "logger": "sqlalchemy.engine.Engine", "extra": {"taskName": "Task-34"}}
{"timestamp": "2026-04-16T16:31:42.849500+00:00", "level": "DEBUG", "message": "executing functools.partial(<built-in method cursor of sqlite3.Connection object at 0x000001D8BA445F30>)", "module": "core", "logger": "aiosqlite", "extra": {"taskName": null}}
{"timestamp": "2026-04-16T16:31:42.849788+00:00", "level": "DEBUG", "message": "operation functools.partial(<built-in method cursor of sqlite3.Connection object at 0x000001D8BA445F30>) completed", "module": "core", "logger": "aiosqlite", "extra": {"taskName": null}}
{"timestamp": "2026-04-16T16:31:42.850263+00:00", "level": "DEBUG", "message": "executing functools.partial(<built-in method execute of sqlite3.Cursor object at 0x000001D8BA6938C0>, 'SELECT count(products.id) AS count_1 \\nFROM products \\nWHERE products.is_active IS 1', ())", "module": "core", "logger": "aiosqlite", "extra": {"taskName": null}}
{"timestamp": "2026-04-16T16:31:42.850768+00:00", "level": "DEBUG", "message": "operation functools.partial(<built-in method execute of sqlite3.Cursor object at 0x000001D8BA6938C0>, 'SELECT count(products.id) AS count_1 \\nFROM products \\nWHERE products.is_active IS 1', ()) completed", "module": "core", "logger": "aiosqlite", "extra": {"taskName": null}}
{"timestamp": "2026-04-16T16:31:42.851293+00:00", "level": "DEBUG", "message": "executing functools.partial(<built-in method fetchall of sqlite3.Cursor object at 0x000001D8BA6938C0>)", "module": "core", "logger": "aiosqlite", "extra": {"taskName": null}}
{"timestamp": "2026-04-16T16:31:42.851591+00:00", "level": "DEBUG", "message": "operation functools.partial(<built-in method fetchall of sqlite3.Cursor object at 0x000001D8BA6938C0>) completed", "module": "core", "logger": "aiosqlite", "extra": {"taskName": null}}
{"timestamp": "2026-04-16T16:31:42.852007+00:00", "level": "DEBUG", "message": "executing functools.partial(<built-in method close of sqlite3.Cursor object at 0x000001D8BA6938C0>)", "module": "core", "logger": "aiosqlite", "extra": {"taskName": null}}
{"timestamp": "2026-04-16T16:31:42.852565+00:00", "level": "DEBUG", "message": "operation functools.partial(<built-in method close of sqlite3.Cursor object at 0x000001D8BA6938C0>) completed", "module": "core", "logger": "aiosqlite", "extra": {"taskName": null}}
2026-04-16 21:31:42,854 INFO sqlalchemy.engine.Engine SELECT products.id, products.category_id, products.owner_id, products.name_uz, products.name_ru, products.description_uz, products.description_ru, products.base_price, products.weight_grams, products.is_active, products.image_url 
FROM products 
WHERE products.is_active IS 1 ORDER BY products.id DESC
 LIMIT ? OFFSET ?
{"timestamp": "2026-04-16T16:31:42.854708+00:00", "level": "INFO", "message": "SELECT products.id, products.category_id, products.owner_id, products.name_uz, products.name_ru, products.description_uz, products.description_ru, products.base_price, products.weight_grams, products.is_active, products.image_url \nFROM products \nWHERE products.is_active IS 1 ORDER BY products.id DESC\n LIMIT ? OFFSET ?", "module": "base", "logger": "sqlalchemy.engine.Engine", "extra": {"taskName": "Task-34"}}
2026-04-16 21:31:42,855 INFO sqlalchemy.engine.Engine [generated in 0.00088s] (40, 0)
{"timestamp": "2026-04-16T16:31:42.855400+00:00", "level": "INFO", "message": "[generated in 0.00088s] (40, 0)", "module": "base", "logger": "sqlalchemy.engine.Engine", "extra": {"taskName": "Task-34"}}
{"timestamp": "2026-04-16T16:31:42.855790+00:00", "level": "DEBUG", "message": "executing functools.partial(<built-in method cursor of sqlite3.Connection object at 0x000001D8BA445F30>)", "module": "core", "logger": "aiosqlite", "extra": {"taskName": null}}
{"timestamp": "2026-04-16T16:31:42.856093+00:00", "level": "DEBUG", "message": "operation functools.partial(<built-in method cursor of sqlite3.Connection object at 0x000001D8BA445F30>) completed", "module": "core", "logger": "aiosqlite", "extra": {"taskName": null}}
{"timestamp": "2026-04-16T16:31:42.857583+00:00", "level": "DEBUG", "message": "executing functools.partial(<built-in method execute of sqlite3.Cursor object at 0x000001D8BA6938C0>, 'SELECT products.id, products.category_id, products.owner_id, products.name_uz, products.name_ru, products.description_uz, products.description_ru, products.base_price, products.weight_grams, products.is_active, products.image_url \\nFROM products \\nWHERE products.is_active IS 1 ORDER BY products.id DESC\\n LIMIT ? OFFSET ?', (40, 0))", "module": "core", "logger": "aiosqlite", "extra": {"taskName": null}}
{"timestamp": "2026-04-16T16:31:42.857880+00:00", "level": "WARNING", "message": "app_exception", "module": "exceptions", "logger": "food_delivery.app.core.exceptions", "extra": {"taskName": "Task-36", "path": "/api/v1/cart", "code": "UNAUTHORIZED", "detail": "Missing credentials", "field": null}}
INFO:     37.110.214.9:0 - "GET /api/v1/cart HTTP/1.1" 401 Unauthorized
{"timestamp": "2026-04-16T16:31:42.858312+00:00", "level": "DEBUG", "message": "operation functools.partial(<built-in method execute of sqlite3.Cursor object at 0x000001D8BA6938C0>, 'SELECT products.id, products.category_id, products.owner_id, products.name_uz, products.name_ru, products.description_uz, products.description_ru, products.base_price, products.weight_grams, products.is_active, products.image_url \\nFROM products \\nWHERE products.is_active IS 1 ORDER BY products.id DESC\\n LIMIT ? OFFSET ?', (40, 0)) completed", "module": "core", "logger": "aiosqlite", "extra": {"taskName": null}}
{"timestamp": "2026-04-16T16:31:42.859119+00:00", "level": "DEBUG", "message": "executing functools.partial(<built-in method fetchall of sqlite3.Cursor object at 0x000001D8BA6938C0>)", "module": "core", "logger": "aiosqlite", "extra": {"taskName": null}}
{"timestamp": "2026-04-16T16:31:42.859985+00:00", "level": "DEBUG", "message": "operation functools.partial(<built-in method fetchall of sqlite3.Cursor object at 0x000001D8BA6938C0>) completed", "module": "core", "logger": "aiosqlite", "extra": {"taskName": null}}
{"timestamp": "2026-04-16T16:31:42.860411+00:00", "level": "DEBUG", "message": "executing functools.partial(<built-in method close of sqlite3.Cursor object at 0x000001D8BA6938C0>)", "module": "core", "logger": "aiosqlite", "extra": {"taskName": null}}
{"timestamp": "2026-04-16T16:31:42.860677+00:00", "level": "DEBUG", "message": "operation functools.partial(<built-in method close of sqlite3.Cursor object at 0x000001D8BA6938C0>) completed", "module": "core", "logger": "aiosqlite", "extra": {"taskName": null}}
2026-04-16 21:31:42,862 INFO sqlalchemy.engine.Engine SELECT product_modifiers.product_id AS product_modifiers_product_id, product_modifiers.id AS product_modifiers_id, product_modifiers.name_uz AS product_modifiers_name_uz, product_modifiers.name_ru AS product_modifiers_name_ru, product_modifiers.price_delta AS product_modifiers_price_delta, product_modifiers.is_required AS product_modifiers_is_required 
FROM product_modifiers 
WHERE product_modifiers.product_id IN (?, ?, ?, ?, ?, ?, ?, ?, ?, ?, ?, ?, ?, ?, ?, ?, ?, ?, ?, ?, ?, ?, ?, ?, ?, ?, ?, ?, ?, ?, ?, ?, ?, ?, ?, ?, ?, ?, ?, ?)
{"timestamp": "2026-04-16T16:31:42.863030+00:00", "level": "INFO", "message": "SELECT product_modifiers.product_id AS product_modifiers_product_id, product_modifiers.id AS product_modifiers_id, product_modifiers.name_uz AS product_modifiers_name_uz, product_modifiers.name_ru AS product_modifiers_name_ru, product_modifiers.price_delta AS product_modifiers_price_delta, product_modifiers.is_required AS product_modifiers_is_required \nFROM product_modifiers \nWHERE product_modifiers.product_id IN (?, ?, ?, ?, ?, ?, ?, ?, ?, ?, ?, ?, ?, ?, ?, ?, ?, ?, ?, ?, ?, ?, ?, ?, ?, ?, ?, ?, ?, ?, ?, ?, ?, ?, ?, ?, ?, ?, ?, ?)", "module": "base", "logger": "sqlalchemy.engine.Engine", "extra": {"taskName": "Task-34"}}
2026-04-16 21:31:42,863 INFO sqlalchemy.engine.Engine [generated in 0.00086s] (43, 42, 41, 40, 39, 38, 37, 36, 35, 34, 33, 32, 31, 30, 29, 28, 27, 26, 25, 24, 23, 22, 21, 20, 19, 18, 17, 16, 15, 14, 13, 12, 11, 10, 9, 8, 7, 6, 5, 4)
{"timestamp": "2026-04-16T16:31:42.863672+00:00", "level": "INFO", "message": "[generated in 0.00086s] (43, 42, 41, 40, 39, 38, 37, 36, 35, 34, 33, 32, 31, 30, 29, 28, 27, 26, 25, 24, 23, 22, 21, 20, 19, 18, 17, 16, 15, 14, 13, 12, 11, 10, 9, 8, 7, 6, 5, 4)", "module": "base", "logger": "sqlalchemy.engine.Engine", "extra": {"taskName": "Task-34"}}
{"timestamp": "2026-04-16T16:31:42.864029+00:00", "level": "DEBUG", "message": "executing functools.partial(<built-in method cursor of sqlite3.Connection object at 0x000001D8BA445F30>)", "module": "core", "logger": "aiosqlite", "extra": {"taskName": null}}
{"timestamp": "2026-04-16T16:31:42.864314+00:00", "level": "DEBUG", "message": "operation functools.partial(<built-in method cursor of sqlite3.Connection object at 0x000001D8BA445F30>) completed", "module": "core", "logger": "aiosqlite", "extra": {"taskName": null}}
{"timestamp": "2026-04-16T16:31:42.864742+00:00", "level": "DEBUG", "message": "executing functools.partial(<built-in method execute of sqlite3.Cursor object at 0x000001D8BA6D76C0>, 'SELECT product_modifiers.product_id AS product_modifiers_product_id, product_modifiers.id AS product_modifiers_id, product_modifiers.name_uz AS product_modifiers_name_uz, product_modifiers.name_ru AS product_modifiers_name_ru, product_modifiers.price_delta AS product_modifiers_price_delta, product_modifiers.is_required AS product_modifiers_is_required \\nFROM product_modifiers \\nWHERE product_modifiers.product_id IN (?, ?, ?, ?, ?, ?, ?, ?, ?, ?, ?, ?, ?, ?, ?, ?, ?, ?, ?, ?, ?, ?, ?, ?, ?, ?, ?, ?, ?, ?, ?, ?, ?, ?, ?, ?, ?, ?, ?, ?)', (43, 42, 41, 40, 39, 38, 37, 36, 35, 34, 33, 32, 31, 30, 29, 28, 27, 26, 25, 24, 23, 22, 21, 20, 19, 18, 17, 16, 15, 14, 13, 12, 11, 10, 9, 8, 7, 6, 5, 4))", "module": "core", "logger": "aiosqlite", "extra": {"taskName": null}}
{"timestamp": "2026-04-16T16:31:42.865283+00:00", "level": "DEBUG", "message": "operation functools.partial(<built-in method execute of sqlite3.Cursor object at 0x000001D8BA6D76C0>, 'SELECT product_modifiers.product_id AS product_modifiers_product_id, product_modifiers.id AS product_modifiers_id, product_modifiers.name_uz AS product_modifiers_name_uz, product_modifiers.name_ru AS product_modifiers_name_ru, product_modifiers.price_delta AS product_modifiers_price_delta, product_modifiers.is_required AS product_modifiers_is_required \\nFROM product_modifiers \\nWHERE product_modifiers.product_id IN (?, ?, ?, ?, ?, ?, ?, ?, ?, ?, ?, ?, ?, ?, ?, ?, ?, ?, ?, ?, ?, ?, ?, ?, ?, ?, ?, ?, ?, ?, ?, ?, ?, ?, ?, ?, ?, ?, ?, ?)', (43, 42, 41, 40, 39, 38, 37, 36, 35, 34, 33, 32, 31, 30, 29, 28, 27, 26, 25, 24, 23, 22, 21, 20, 19, 18, 17, 16, 15, 14, 13, 12, 11, 10, 9, 8, 7, 6, 5, 4)) completed", "module": "core", "logger": "aiosqlite", "extra": {"taskName": null}}
{"timestamp": "2026-04-16T16:31:42.865757+00:00", "level": "DEBUG", "message": "executing functools.partial(<built-in method fetchall of sqlite3.Cursor object at 0x000001D8BA6D76C0>)", "module": "core", "logger": "aiosqlite", "extra": {"taskName": null}}
{"timestamp": "2026-04-16T16:31:42.866144+00:00", "level": "DEBUG", "message": "operation functools.partial(<built-in method fetchall of sqlite3.Cursor object at 0x000001D8BA6D76C0>) completed", "module": "core", "logger": "aiosqlite", "extra": {"taskName": null}}
{"timestamp": "2026-04-16T16:31:42.866807+00:00", "level": "DEBUG", "message": "executing functools.partial(<built-in method close of sqlite3.Cursor object at 0x000001D8BA6D76C0>)", "module": "core", "logger": "aiosqlite", "extra": {"taskName": null}}
{"timestamp": "2026-04-16T16:31:42.867152+00:00", "level": "DEBUG", "message": "operation functools.partial(<built-in method close of sqlite3.Cursor object at 0x000001D8BA6D76C0>) completed", "module": "core", "logger": "aiosqlite", "extra": {"taskName": null}}
2026-04-16 21:31:42,869 INFO sqlalchemy.engine.Engine SELECT product_variants.product_id AS product_variants_product_id, product_variants.id AS product_variants_id, product_variants.name_uz AS product_variants_name_uz, product_variants.name_ru AS product_variants_name_ru, product_variants.price AS product_variants_price, product_variants.weight_grams AS product_variants_weight_grams, product_variants.is_default AS product_variants_is_default 
FROM product_variants 
WHERE product_variants.product_id IN (?, ?, ?, ?, ?, ?, ?, ?, ?, ?, ?, ?, ?, ?, ?, ?, ?, ?, ?, ?, ?, ?, ?, ?, ?, ?, ?, ?, ?, ?, ?, ?, ?, ?, ?, ?, ?, ?, ?, ?)
{"timestamp": "2026-04-16T16:31:42.869742+00:00", "level": "INFO", "message": "SELECT product_variants.product_id AS product_variants_product_id, product_variants.id AS product_variants_id, product_variants.name_uz AS product_variants_name_uz, product_variants.name_ru AS product_variants_name_ru, product_variants.price AS product_variants_price, product_variants.weight_grams AS product_variants_weight_grams, product_variants.is_default AS product_variants_is_default \nFROM product_variants \nWHERE product_variants.product_id IN (?, ?, ?, ?, ?, ?, ?, ?, ?, ?, ?, ?, ?, ?, ?, ?, ?, ?, ?, ?, ?, ?, ?, ?, ?, ?, ?, ?, ?, ?, ?, ?, ?, ?, ?, ?, ?, ?, ?, ?)", "module": "base", "logger": "sqlalchemy.engine.Engine", "extra": {"taskName": "Task-34"}}
2026-04-16 21:31:42,869 INFO sqlalchemy.engine.Engine [generated in 0.00072s] (43, 42, 41, 40, 39, 38, 37, 36, 35, 34, 33, 32, 31, 30, 29, 28, 27, 26, 25, 24, 23, 22, 21, 20, 19, 18, 17, 16, 15, 14, 13, 12, 11, 10, 9, 8, 7, 6, 5, 4)
{"timestamp": "2026-04-16T16:31:42.870228+00:00", "level": "INFO", "message": "[generated in 0.00072s] (43, 42, 41, 40, 39, 38, 37, 36, 35, 34, 33, 32, 31, 30, 29, 28, 27, 26, 25, 24, 23, 22, 21, 20, 19, 18, 17, 16, 15, 14, 13, 12, 11, 10, 9, 8, 7, 6, 5, 4)", "module": "base", "logger": "sqlalchemy.engine.Engine", "extra": {"taskName": "Task-34"}}
{"timestamp": "2026-04-16T16:31:42.870627+00:00", "level": "DEBUG", "message": "executing functools.partial(<built-in method cursor of sqlite3.Connection object at 0x000001D8BA445F30>)", "module": "core", "logger": "aiosqlite", "extra": {"taskName": null}}
{"timestamp": "2026-04-16T16:31:42.870923+00:00", "level": "DEBUG", "message": "operation functools.partial(<built-in method cursor of sqlite3.Connection object at 0x000001D8BA445F30>) completed", "module": "core", "logger": "aiosqlite", "extra": {"taskName": null}}
{"timestamp": "2026-04-16T16:31:42.871476+00:00", "level": "DEBUG", "message": "executing functools.partial(<built-in method execute of sqlite3.Cursor object at 0x000001D8BA6D76C0>, 'SELECT product_variants.product_id AS product_variants_product_id, product_variants.id AS product_variants_id, product_variants.name_uz AS product_variants_name_uz, product_variants.name_ru AS product_variants_name_ru, product_variants.price AS product_variants_price, product_variants.weight_grams AS product_variants_weight_grams, product_variants.is_default AS product_variants_is_default \\nFROM product_variants \\nWHERE product_variants.product_id IN (?, ?, ?, ?, ?, ?, ?, ?, ?, ?, ?, ?, ?, ?, ?, ?, ?, ?, ?, ?, ?, ?, ?, ?, ?, ?, ?, ?, ?, ?, ?, ?, ?, ?, ?, ?, ?, ?, ?, ?)', (43, 42, 41, 40, 39, 38, 37, 36, 35, 34, 33, 32, 31, 30, 29, 28, 27, 26, 25, 24, 23, 22, 21, 20, 19, 18, 17, 16, 15, 14, 13, 12, 11, 10, 9, 8, 7, 6, 5, 4))", "module": "core", "logger": "aiosqlite", "extra": {"taskName": null}}
{"timestamp": "2026-04-16T16:31:42.872015+00:00", "level": "DEBUG", "message": "operation functools.partial(<built-in method execute of sqlite3.Cursor object at 0x000001D8BA6D76C0>, 'SELECT product_variants.product_id AS product_variants_product_id, product_variants.id AS product_variants_id, product_variants.name_uz AS product_variants_name_uz, product_variants.name_ru AS product_variants_name_ru, product_variants.price AS product_variants_price, product_variants.weight_grams AS product_variants_weight_grams, product_variants.is_default AS product_variants_is_default \\nFROM product_variants \\nWHERE product_variants.product_id IN (?, ?, ?, ?, ?, ?, ?, ?, ?, ?, ?, ?, ?, ?, ?, ?, ?, ?, ?, ?, ?, ?, ?, ?, ?, ?, ?, ?, ?, ?, ?, ?, ?, ?, ?, ?, ?, ?, ?, ?)', (43, 42, 41, 40, 39, 38, 37, 36, 35, 34, 33, 32, 31, 30, 29, 28, 27, 26, 25, 24, 23, 22, 21, 20, 19, 18, 17, 16, 15, 14, 13, 12, 11, 10, 9, 8, 7, 6, 5, 4)) completed", "module": "core", "logger": "aiosqlite", "extra": {"taskName": null}}
{"timestamp": "2026-04-16T16:31:42.872561+00:00", "level": "DEBUG", "message": "executing functools.partial(<built-in method fetchall of sqlite3.Cursor object at 0x000001D8BA6D76C0>)", "module": "core", "logger": "aiosqlite", "extra": {"taskName": null}}
{"timestamp": "2026-04-16T16:31:42.873148+00:00", "level": "DEBUG", "message": "operation functools.partial(<built-in method fetchall of sqlite3.Cursor object at 0x000001D8BA6D76C0>) completed", "module": "core", "logger": "aiosqlite", "extra": {"taskName": null}}
{"timestamp": "2026-04-16T16:31:42.873639+00:00", "level": "DEBUG", "message": "executing functools.partial(<built-in method close of sqlite3.Cursor object at 0x000001D8BA6D76C0>)", "module": "core", "logger": "aiosqlite", "extra": {"taskName": null}}
{"timestamp": "2026-04-16T16:31:42.873918+00:00", "level": "DEBUG", "message": "operation functools.partial(<built-in method close of sqlite3.Cursor object at 0x000001D8BA6D76C0>) completed", "module": "core", "logger": "aiosqlite", "extra": {"taskName": null}}
2026-04-16 21:31:42,882 INFO sqlalchemy.engine.Engine COMMIT
{"timestamp": "2026-04-16T16:31:42.883124+00:00", "level": "INFO", "message": "COMMIT", "module": "base", "logger": "sqlalchemy.engine.Engine", "extra": {"taskName": "Task-34"}}
{"timestamp": "2026-04-16T16:31:42.883544+00:00", "level": "DEBUG", "message": "executing functools.partial(<built-in method commit of sqlite3.Connection object at 0x000001D8BA445F30>)", "module": "core", "logger": "aiosqlite", "extra": {"taskName": null}}
{"timestamp": "2026-04-16T16:31:42.883849+00:00", "level": "DEBUG", "message": "operation functools.partial(<built-in method commit of sqlite3.Connection object at 0x000001D8BA445F30>) completed", "module": "core", "logger": "aiosqlite", "extra": {"taskName": null}}
{"timestamp": "2026-04-16T16:31:42.884405+00:00", "level": "DEBUG", "message": "executing functools.partial(<built-in method rollback of sqlite3.Connection object at 0x000001D8BA445F30>)", "module": "core", "logger": "aiosqlite", "extra": {"taskName": null}}
{"timestamp": "2026-04-16T16:31:42.884692+00:00", "level": "DEBUG", "message": "operation functools.partial(<built-in method rollback of sqlite3.Connection object at 0x000001D8BA445F30>) completed", "module": "core", "logger": "aiosqlite", "extra": {"taskName": null}}
INFO:     37.110.214.9:0 - "GET /api/v1/products?page=1&size=40 HTTP/1.1" 200 OK
INFO:     37.110.214.9:0 - "GET /static/images/products/%D0%91%D0%B5%D0%B7%20%D0%BD%D0%B0%D0%B7%D0%B2%D0%B0%D0%BD%D0%B8%D1%8F%20%282%29.png HTTP/1.1" 200 OK
INFO:     37.110.214.9:0 - "GET /static/images/products/%D0%91%D0%B5%D0%B7%20%D0%BD%D0%B0%D0%B7%D0%B2%D0%B0%D0%BD%D0%B8%D1%8F%20%285%29.jpg HTTP/1.1" 200 OK
INFO:     37.110.214.9:0 - "GET /static/images/products/Screenshot-2026-04-13-104427-1776270794-91e8d695.png HTTP/1.1" 200 OK
INFO:     37.110.214.9:0 - "GET /static/images/products/2026-04-09-111833-1776309846-6f887ef1.png HTTP/1.1" 200 OK
INFO:     37.110.214.9:0 - "GET /static/images/products/%D0%91%D0%B5%D0%B7%20%D0%BD%D0%B0%D0%B7%D0%B2%D0%B0%D0%BD%D0%B8%D1%8F%20%284%29.jpg HTTP/1.1" 200 OK
INFO:     37.110.214.9:0 - "GET /static/images/products/%D0%91%D0%B5%D0%B7%20%D0%BD%D0%B0%D0%B7%D0%B2%D0%B0%D0%BD%D0%B8%D1%8F%20%2817%29.jpg HTTP/1.1" 200 OK
INFO:     37.110.214.9:0 - "GET /static/images/products/%D0%91%D0%B5%D0%B7%20%D0%BD%D0%B0%D0%B7%D0%B2%D0%B0%D0%BD%D0%B8%D1%8F%20%283%29.png HTTP/1.1" 200 OK
INFO:     37.110.214.9:0 - "GET /static/images/products/3-1776230574-703bc167.png HTTP/1.1" 200 OK
{"timestamp": "2026-04-16T16:31:47.068277+00:00", "level": "WARNING", "message": "app_exception", "module": "exceptions", "logger": "food_delivery.app.core.exceptions", "extra": {"taskName": "Task-51", "path": "/api/v1/cart/items", "code": "UNAUTHORIZED", "detail": "Missing credentials", "field": null}}
INFO:     37.110.214.9:0 - "POST /api/v1/cart/items HTTP/1.1" 401 Unauthorized
INFO:     37.110.214.9:0 - "GET /static/images/products/%F0%9F%8D%B0%F0%9F%8D%B0%F0%9F%8D%B0%F0%9F%8D%B0.jpg HTTP/1.1" 200 OK
INFO:     37.110.214.9:0 - "GET /static/images/products/%D0%91%D0%B5%D0%B7%20%D0%BD%D0%B0%D0%B7%D0%B2%D0%B0%D0%BD%D0%B8%D1%8F%20%2816%29.jpg HTTP/1.1" 200 OK
INFO:     37.110.214.9:0 - "GET /static/images/products/%D0%91%D0%B5%D0%B7%20%D0%BD%D0%B0%D0%B7%D0%B2%D0%B0%D0%BD%D0%B8%D1%8F%20%2815%29.jpg HTTP/1.1" 200 OK
INFO:     37.110.214.9:0 - "GET /static/images/products/Nutella%20Tiramisu.jpg HTTP/1.1" 200 OK
INFO:     37.110.214.9:0 - "GET /static/images/products/%D0%91%D0%B5%D0%B7%20%D0%BD%D0%B0%D0%B7%D0%B2%D0%B0%D0%BD%D0%B8%D1%8F%20%2814%29.jpg HTTP/1.1" 200 OK
INFO:     37.110.214.9:0 - "GET /static/images/products/%D0%91%D0%B5%D0%B7%20%D0%BD%D0%B0%D0%B7%D0%B2%D0%B0%D0%BD%D0%B8%D1%8F%20%2811%29.jpg HTTP/1.1" 200 OK
INFO:     37.110.214.9:0 - "GET /static/images/products/%D0%91%D0%B5%D0%B7%20%D0%BD%D0%B0%D0%B7%D0%B2%D0%B0%D0%BD%D0%B8%D1%8F%20%2813%29.jpg HTTP/1.1" 200 OK
INFO:     37.110.214.9:0 - "GET /static/images/products/%D0%91%D0%B5%D0%B7%20%D0%BD%D0%B0%D0%B7%D0%B2%D0%B0%D0%BD%D0%B8%D1%8F%20%2812%29.jpg HTTP/1.1" 200 OK
INFO:     37.110.214.9:0 - "GET /static/images/products/Vegetable%20salad.jpg HTTP/1.1" 200 OK
INFO:     37.110.214.9:0 - "GET /static/images/products/%D0%91%D0%B5%D0%B7%20%D0%BD%D0%B0%D0%B7%D0%B2%D0%B0%D0%BD%D0%B8%D1%8F%20%2810%29.jpg HTTP/1.1" 200 OK
INFO:     37.110.214.9:0 - "GET /static/images/products/Fresh%20Garden%20Salad.jpg HTTP/1.1" 200 OK
INFO:     37.110.214.9:0 - "GET /static/images/products/%D0%91%D0%B5%D0%B7%20%D0%BD%D0%B0%D0%B7%D0%B2%D0%B0%D0%BD%D0%B8%D1%8F%20%281%29.png HTTP/1.1" 200 OK
[cloudflared] 2026-04-16T16:31:53Z ERR  error="http2: stream closed" connIndex=0 event=1 ingressRule=0 originService=http://localhost:8000
[cloudflared] 2026-04-16T16:31:53Z ERR failed to serve incoming request error="Failed to proxy HTTP: http2: stream closed"
2026-04-16 21:32:11,195 INFO sqlalchemy.engine.Engine BEGIN (implicit)
2026-04-16 21:32:11,226 INFO sqlalchemy.engine.Engine SELECT users.id, users.telegram_id, users.group_chat_id, users.first_name, users.last_name, users.username, users.phone, users.language, users.is_active, users.is_admin, users.is_superadmin, users.owner_id, users.created_at, users.updated_at 
FROM users 
WHERE users.telegram_id = ?
2026-04-16 21:32:11,228 INFO sqlalchemy.engine.Engine [generated in 0.00187s] (7050931642,)
2026-04-16 21:32:11,234 INFO sqlalchemy.engine.Engine SELECT orders.user_id AS orders_user_id, orders.id AS orders_id, orders.address_id AS orders_address_id, orders.branch_id AS orders_branch_id, orders.courier_id AS orders_courier_id, orders.courier_name AS orders_courier_name, orders.status AS orders_status, orders.subtotal AS orders_subtotal, orders.delivery_fee AS orders_delivery_fee, orders.discount AS orders_discount, orders.total_amount AS orders_total_amount, orders.payment_method AS orders_payment_method, orders.payment_status AS orders_payment_status, orders.latitude AS orders_latitude, orders.longitude AS orders_longitude, orders.delivery_address_text AS orders_delivery_address_text, orders.maps_url AS orders_maps_url, orders.comment AS orders_comment, orders.promo_code AS orders_promo_code, orders.idempotency_key AS orders_idempotency_key, orders.created_at AS orders_created_at, orders.accepted_at AS orders_accepted_at, orders.confirmed_at AS orders_confirmed_at, orders.completed_at AS orders_completed_at, orders.delivered_at AS orders_delivered_at 
FROM orders 
WHERE orders.user_id IN (?)
2026-04-16 21:32:11,235 INFO sqlalchemy.engine.Engine [generated in 0.00086s] (16,)
2026-04-16 21:32:11,242 INFO sqlalchemy.engine.Engine SELECT addresses.user_id AS addresses_user_id, addresses.id AS addresses_id, addresses.title AS addresses_title, addresses.address_line AS addresses_address_line, addresses.lat AS addresses_lat, addresses.lng AS addresses_lng, addresses.apartment AS addresses_apartment, addresses.floor AS addresses_floor, addresses.entrance AS addresses_entrance, addresses.door_code AS addresses_door_code, addresses.landmark AS addresses_landmark, addresses.comment AS addresses_comment, addresses.is_default AS addresses_is_default, addresses.created_at AS addresses_created_at 
FROM addresses 
WHERE addresses.user_id IN (?)
2026-04-16 21:32:11,243 INFO sqlalchemy.engine.Engine [generated in 0.00092s] (16,)
2026-04-16 21:32:11,245 INFO sqlalchemy.engine.Engine SELECT carts.user_id AS carts_user_id, carts.id AS carts_id, carts.status AS carts_status, carts.created_at AS carts_created_at, carts.updated_at AS carts_updated_at 
FROM carts 
WHERE carts.user_id IN (?)
2026-04-16 21:32:11,246 INFO sqlalchemy.engine.Engine [generated in 0.00067s] (16,)
2026-04-16 21:32:11,249 INFO sqlalchemy.engine.Engine UPDATE users SET language=?, updated_at=CURRENT_TIMESTAMP WHERE users.id = ?
2026-04-16 21:32:11,250 INFO sqlalchemy.engine.Engine [generated in 0.00079s] ('uz', 16)
2026-04-16 21:32:11,252 INFO sqlalchemy.engine.Engine COMMIT
INFO:     37.110.214.9:0 - "GET /webapp/ HTTP/1.1" 200 OK
INFO:     37.110.214.9:0 - "GET /static/js/api.js?v=20260416-3 HTTP/1.1" 304 Not Modified
INFO:     37.110.214.9:0 - "GET /static/js/auth.js?v=20260416-5 HTTP/1.1" 304 Not Modified
INFO:     37.110.214.9:0 - "GET /favicon.ico HTTP/1.1" 404 Not Found
{"timestamp": "2026-04-16T16:32:33.934059+00:00", "level": "WARNING", "message": "app_exception", "module": "exceptions", "logger": "food_delivery.app.core.exceptions", "extra": {"taskName": "Task-72", "path": "/api/v1/users/me", "code": "UNAUTHORIZED", "detail": "Missing credentials", "field": null}}
INFO:     37.110.214.9:0 - "GET /api/v1/users/me HTTP/1.1" 401 Unauthorized
INFO:     37.110.214.9:0 - "GET /api/v1/categories HTTP/1.1" 200 OK
{"timestamp": "2026-04-16T16:32:45.783474+00:00", "level": "WARNING", "message": "app_exception", "module": "exceptions", "logger": "food_delivery.app.core.exceptions", "extra": {"taskName": "Task-77", "path": "/api/v1/cart", "code": "UNAUTHORIZED", "detail": "Missing credentials", "field": null}}
INFO:     37.110.214.9:0 - "GET /api/v1/cart HTTP/1.1" 401 Unauthorized
INFO:     37.110.214.9:0 - "GET /api/v1/products?page=1&size=40 HTTP/1.1" 200 OK
INFO:     37.110.214.9:0 - "GET /static/images/products/%D0%91%D0%B5%D0%B7%20%D0%BD%D0%B0%D0%B7%D0%B2%D0%B0%D0%BD%D0%B8%D1%8F%20%2812%29.jpg HTTP/1.1" 200 OK
INFO:     37.110.214.9:0 - "GET /static/images/products/%D0%91%D0%B5%D0%B7%20%D0%BD%D0%B0%D0%B7%D0%B2%D0%B0%D0%BD%D0%B8%D1%8F%20%2814%29.jpg HTTP/1.1" 200 OK
INFO:     37.110.214.9:0 - "GET /static/images/products/%D0%91%D0%B5%D0%B7%20%D0%BD%D0%B0%D0%B7%D0%B2%D0%B0%D0%BD%D0%B8%D1%8F%20%2811%29.jpg HTTP/1.1" 200 OK
INFO:     37.110.214.9:0 - "GET /static/images/products/%D0%91%D0%B5%D0%B7%20%D0%BD%D0%B0%D0%B7%D0%B2%D0%B0%D0%BD%D0%B8%D1%8F%20%2810%29.jpg HTTP/1.1" 200 OK
INFO:     37.110.214.9:0 - "GET /static/images/products/Vegetable%20salad.jpg HTTP/1.1" 200 OK
INFO:     37.110.214.9:0 - "GET /static/images/products/%D0%91%D0%B5%D0%B7%20%D0%BD%D0%B0%D0%B7%D0%B2%D0%B0%D0%BD%D0%B8%D1%8F%20%281%29.png HTTP/1.1" 200 OK
INFO:     37.110.214.9:0 - "GET /static/images/products/Fresh%20Garden%20Salad.jpg HTTP/1.1" 200 OK
INFO:     37.110.214.9:0 - "GET /static/images/products/%D0%91%D0%B5%D0%B7%20%D0%BD%D0%B0%D0%B7%D0%B2%D0%B0%D0%BD%D0%B8%D1%8F%20%2813%29.jpg HTTP/1.1" 200 OK
{"timestamp": "2026-04-16T16:32:50.025228+00:00", "level": "WARNING", "message": "app_exception", "module": "exceptions", "logger": "food_delivery.app.core.exceptions", "extra": {"taskName": "Task-97", "path": "/api/v1/cart/items", "code": "UNAUTHORIZED", "detail": "Missing credentials", "field": null}}
INFO:     37.110.214.9:0 - "POST /api/v1/cart/items HTTP/1.1" 401 Unauthorized
INFO:     37.110.214.9:0 - "GET /static/images/products/Payhip%20-%20Create%20a%20free%20website%20and%20sell%20online.jpg HTTP/1.1" 200 OK
INFO:     37.110.214.9:0 - "GET /static/images/products/Pasta%20%F0%9F%8D%B2%F0%9F%8D%B2.png HTTP/1.1" 200 OK
INFO:     37.110.214.9:0 - "GET /static/images/products/Beef%20and%20Vegetable%20Kabobs%20with%20Lemon%20Herb%20Marinade.jpg HTTP/1.1" 200 OK
{"timestamp": "2026-04-16T16:32:59.437628+00:00", "level": "WARNING", "message": "app_exception", "module": "exceptions", "logger": "food_delivery.app.core.exceptions", "extra": {"taskName": "Task-104", "path": "/api/v1/cart/items", "code": "UNAUTHORIZED", "detail": "Missing credentials", "field": null}}
INFO:     37.110.214.9:0 - "POST /api/v1/cart/items HTTP/1.1" 401 Unauthorized
{"timestamp": "2026-04-16T16:33:03.829803+00:00", "level": "WARNING", "message": "app_exception", "module": "exceptions", "logger": "food_delivery.app.core.exceptions", "extra": {"taskName": "Task-106", "path": "/api/v1/cart/items", "code": "UNAUTHORIZED", "detail": "Missing credentials", "field": null}}
INFO:     37.110.214.9:0 - "POST /api/v1/cart/items HTTP/1.1" 401 Unauthorized
{"timestamp": "2026-04-16T16:33:03.835403+00:00", "level": "WARNING", "message": "app_exception", "module": "exceptions", "logger": "food_delivery.app.core.exceptions", "extra": {"taskName": "Task-109", "path": "/api/v1/cart/items", "code": "UNAUTHORIZED", "detail": "Missing credentials", "field": null}}
INFO:     37.110.214.9:0 - "POST /api/v1/cart/items HTTP/1.1" 401 Unauthorized
INFO:     37.110.214.9:0 - "GET /webapp/orders HTTP/1.1" 200 OK
INFO:     37.110.214.9:0 - "GET /static/js/orders.js?v=20260416-1 HTTP/1.1" 200 OK
INFO:     37.110.214.9:0 - "GET /static/js/auth.js?v=20260416-5 HTTP/1.1" 304 Not Modified
INFO:     37.110.214.9:0 - "GET /static/js/api.js?v=20260416-3 HTTP/1.1" 304 Not Modified
INFO:     37.110.214.9:0 - "GET /webapp/cart HTTP/1.1" 200 OK
INFO:     37.110.214.9:0 - "GET /static/js/cart.js?v=20260416-1 HTTP/1.1" 200 OK
