Using DATABASE_URL=sqlite+aiosqlite:///./food_delivery.db
Using REDIS_URL=redis://localhost:6379/0
Using WEBAPP_URL=http://localhost:8000/webapp/
Using npm cache=C:\Users\Roma\Desktop\Telegram_bot\food_delivery\.npm-cache
Using DEV_RELOAD=0
Using DEV_TUNNEL_PROVIDER=none
{"timestamp": "2026-04-16T16:10:59.311290+00:00", "level": "INFO", "message": "application_startup", "module": "main", "logger": "food_delivery.app.main", "extra": {"taskName": "Task-2"}}
{"timestamp": "2026-04-16T16:11:00.327495+00:00", "level": "WARNING", "message": "redis_unavailable", "module": "main", "logger": "food_delivery.app.main", "extra": {"taskName": "Task-2"}}
{"timestamp": "2026-04-16T16:11:00.375647+00:00", "level": "WARNING", "message": "redis_fallback_enabled", "module": "main", "logger": "food_delivery.app.main", "extra": {"taskName": "Task-2"}}
INFO:     127.0.0.1:62237 - "GET /health HTTP/1.1" 200 OK
2026-04-16 21:12:46,830 INFO sqlalchemy.engine.Engine BEGIN (implicit)
2026-04-16 21:12:46,873 INFO sqlalchemy.engine.Engine SELECT users.id, users.telegram_id, users.group_chat_id, users.first_name, users.last_name, users.username, users.phone, users.language, users.is_active, users.is_admin, users.is_superadmin, users.owner_id, users.created_at, users.updated_at 
FROM users 
WHERE users.telegram_id = ?
2026-04-16 21:12:46,874 INFO sqlalchemy.engine.Engine [generated in 0.00099s] (6412887832,)
2026-04-16 21:12:46,881 INFO sqlalchemy.engine.Engine SELECT orders.user_id AS orders_user_id, orders.id AS orders_id, orders.address_id AS orders_address_id, orders.branch_id AS orders_branch_id, orders.courier_id AS orders_courier_id, orders.courier_name AS orders_courier_name, orders.status AS orders_status, orders.subtotal AS orders_subtotal, orders.delivery_fee AS orders_delivery_fee, orders.discount AS orders_discount, orders.total_amount AS orders_total_amount, orders.payment_method AS orders_payment_method, orders.payment_status AS orders_payment_status, orders.latitude AS orders_latitude, orders.longitude AS orders_longitude, orders.delivery_address_text AS orders_delivery_address_text, orders.maps_url AS orders_maps_url, orders.comment AS orders_comment, orders.promo_code AS orders_promo_code, orders.idempotency_key AS orders_idempotency_key, orders.created_at AS orders_created_at, orders.accepted_at AS orders_accepted_at, orders.confirmed_at AS orders_confirmed_at, orders.completed_at AS orders_completed_at, orders.delivered_at AS orders_delivered_at 
FROM orders 
WHERE orders.user_id IN (?)
2026-04-16 21:12:46,882 INFO sqlalchemy.engine.Engine [generated in 0.00115s] (1,)
2026-04-16 21:12:46,891 INFO sqlalchemy.engine.Engine SELECT addresses.user_id AS addresses_user_id, addresses.id AS addresses_id, addresses.title AS addresses_title, addresses.address_line AS addresses_address_line, addresses.lat AS addresses_lat, addresses.lng AS addresses_lng, addresses.apartment AS addresses_apartment, addresses.floor AS addresses_floor, addresses.entrance AS addresses_entrance, addresses.door_code AS addresses_door_code, addresses.landmark AS addresses_landmark, addresses.comment AS addresses_comment, addresses.is_default AS addresses_is_default, addresses.created_at AS addresses_created_at 
FROM addresses 
WHERE addresses.user_id IN (?)
2026-04-16 21:12:46,892 INFO sqlalchemy.engine.Engine [generated in 0.00111s] (1,)
2026-04-16 21:12:46,896 INFO sqlalchemy.engine.Engine SELECT carts.user_id AS carts_user_id, carts.id AS carts_id, carts.status AS carts_status, carts.created_at AS carts_created_at, carts.updated_at AS carts_updated_at 
FROM carts 
WHERE carts.user_id IN (?)
2026-04-16 21:12:46,898 INFO sqlalchemy.engine.Engine [generated in 0.00114s] (1,)
2026-04-16 21:12:46,901 INFO sqlalchemy.engine.Engine SELECT order_items.order_id AS order_items_order_id, order_items.id AS order_items_id, order_items.product_id AS order_items_product_id, order_items.variant_id AS order_items_variant_id, order_items.quantity AS order_items_quantity, order_items.unit_price AS order_items_unit_price, order_items.total_price AS order_items_total_price, order_items.snapshot_json AS order_items_snapshot_json 
FROM order_items 
WHERE order_items.order_id IN (?, ?, ?, ?, ?, ?)
2026-04-16 21:12:46,902 INFO sqlalchemy.engine.Engine [generated in 0.00130s] (1, 3, 13, 14, 15, 18)
2026-04-16 21:12:46,907 INFO sqlalchemy.engine.Engine UPDATE users SET language=?, updated_at=CURRENT_TIMESTAMP WHERE users.id = ?
2026-04-16 21:12:46,908 INFO sqlalchemy.engine.Engine [generated in 0.00110s] ('en', 1)
2026-04-16 21:12:46,913 INFO sqlalchemy.engine.Engine COMMIT
