INFO:root:Chat menu button set to commands. webapp_url=https://steering-therapeutic-caribbean-theme.trycloudflare.com/webapp/
INFO:aiogram.dispatcher:Start polling
INFO:aiogram.dispatcher:Run polling for bot @foodexpress24_bot id=8772453459 - 'FoodExpressBot'
INFO:     Started server process [12380]
INFO:     Waiting for application startup.
INFO:     Application startup complete.
INFO:     Uvicorn running on http://0.0.0.0:8000 (Press CTRL+C to quit)
INFO:food_delivery.bot.middlewares.logging:bot_update Update
INFO:aiogram.event:Update id=963835911 is handled. Duration 1066 ms by bot id=8772453459
INFO:food_delivery.bot.middlewares.logging:bot_update Update
INFO:sqlalchemy.engine.Engine:BEGIN (implicit)
INFO:sqlalchemy.engine.Engine:SELECT users.id, users.telegram_id, users.group_chat_id, users.first_name, users.last_name, users.username, users.phone, users.language, users.is_active, users.is_admin, users.is_superadmin, users.owner_id, users.created_at, users.updated_at 
FROM users 
WHERE users.telegram_id = ?
INFO:sqlalchemy.engine.Engine:[generated in 0.00169s] (7050931642,)
INFO:sqlalchemy.engine.Engine:SELECT orders.user_id AS orders_user_id, orders.id AS orders_id, orders.address_id AS orders_address_id, orders.branch_id AS orders_branch_id, orders.courier_id AS orders_courier_id, orders.courier_name AS orders_courier_name, orders.status AS orders_status, orders.subtotal AS orders_subtotal, orders.delivery_fee AS orders_delivery_fee, orders.discount AS orders_discount, orders.total_amount AS orders_total_amount, orders.payment_method AS orders_payment_method, orders.payment_status AS orders_payment_status, orders.latitude AS orders_latitude, orders.longitude AS orders_longitude, orders.delivery_address_text AS orders_delivery_address_text, orders.maps_url AS orders_maps_url, orders.comment AS orders_comment, orders.promo_code AS orders_promo_code, orders.idempotency_key AS orders_idempotency_key, orders.created_at AS orders_created_at, orders.accepted_at AS orders_accepted_at, orders.confirmed_at AS orders_confirmed_at, orders.completed_at AS orders_completed_at, orders.delivered_at AS orders_delivered_at 
FROM orders 
WHERE orders.user_id IN (?)
INFO:sqlalchemy.engine.Engine:[generated in 0.00100s] (16,)
INFO:sqlalchemy.engine.Engine:SELECT addresses.user_id AS addresses_user_id, addresses.id AS addresses_id, addresses.title AS addresses_title, addresses.address_line AS addresses_address_line, addresses.lat AS addresses_lat, addresses.lng AS addresses_lng, addresses.apartment AS addresses_apartment, addresses.floor AS addresses_floor, addresses.entrance AS addresses_entrance, addresses.door_code AS addresses_door_code, addresses.landmark AS addresses_landmark, addresses.comment AS addresses_comment, addresses.is_default AS addresses_is_default, addresses.created_at AS addresses_created_at 
FROM addresses 
WHERE addresses.user_id IN (?)
INFO:sqlalchemy.engine.Engine:[generated in 0.00116s] (16,)
INFO:sqlalchemy.engine.Engine:SELECT carts.user_id AS carts_user_id, carts.id AS carts_id, carts.status AS carts_status, carts.created_at AS carts_created_at, carts.updated_at AS carts_updated_at 
FROM carts 
WHERE carts.user_id IN (?)
INFO:sqlalchemy.engine.Engine:[generated in 0.00076s] (16,)
INFO:sqlalchemy.engine.Engine:ROLLBACK
INFO:aiogram.event:Update id=963835912 is handled. Duration 503 ms by bot id=8772453459
INFO:food_delivery.bot.middlewares.logging:bot_update Update
INFO:httpx:HTTP Request: GET http://localhost:8000/api/v1/admin/products "HTTP/1.1 200 OK"
INFO:aiogram.event:Update id=963835913 is handled. Duration 1058 ms by bot id=8772453459
INFO:food_delivery.bot.middlewares.logging:bot_update Update
INFO:httpx:HTTP Request: GET http://localhost:8000/api/v1/admin/orders?page=1&size=30 "HTTP/1.1 200 OK"
INFO:aiogram.event:Update id=963835914 is handled. Duration 942 ms by bot id=8772453459
INFO:food_delivery.bot.middlewares.logging:bot_update Update
INFO:httpx:HTTP Request: GET http://localhost:8000/api/v1/profile "HTTP/1.1 200 OK"
INFO:aiogram.event:Update id=963835915 is handled. Duration 896 ms by bot id=8772453459
INFO:food_delivery.bot.middlewares.logging:bot_update Update
INFO:httpx:HTTP Request: GET http://localhost:8000/api/v1/superadmin/admins "HTTP/1.1 200 OK"
INFO:aiogram.event:Update id=963835916 is handled. Duration 911 ms by bot id=8772453459
INFO:food_delivery.bot.middlewares.logging:bot_update Update
INFO:aiogram.event:Update id=963835917 is handled. Duration 207 ms by bot id=8772453459
INFO:food_delivery.bot.middlewares.logging:bot_update Update
INFO:aiogram.event:Update id=963835918 is handled. Duration 289 ms by bot id=8772453459
INFO:food_delivery.bot.middlewares.logging:bot_update Update
INFO:sqlalchemy.engine.Engine:BEGIN (implicit)
INFO:sqlalchemy.engine.Engine:SELECT users.id, users.telegram_id, users.group_chat_id, users.first_name, users.last_name, users.username, users.phone, users.language, users.is_active, users.is_admin, users.is_superadmin, users.owner_id, users.created_at, users.updated_at 
FROM users 
WHERE users.telegram_id = ?
INFO:sqlalchemy.engine.Engine:[cached since 59.64s ago] (6412887832,)
INFO:sqlalchemy.engine.Engine:SELECT orders.user_id AS orders_user_id, orders.id AS orders_id, orders.address_id AS orders_address_id, orders.branch_id AS orders_branch_id, orders.courier_id AS orders_courier_id, orders.courier_name AS orders_courier_name, orders.status AS orders_status, orders.subtotal AS orders_subtotal, orders.delivery_fee AS orders_delivery_fee, orders.discount AS orders_discount, orders.total_amount AS orders_total_amount, orders.payment_method AS orders_payment_method, orders.payment_status AS orders_payment_status, orders.latitude AS orders_latitude, orders.longitude AS orders_longitude, orders.delivery_address_text AS orders_delivery_address_text, orders.maps_url AS orders_maps_url, orders.comment AS orders_comment, orders.promo_code AS orders_promo_code, orders.idempotency_key AS orders_idempotency_key, orders.created_at AS orders_created_at, orders.accepted_at AS orders_accepted_at, orders.confirmed_at AS orders_confirmed_at, orders.completed_at AS orders_completed_at, orders.delivered_at AS orders_delivered_at 
FROM orders 
WHERE orders.user_id IN (?)
INFO:sqlalchemy.engine.Engine:[cached since 59.63s ago] (1,)
INFO:sqlalchemy.engine.Engine:SELECT addresses.user_id AS addresses_user_id, addresses.id AS addresses_id, addresses.title AS addresses_title, addresses.address_line AS addresses_address_line, addresses.lat AS addresses_lat, addresses.lng AS addresses_lng, addresses.apartment AS addresses_apartment, addresses.floor AS addresses_floor, addresses.entrance AS addresses_entrance, addresses.door_code AS addresses_door_code, addresses.landmark AS addresses_landmark, addresses.comment AS addresses_comment, addresses.is_default AS addresses_is_default, addresses.created_at AS addresses_created_at 
FROM addresses 
WHERE addresses.user_id IN (?)
INFO:sqlalchemy.engine.Engine:[cached since 59.63s ago] (1,)
INFO:sqlalchemy.engine.Engine:SELECT carts.user_id AS carts_user_id, carts.id AS carts_id, carts.status AS carts_status, carts.created_at AS carts_created_at, carts.updated_at AS carts_updated_at 
FROM carts 
WHERE carts.user_id IN (?)
INFO:sqlalchemy.engine.Engine:[cached since 59.63s ago] (1,)
INFO:sqlalchemy.engine.Engine:SELECT order_items.order_id AS order_items_order_id, order_items.id AS order_items_id, order_items.product_id AS order_items_product_id, order_items.variant_id AS order_items_variant_id, order_items.quantity AS order_items_quantity, order_items.unit_price AS order_items_unit_price, order_items.total_price AS order_items_total_price, order_items.snapshot_json AS order_items_snapshot_json 
FROM order_items 
WHERE order_items.order_id IN (?, ?, ?, ?, ?, ?)
INFO:sqlalchemy.engine.Engine:[generated in 0.00129s] (1, 3, 13, 14, 15, 18)
INFO:sqlalchemy.engine.Engine:ROLLBACK
INFO:aiogram.event:Update id=963835919 is handled. Duration 241 ms by bot id=8772453459
INFO:food_delivery.bot.middlewares.logging:bot_update Update
INFO:aiogram.event:Update id=963835920 is handled. Duration 309 ms by bot id=8772453459
INFO:food_delivery.bot.middlewares.logging:bot_update Update
INFO:httpx:HTTP Request: GET http://localhost:8000/api/v1/superadmin/whitelist "HTTP/1.1 200 OK"
INFO:aiogram.event:Update id=963835921 is handled. Duration 1266 ms by bot id=8772453459
