INFO:     Started server process [14664]
INFO:     Waiting for application startup.
INFO:root:Chat menu button set to commands. webapp_url=https://generates-gardens-fundamentals-kings.trycloudflare.com/webapp/
INFO:aiogram.dispatcher:Start polling
INFO:aiogram.dispatcher:Run polling for bot @foodexpress24_bot id=8772453459 - 'FoodExpressBot'
INFO:     Application startup complete.
INFO:     Uvicorn running on http://0.0.0.0:8000 (Press CTRL+C to quit)
INFO:food_delivery.bot.middlewares.logging:bot_update Update
INFO:aiogram.event:Update id=963835876 is handled. Duration 3136 ms by bot id=8772453459
INFO:food_delivery.bot.middlewares.logging:bot_update Update
INFO:aiogram.event:Update id=963835877 is handled. Duration 466 ms by bot id=8772453459
INFO:food_delivery.bot.middlewares.logging:bot_update Update
INFO:aiogram.event:Update id=963835878 is not handled. Duration 6 ms by bot id=8772453459
INFO:food_delivery.bot.middlewares.logging:bot_update Update
INFO:aiogram.event:Update id=963835879 is handled. Duration 461 ms by bot id=8772453459
INFO:food_delivery.bot.middlewares.logging:bot_update Update
INFO:aiogram.event:Update id=963835880 is handled. Duration 832 ms by bot id=8772453459
INFO:food_delivery.bot.middlewares.logging:bot_update Update
INFO:sqlalchemy.engine.Engine:BEGIN (implicit)
INFO:sqlalchemy.engine.Engine:SELECT users.id, users.telegram_id, users.group_chat_id, users.first_name, users.last_name, users.username, users.phone, users.language, users.is_active, users.is_admin, users.is_superadmin, users.owner_id, users.created_at, users.updated_at 
FROM users 
WHERE users.telegram_id = ?
INFO:sqlalchemy.engine.Engine:[generated in 0.00124s] (7050931642,)
INFO:sqlalchemy.engine.Engine:SELECT orders.user_id AS orders_user_id, orders.id AS orders_id, orders.address_id AS orders_address_id, orders.branch_id AS orders_branch_id, orders.courier_id AS orders_courier_id, orders.courier_name AS orders_courier_name, orders.status AS orders_status, orders.subtotal AS orders_subtotal, orders.delivery_fee AS orders_delivery_fee, orders.discount AS orders_discount, orders.total_amount AS orders_total_amount, orders.payment_method AS orders_payment_method, orders.payment_status AS orders_payment_status, orders.latitude AS orders_latitude, orders.longitude AS orders_longitude, orders.delivery_address_text AS orders_delivery_address_text, orders.maps_url AS orders_maps_url, orders.comment AS orders_comment, orders.promo_code AS orders_promo_code, orders.idempotency_key AS orders_idempotency_key, orders.created_at AS orders_created_at, orders.accepted_at AS orders_accepted_at, orders.confirmed_at AS orders_confirmed_at, orders.completed_at AS orders_completed_at, orders.delivered_at AS orders_delivered_at 
FROM orders 
WHERE orders.user_id IN (?)
INFO:sqlalchemy.engine.Engine:[generated in 0.00132s] (16,)
INFO:sqlalchemy.engine.Engine:SELECT addresses.user_id AS addresses_user_id, addresses.id AS addresses_id, addresses.title AS addresses_title, addresses.address_line AS addresses_address_line, addresses.lat AS addresses_lat, addresses.lng AS addresses_lng, addresses.apartment AS addresses_apartment, addresses.floor AS addresses_floor, addresses.entrance AS addresses_entrance, addresses.door_code AS addresses_door_code, addresses.landmark AS addresses_landmark, addresses.comment AS addresses_comment, addresses.is_default AS addresses_is_default, addresses.created_at AS addresses_created_at 
FROM addresses 
WHERE addresses.user_id IN (?)
INFO:sqlalchemy.engine.Engine:[generated in 0.00141s] (16,)
INFO:sqlalchemy.engine.Engine:SELECT carts.user_id AS carts_user_id, carts.id AS carts_id, carts.status AS carts_status, carts.created_at AS carts_created_at, carts.updated_at AS carts_updated_at 
FROM carts 
WHERE carts.user_id IN (?)
INFO:sqlalchemy.engine.Engine:[generated in 0.00081s] (16,)
INFO:sqlalchemy.engine.Engine:UPDATE users SET phone=?, language=?, updated_at=CURRENT_TIMESTAMP WHERE users.id = ?
INFO:sqlalchemy.engine.Engine:[generated in 0.00072s] ('+998932500804', 'ru', 16)
INFO:sqlalchemy.engine.Engine:COMMIT
INFO:aiogram.event:Update id=963835881 is handled. Duration 565 ms by bot id=8772453459
INFO:food_delivery.bot.middlewares.logging:bot_update Update
INFO:aiogram.event:Update id=963835882 is handled. Duration 1243 ms by bot id=8772453459
INFO:food_delivery.bot.middlewares.logging:bot_update Update
INFO:aiogram.event:Update id=963835883 is handled. Duration 439 ms by bot id=8772453459
INFO:food_delivery.bot.middlewares.logging:bot_update Update
INFO:aiogram.event:Update id=963835884 is handled. Duration 566 ms by bot id=8772453459
INFO:food_delivery.bot.middlewares.logging:bot_update Update
INFO:aiogram.event:Update id=963835885 is handled. Duration 1018 ms by bot id=8772453459
INFO:food_delivery.bot.middlewares.logging:bot_update Update
INFO:sqlalchemy.engine.Engine:BEGIN (implicit)
INFO:sqlalchemy.engine.Engine:SELECT users.id, users.telegram_id, users.group_chat_id, users.first_name, users.last_name, users.username, users.phone, users.language, users.is_active, users.is_admin, users.is_superadmin, users.owner_id, users.created_at, users.updated_at 
FROM users 
WHERE users.telegram_id = ?
INFO:sqlalchemy.engine.Engine:[cached since 130s ago] (6412887832,)
INFO:sqlalchemy.engine.Engine:SELECT orders.user_id AS orders_user_id, orders.id AS orders_id, orders.address_id AS orders_address_id, orders.branch_id AS orders_branch_id, orders.courier_id AS orders_courier_id, orders.courier_name AS orders_courier_name, orders.status AS orders_status, orders.subtotal AS orders_subtotal, orders.delivery_fee AS orders_delivery_fee, orders.discount AS orders_discount, orders.total_amount AS orders_total_amount, orders.payment_method AS orders_payment_method, orders.payment_status AS orders_payment_status, orders.latitude AS orders_latitude, orders.longitude AS orders_longitude, orders.delivery_address_text AS orders_delivery_address_text, orders.maps_url AS orders_maps_url, orders.comment AS orders_comment, orders.promo_code AS orders_promo_code, orders.idempotency_key AS orders_idempotency_key, orders.created_at AS orders_created_at, orders.accepted_at AS orders_accepted_at, orders.confirmed_at AS orders_confirmed_at, orders.completed_at AS orders_completed_at, orders.delivered_at AS orders_delivered_at 
FROM orders 
WHERE orders.user_id IN (?)
INFO:sqlalchemy.engine.Engine:[cached since 130s ago] (1,)
INFO:sqlalchemy.engine.Engine:SELECT addresses.user_id AS addresses_user_id, addresses.id AS addresses_id, addresses.title AS addresses_title, addresses.address_line AS addresses_address_line, addresses.lat AS addresses_lat, addresses.lng AS addresses_lng, addresses.apartment AS addresses_apartment, addresses.floor AS addresses_floor, addresses.entrance AS addresses_entrance, addresses.door_code AS addresses_door_code, addresses.landmark AS addresses_landmark, addresses.comment AS addresses_comment, addresses.is_default AS addresses_is_default, addresses.created_at AS addresses_created_at 
FROM addresses 
WHERE addresses.user_id IN (?)
INFO:sqlalchemy.engine.Engine:[cached since 130.1s ago] (1,)
INFO:sqlalchemy.engine.Engine:SELECT carts.user_id AS carts_user_id, carts.id AS carts_id, carts.status AS carts_status, carts.created_at AS carts_created_at, carts.updated_at AS carts_updated_at 
FROM carts 
WHERE carts.user_id IN (?)
INFO:sqlalchemy.engine.Engine:[cached since 130.1s ago] (1,)
INFO:sqlalchemy.engine.Engine:SELECT order_items.order_id AS order_items_order_id, order_items.id AS order_items_id, order_items.product_id AS order_items_product_id, order_items.variant_id AS order_items_variant_id, order_items.quantity AS order_items_quantity, order_items.unit_price AS order_items_unit_price, order_items.total_price AS order_items_total_price, order_items.snapshot_json AS order_items_snapshot_json 
FROM order_items 
WHERE order_items.order_id IN (?, ?, ?, ?, ?, ?)
INFO:sqlalchemy.engine.Engine:[generated in 0.00068s] (1, 3, 13, 14, 15, 18)
INFO:sqlalchemy.engine.Engine:UPDATE users SET language=?, updated_at=CURRENT_TIMESTAMP WHERE users.id = ?
INFO:sqlalchemy.engine.Engine:[generated in 0.00074s] ('uz', 1)
INFO:sqlalchemy.engine.Engine:COMMIT
INFO:aiogram.event:Update id=963835886 is handled. Duration 702 ms by bot id=8772453459
INFO:food_delivery.bot.middlewares.logging:bot_update Update
INFO:aiogram.event:Update id=963835887 is handled. Duration 558 ms by bot id=8772453459
INFO:food_delivery.bot.middlewares.logging:bot_update Update
INFO:aiogram.event:Update id=963835888 is handled. Duration 413 ms by bot id=8772453459
INFO:food_delivery.bot.middlewares.logging:bot_update Update
INFO:aiogram.event:Update id=963835889 is handled. Duration 270 ms by bot id=8772453459
