{"timestamp": "2026-04-16T17:02:42.945462+00:00", "level": "INFO", "message": "application_startup", "module": "main", "logger": "food_delivery.app.main", "extra": {"taskName": "Task-2"}}
{"timestamp": "2026-04-16T17:02:43.960380+00:00", "level": "WARNING", "message": "redis_unavailable", "module": "main", "logger": "food_delivery.app.main", "extra": {"taskName": "Task-2"}}
{"timestamp": "2026-04-16T17:02:44.020431+00:00", "level": "WARNING", "message": "redis_fallback_enabled", "module": "main", "logger": "food_delivery.app.main", "extra": {"taskName": "Task-2"}}
INFO:     37.110.214.9:0 - "GET /health HTTP/1.1" 200 OK
INFO:     37.110.214.9:0 - "GET /webapp/ HTTP/1.1" 200 OK
INFO:     37.110.214.9:0 - "GET /static/js/api.js?v=20260416-6 HTTP/1.1" 200 OK
INFO:     37.110.214.9:0 - "GET /static/js/auth.js?v=20260416-8 HTTP/1.1" 200 OK
INFO:     37.110.214.9:0 - "GET /favicon.ico HTTP/1.1" 404 Not Found
INFO:     37.110.214.9:0 - "OPTIONS /api/v1/users/me HTTP/1.1" 200 OK
{"timestamp": "2026-04-16T17:04:26.805770+00:00", "level": "WARNING", "message": "missing_credentials_with_headers", "module": "deps", "logger": "food_delivery.app.api.deps", "extra": {"taskName": "Task-16", "path": "/api/v1/users/me", "origin": "https://marie-bald-plane-fly.trycloudflare.com", "referer": "https://marie-bald-plane-fly.trycloudflare.com/", "has_authorization": false, "has_x_telegram_init_data": false, "has_x_telegram_init_data_alt": false, "has_x_init_data": false}}
{"timestamp": "2026-04-16T17:04:26.810146+00:00", "level": "WARNING", "message": "app_exception", "module": "exceptions", "logger": "food_delivery.app.core.exceptions", "extra": {"taskName": "Task-16", "path": "/api/v1/users/me", "code": "UNAUTHORIZED", "detail": "Missing credentials", "field": null}}
INFO:     37.110.214.9:0 - "GET /api/v1/users/me HTTP/1.1" 401 Unauthorized
INFO:     37.110.214.9:0 - "OPTIONS /api/v1/categories HTTP/1.1" 200 OK
{"timestamp": "2026-04-16T17:04:38.584400+00:00", "level": "DEBUG", "message": "executing <function connect.<locals>.connector at 0x000001E989903740>", "module": "core", "logger": "aiosqlite", "extra": {"taskName": null}}
{"timestamp": "2026-04-16T17:04:38.588513+00:00", "level": "DEBUG", "message": "operation <function connect.<locals>.connector at 0x000001E989903740> completed", "module": "core", "logger": "aiosqlite", "extra": {"taskName": null}}
{"timestamp": "2026-04-16T17:04:38.589497+00:00", "level": "DEBUG", "message": "executing functools.partial(<built-in method create_function of sqlite3.Connection object at 0x000001E9898B7D30>, 'regexp', 2, <function SQLiteDialect_pysqlite.on_connect.<locals>.regexp at 0x000001E9836DC2C0>, deterministic=True)", "module": "core", "logger": "aiosqlite", "extra": {"taskName": null}}
{"timestamp": "2026-04-16T17:04:38.590115+00:00", "level": "DEBUG", "message": "operation functools.partial(<built-in method create_function of sqlite3.Connection object at 0x000001E9898B7D30>, 'regexp', 2, <function SQLiteDialect_pysqlite.on_connect.<locals>.regexp at 0x000001E9836DC2C0>, deterministic=True) completed", "module": "core", "logger": "aiosqlite", "extra": {"taskName": null}}
{"timestamp": "2026-04-16T17:04:38.590773+00:00", "level": "DEBUG", "message": "executing functools.partial(<built-in method create_function of sqlite3.Connection object at 0x000001E9898B7D30>, 'floor', 1, <built-in function floor>, deterministic=True)", "module": "core", "logger": "aiosqlite", "extra": {"taskName": null}}
{"timestamp": "2026-04-16T17:04:38.591188+00:00", "level": "DEBUG", "message": "operation functools.partial(<built-in method create_function of sqlite3.Connection object at 0x000001E9898B7D30>, 'floor', 1, <built-in function floor>, deterministic=True) completed", "module": "core", "logger": "aiosqlite", "extra": {"taskName": null}}
{"timestamp": "2026-04-16T17:04:38.591808+00:00", "level": "DEBUG", "message": "executing functools.partial(<built-in method cursor of sqlite3.Connection object at 0x000001E9898B7D30>)", "module": "core", "logger": "aiosqlite", "extra": {"taskName": null}}
{"timestamp": "2026-04-16T17:04:38.592132+00:00", "level": "DEBUG", "message": "operation functools.partial(<built-in method cursor of sqlite3.Connection object at 0x000001E9898B7D30>) completed", "module": "core", "logger": "aiosqlite", "extra": {"taskName": null}}
{"timestamp": "2026-04-16T17:04:38.592833+00:00", "level": "DEBUG", "message": "executing functools.partial(<built-in method execute of sqlite3.Cursor object at 0x000001E98996C240>, 'PRAGMA read_uncommitted', [])", "module": "core", "logger": "aiosqlite", "extra": {"taskName": null}}
{"timestamp": "2026-04-16T17:04:38.593265+00:00", "level": "DEBUG", "message": "operation functools.partial(<built-in method execute of sqlite3.Cursor object at 0x000001E98996C240>, 'PRAGMA read_uncommitted', []) completed", "module": "core", "logger": "aiosqlite", "extra": {"taskName": null}}
{"timestamp": "2026-04-16T17:04:38.593709+00:00", "level": "DEBUG", "message": "executing functools.partial(<built-in method fetchall of sqlite3.Cursor object at 0x000001E98996C240>)", "module": "core", "logger": "aiosqlite", "extra": {"taskName": null}}
{"timestamp": "2026-04-16T17:04:38.594008+00:00", "level": "DEBUG", "message": "operation functools.partial(<built-in method fetchall of sqlite3.Cursor object at 0x000001E98996C240>) completed", "module": "core", "logger": "aiosqlite", "extra": {"taskName": null}}
{"timestamp": "2026-04-16T17:04:38.594459+00:00", "level": "DEBUG", "message": "executing functools.partial(<built-in method close of sqlite3.Cursor object at 0x000001E98996C240>)", "module": "core", "logger": "aiosqlite", "extra": {"taskName": null}}
{"timestamp": "2026-04-16T17:04:38.594744+00:00", "level": "DEBUG", "message": "operation functools.partial(<built-in method close of sqlite3.Cursor object at 0x000001E98996C240>) completed", "module": "core", "logger": "aiosqlite", "extra": {"taskName": null}}
{"timestamp": "2026-04-16T17:04:38.595164+00:00", "level": "DEBUG", "message": "executing functools.partial(<built-in method rollback of sqlite3.Connection object at 0x000001E9898B7D30>)", "module": "core", "logger": "aiosqlite", "extra": {"taskName": null}}
{"timestamp": "2026-04-16T17:04:38.595442+00:00", "level": "DEBUG", "message": "operation functools.partial(<built-in method rollback of sqlite3.Connection object at 0x000001E9898B7D30>) completed", "module": "core", "logger": "aiosqlite", "extra": {"taskName": null}}
2026-04-16 22:04:38,596 INFO sqlalchemy.engine.Engine BEGIN (implicit)
{"timestamp": "2026-04-16T17:04:38.596421+00:00", "level": "INFO", "message": "BEGIN (implicit)", "module": "base", "logger": "sqlalchemy.engine.Engine", "extra": {"taskName": "Task-20"}}
2026-04-16 22:04:38,637 INFO sqlalchemy.engine.Engine SELECT categories.id, categories.owner_id, categories.name_uz, categories.name_ru, categories.image_url, categories.sort_order, categories.is_active 
FROM categories 
WHERE categories.is_active IS 1 ORDER BY categories.sort_order, categories.id
{"timestamp": "2026-04-16T17:04:38.638749+00:00", "level": "INFO", "message": "SELECT categories.id, categories.owner_id, categories.name_uz, categories.name_ru, categories.image_url, categories.sort_order, categories.is_active \nFROM categories \nWHERE categories.is_active IS 1 ORDER BY categories.sort_order, categories.id", "module": "base", "logger": "sqlalchemy.engine.Engine", "extra": {"taskName": "Task-20"}}
2026-04-16 22:04:38,639 INFO sqlalchemy.engine.Engine [generated in 0.00156s] ()
{"timestamp": "2026-04-16T17:04:38.639628+00:00", "level": "INFO", "message": "[generated in 0.00156s] ()", "module": "base", "logger": "sqlalchemy.engine.Engine", "extra": {"taskName": "Task-20"}}
{"timestamp": "2026-04-16T17:04:38.640352+00:00", "level": "DEBUG", "message": "executing functools.partial(<built-in method cursor of sqlite3.Connection object at 0x000001E9898B7D30>)", "module": "core", "logger": "aiosqlite", "extra": {"taskName": null}}
{"timestamp": "2026-04-16T17:04:38.640711+00:00", "level": "DEBUG", "message": "operation functools.partial(<built-in method cursor of sqlite3.Connection object at 0x000001E9898B7D30>) completed", "module": "core", "logger": "aiosqlite", "extra": {"taskName": null}}
{"timestamp": "2026-04-16T17:04:38.641541+00:00", "level": "DEBUG", "message": "executing functools.partial(<built-in method execute of sqlite3.Cursor object at 0x000001E989907E40>, 'SELECT categories.id, categories.owner_id, categories.name_uz, categories.name_ru, categories.image_url, categories.sort_order, categories.is_active \\nFROM categories \\nWHERE categories.is_active IS 1 ORDER BY categories.sort_order, categories.id', ())", "module": "core", "logger": "aiosqlite", "extra": {"taskName": null}}
{"timestamp": "2026-04-16T17:04:38.642937+00:00", "level": "DEBUG", "message": "operation functools.partial(<built-in method execute of sqlite3.Cursor object at 0x000001E989907E40>, 'SELECT categories.id, categories.owner_id, categories.name_uz, categories.name_ru, categories.image_url, categories.sort_order, categories.is_active \\nFROM categories \\nWHERE categories.is_active IS 1 ORDER BY categories.sort_order, categories.id', ()) completed", "module": "core", "logger": "aiosqlite", "extra": {"taskName": null}}
{"timestamp": "2026-04-16T17:04:38.643520+00:00", "level": "DEBUG", "message": "executing functools.partial(<built-in method fetchall of sqlite3.Cursor object at 0x000001E989907E40>)", "module": "core", "logger": "aiosqlite", "extra": {"taskName": null}}
{"timestamp": "2026-04-16T17:04:38.643903+00:00", "level": "DEBUG", "message": "operation functools.partial(<built-in method fetchall of sqlite3.Cursor object at 0x000001E989907E40>) completed", "module": "core", "logger": "aiosqlite", "extra": {"taskName": null}}
{"timestamp": "2026-04-16T17:04:38.644349+00:00", "level": "DEBUG", "message": "executing functools.partial(<built-in method close of sqlite3.Cursor object at 0x000001E989907E40>)", "module": "core", "logger": "aiosqlite", "extra": {"taskName": null}}
{"timestamp": "2026-04-16T17:04:38.644675+00:00", "level": "DEBUG", "message": "operation functools.partial(<built-in method close of sqlite3.Cursor object at 0x000001E989907E40>) completed", "module": "core", "logger": "aiosqlite", "extra": {"taskName": null}}
2026-04-16 22:04:38,647 INFO sqlalchemy.engine.Engine SELECT products.category_id AS products_category_id, products.id AS products_id, products.owner_id AS products_owner_id, products.name_uz AS products_name_uz, products.name_ru AS products_name_ru, products.description_uz AS products_description_uz, products.description_ru AS products_description_ru, products.base_price AS products_base_price, products.weight_grams AS products_weight_grams, products.is_active AS products_is_active, products.image_url AS products_image_url 
FROM products 
WHERE products.category_id IN (?, ?, ?, ?, ?)
{"timestamp": "2026-04-16T17:04:38.648606+00:00", "level": "INFO", "message": "SELECT products.category_id AS products_category_id, products.id AS products_id, products.owner_id AS products_owner_id, products.name_uz AS products_name_uz, products.name_ru AS products_name_ru, products.description_uz AS products_description_uz, products.description_ru AS products_description_ru, products.base_price AS products_base_price, products.weight_grams AS products_weight_grams, products.is_active AS products_is_active, products.image_url AS products_image_url \nFROM products \nWHERE products.category_id IN (?, ?, ?, ?, ?)", "module": "base", "logger": "sqlalchemy.engine.Engine", "extra": {"taskName": "Task-20"}}
2026-04-16 22:04:38,648 INFO sqlalchemy.engine.Engine [generated in 0.00107s] (1, 2, 3, 4, 5)
{"timestamp": "2026-04-16T17:04:38.649196+00:00", "level": "INFO", "message": "[generated in 0.00107s] (1, 2, 3, 4, 5)", "module": "base", "logger": "sqlalchemy.engine.Engine", "extra": {"taskName": "Task-20"}}
{"timestamp": "2026-04-16T17:04:38.649733+00:00", "level": "DEBUG", "message": "executing functools.partial(<built-in method cursor of sqlite3.Connection object at 0x000001E9898B7D30>)", "module": "core", "logger": "aiosqlite", "extra": {"taskName": null}}
{"timestamp": "2026-04-16T17:04:38.650097+00:00", "level": "DEBUG", "message": "operation functools.partial(<built-in method cursor of sqlite3.Connection object at 0x000001E9898B7D30>) completed", "module": "core", "logger": "aiosqlite", "extra": {"taskName": null}}
{"timestamp": "2026-04-16T17:04:38.650696+00:00", "level": "DEBUG", "message": "executing functools.partial(<built-in method execute of sqlite3.Cursor object at 0x000001E989A57CC0>, 'SELECT products.category_id AS products_category_id, products.id AS products_id, products.owner_id AS products_owner_id, products.name_uz AS products_name_uz, products.name_ru AS products_name_ru, products.description_uz AS products_description_uz, products.description_ru AS products_description_ru, products.base_price AS products_base_price, products.weight_grams AS products_weight_grams, products.is_active AS products_is_active, products.image_url AS products_image_url \\nFROM products \\nWHERE products.category_id IN (?, ?, ?, ?, ?)', (1, 2, 3, 4, 5))", "module": "core", "logger": "aiosqlite", "extra": {"taskName": null}}
{"timestamp": "2026-04-16T17:04:38.651344+00:00", "level": "DEBUG", "message": "operation functools.partial(<built-in method execute of sqlite3.Cursor object at 0x000001E989A57CC0>, 'SELECT products.category_id AS products_category_id, products.id AS products_id, products.owner_id AS products_owner_id, products.name_uz AS products_name_uz, products.name_ru AS products_name_ru, products.description_uz AS products_description_uz, products.description_ru AS products_description_ru, products.base_price AS products_base_price, products.weight_grams AS products_weight_grams, products.is_active AS products_is_active, products.image_url AS products_image_url \\nFROM products \\nWHERE products.category_id IN (?, ?, ?, ?, ?)', (1, 2, 3, 4, 5)) completed", "module": "core", "logger": "aiosqlite", "extra": {"taskName": null}}
{"timestamp": "2026-04-16T17:04:38.651837+00:00", "level": "DEBUG", "message": "executing functools.partial(<built-in method fetchall of sqlite3.Cursor object at 0x000001E989A57CC0>)", "module": "core", "logger": "aiosqlite", "extra": {"taskName": null}}
{"timestamp": "2026-04-16T17:04:38.652350+00:00", "level": "DEBUG", "message": "operation functools.partial(<built-in method fetchall of sqlite3.Cursor object at 0x000001E989A57CC0>) completed", "module": "core", "logger": "aiosqlite", "extra": {"taskName": null}}
{"timestamp": "2026-04-16T17:04:38.652800+00:00", "level": "DEBUG", "message": "executing functools.partial(<built-in method close of sqlite3.Cursor object at 0x000001E989A57CC0>)", "module": "core", "logger": "aiosqlite", "extra": {"taskName": null}}
{"timestamp": "2026-04-16T17:04:38.653133+00:00", "level": "DEBUG", "message": "operation functools.partial(<built-in method close of sqlite3.Cursor object at 0x000001E989A57CC0>) completed", "module": "core", "logger": "aiosqlite", "extra": {"taskName": null}}
2026-04-16 22:04:38,656 INFO sqlalchemy.engine.Engine SELECT product_variants.product_id AS product_variants_product_id, product_variants.id AS product_variants_id, product_variants.name_uz AS product_variants_name_uz, product_variants.name_ru AS product_variants_name_ru, product_variants.price AS product_variants_price, product_variants.weight_grams AS product_variants_weight_grams, product_variants.is_default AS product_variants_is_default 
FROM product_variants 
WHERE product_variants.product_id IN (?, ?, ?, ?, ?, ?, ?, ?, ?, ?, ?, ?, ?, ?, ?, ?, ?, ?, ?, ?, ?, ?, ?, ?, ?, ?, ?, ?, ?, ?, ?, ?, ?, ?, ?, ?, ?, ?, ?, ?, ?, ?, ?)
{"timestamp": "2026-04-16T17:04:38.656895+00:00", "level": "INFO", "message": "SELECT product_variants.product_id AS product_variants_product_id, product_variants.id AS product_variants_id, product_variants.name_uz AS product_variants_name_uz, product_variants.name_ru AS product_variants_name_ru, product_variants.price AS product_variants_price, product_variants.weight_grams AS product_variants_weight_grams, product_variants.is_default AS product_variants_is_default \nFROM product_variants \nWHERE product_variants.product_id IN (?, ?, ?, ?, ?, ?, ?, ?, ?, ?, ?, ?, ?, ?, ?, ?, ?, ?, ?, ?, ?, ?, ?, ?, ?, ?, ?, ?, ?, ?, ?, ?, ?, ?, ?, ?, ?, ?, ?, ?, ?, ?, ?)", "module": "base", "logger": "sqlalchemy.engine.Engine", "extra": {"taskName": "Task-20"}}
2026-04-16 22:04:38,658 INFO sqlalchemy.engine.Engine [generated in 0.00231s] (1, 2, 3, 4, 21, 22, 23, 24, 42, 5, 6, 7, 8, 25, 26, 27, 28, 41, 43, 9, 10, 11, 12, 29, 30, 31, 32, 13, 14, 15, 16, 33, 34, 35, 36, 17, 18, 19, 20, 37, 38, 39, 40)
{"timestamp": "2026-04-16T17:04:38.658787+00:00", "level": "INFO", "message": "[generated in 0.00231s] (1, 2, 3, 4, 21, 22, 23, 24, 42, 5, 6, 7, 8, 25, 26, 27, 28, 41, 43, 9, 10, 11, 12, 29, 30, 31, 32, 13, 14, 15, 16, 33, 34, 35, 36, 17, 18, 19, 20, 37, 38, 39, 40)", "module": "base", "logger": "sqlalchemy.engine.Engine", "extra": {"taskName": "Task-20"}}
{"timestamp": "2026-04-16T17:04:38.659266+00:00", "level": "DEBUG", "message": "executing functools.partial(<built-in method cursor of sqlite3.Connection object at 0x000001E9898B7D30>)", "module": "core", "logger": "aiosqlite", "extra": {"taskName": null}}
{"timestamp": "2026-04-16T17:04:38.659623+00:00", "level": "DEBUG", "message": "operation functools.partial(<built-in method cursor of sqlite3.Connection object at 0x000001E9898B7D30>) completed", "module": "core", "logger": "aiosqlite", "extra": {"taskName": null}}
{"timestamp": "2026-04-16T17:04:38.660172+00:00", "level": "DEBUG", "message": "executing functools.partial(<built-in method execute of sqlite3.Cursor object at 0x000001E989A7B940>, 'SELECT product_variants.product_id AS product_variants_product_id, product_variants.id AS product_variants_id, product_variants.name_uz AS product_variants_name_uz, product_variants.name_ru AS product_variants_name_ru, product_variants.price AS product_variants_price, product_variants.weight_grams AS product_variants_weight_grams, product_variants.is_default AS product_variants_is_default \\nFROM product_variants \\nWHERE product_variants.product_id IN (?, ?, ?, ?, ?, ?, ?, ?, ?, ?, ?, ?, ?, ?, ?, ?, ?, ?, ?, ?, ?, ?, ?, ?, ?, ?, ?, ?, ?, ?, ?, ?, ?, ?, ?, ?, ?, ?, ?, ?, ?, ?, ?)', (1, 2, 3, 4, 21, 22, 23, 24, 42, 5, 6, 7, 8, 25, 26, 27, 28, 41, 43, 9, 10, 11, 12, 29, 30, 31, 32, 13, 14, 15, 16, 33, 34, 35, 36, 17, 18, 19, 20, 37, 38, 39, 40))", "module": "core", "logger": "aiosqlite", "extra": {"taskName": null}}
{"timestamp": "2026-04-16T17:04:38.660794+00:00", "level": "DEBUG", "message": "operation functools.partial(<built-in method execute of sqlite3.Cursor object at 0x000001E989A7B940>, 'SELECT product_variants.product_id AS product_variants_product_id, product_variants.id AS product_variants_id, product_variants.name_uz AS product_variants_name_uz, product_variants.name_ru AS product_variants_name_ru, product_variants.price AS product_variants_price, product_variants.weight_grams AS product_variants_weight_grams, product_variants.is_default AS product_variants_is_default \\nFROM product_variants \\nWHERE product_variants.product_id IN (?, ?, ?, ?, ?, ?, ?, ?, ?, ?, ?, ?, ?, ?, ?, ?, ?, ?, ?, ?, ?, ?, ?, ?, ?, ?, ?, ?, ?, ?, ?, ?, ?, ?, ?, ?, ?, ?, ?, ?, ?, ?, ?)', (1, 2, 3, 4, 21, 22, 23, 24, 42, 5, 6, 7, 8, 25, 26, 27, 28, 41, 43, 9, 10, 11, 12, 29, 30, 31, 32, 13, 14, 15, 16, 33, 34, 35, 36, 17, 18, 19, 20, 37, 38, 39, 40)) completed", "module": "core", "logger": "aiosqlite", "extra": {"taskName": null}}
{"timestamp": "2026-04-16T17:04:38.661268+00:00", "level": "DEBUG", "message": "executing functools.partial(<built-in method fetchall of sqlite3.Cursor object at 0x000001E989A7B940>)", "module": "core", "logger": "aiosqlite", "extra": {"taskName": null}}
{"timestamp": "2026-04-16T17:04:38.661834+00:00", "level": "DEBUG", "message": "operation functools.partial(<built-in method fetchall of sqlite3.Cursor object at 0x000001E989A7B940>) completed", "module": "core", "logger": "aiosqlite", "extra": {"taskName": null}}
{"timestamp": "2026-04-16T17:04:38.662278+00:00", "level": "DEBUG", "message": "executing functools.partial(<built-in method close of sqlite3.Cursor object at 0x000001E989A7B940>)", "module": "core", "logger": "aiosqlite", "extra": {"taskName": null}}
{"timestamp": "2026-04-16T17:04:38.662559+00:00", "level": "DEBUG", "message": "operation functools.partial(<built-in method close of sqlite3.Cursor object at 0x000001E989A7B940>) completed", "module": "core", "logger": "aiosqlite", "extra": {"taskName": null}}
2026-04-16 22:04:38,666 INFO sqlalchemy.engine.Engine SELECT product_modifiers.product_id AS product_modifiers_product_id, product_modifiers.id AS product_modifiers_id, product_modifiers.name_uz AS product_modifiers_name_uz, product_modifiers.name_ru AS product_modifiers_name_ru, product_modifiers.price_delta AS product_modifiers_price_delta, product_modifiers.is_required AS product_modifiers_is_required 
FROM product_modifiers 
WHERE product_modifiers.product_id IN (?, ?, ?, ?, ?, ?, ?, ?, ?, ?, ?, ?, ?, ?, ?, ?, ?, ?, ?, ?, ?, ?, ?, ?, ?, ?, ?, ?, ?, ?, ?, ?, ?, ?, ?, ?, ?, ?, ?, ?, ?, ?, ?)
{"timestamp": "2026-04-16T17:04:38.666751+00:00", "level": "INFO", "message": "SELECT product_modifiers.product_id AS product_modifiers_product_id, product_modifiers.id AS product_modifiers_id, product_modifiers.name_uz AS product_modifiers_name_uz, product_modifiers.name_ru AS product_modifiers_name_ru, product_modifiers.price_delta AS product_modifiers_price_delta, product_modifiers.is_required AS product_modifiers_is_required \nFROM product_modifiers \nWHERE product_modifiers.product_id IN (?, ?, ?, ?, ?, ?, ?, ?, ?, ?, ?, ?, ?, ?, ?, ?, ?, ?, ?, ?, ?, ?, ?, ?, ?, ?, ?, ?, ?, ?, ?, ?, ?, ?, ?, ?, ?, ?, ?, ?, ?, ?, ?)", "module": "base", "logger": "sqlalchemy.engine.Engine", "extra": {"taskName": "Task-20"}}
2026-04-16 22:04:38,667 INFO sqlalchemy.engine.Engine [generated in 0.00112s] (1, 2, 3, 4, 21, 22, 23, 24, 42, 5, 6, 7, 8, 25, 26, 27, 28, 41, 43, 9, 10, 11, 12, 29, 30, 31, 32, 13, 14, 15, 16, 33, 34, 35, 36, 17, 18, 19, 20, 37, 38, 39, 40)
{"timestamp": "2026-04-16T17:04:38.667474+00:00", "level": "INFO", "message": "[generated in 0.00112s] (1, 2, 3, 4, 21, 22, 23, 24, 42, 5, 6, 7, 8, 25, 26, 27, 28, 41, 43, 9, 10, 11, 12, 29, 30, 31, 32, 13, 14, 15, 16, 33, 34, 35, 36, 17, 18, 19, 20, 37, 38, 39, 40)", "module": "base", "logger": "sqlalchemy.engine.Engine", "extra": {"taskName": "Task-20"}}
{"timestamp": "2026-04-16T17:04:38.667924+00:00", "level": "DEBUG", "message": "executing functools.partial(<built-in method cursor of sqlite3.Connection object at 0x000001E9898B7D30>)", "module": "core", "logger": "aiosqlite", "extra": {"taskName": null}}
{"timestamp": "2026-04-16T17:04:38.668297+00:00", "level": "DEBUG", "message": "operation functools.partial(<built-in method cursor of sqlite3.Connection object at 0x000001E9898B7D30>) completed", "module": "core", "logger": "aiosqlite", "extra": {"taskName": null}}
{"timestamp": "2026-04-16T17:04:38.668890+00:00", "level": "DEBUG", "message": "executing functools.partial(<built-in method execute of sqlite3.Cursor object at 0x000001E989A7B940>, 'SELECT product_modifiers.product_id AS product_modifiers_product_id, product_modifiers.id AS product_modifiers_id, product_modifiers.name_uz AS product_modifiers_name_uz, product_modifiers.name_ru AS product_modifiers_name_ru, product_modifiers.price_delta AS product_modifiers_price_delta, product_modifiers.is_required AS product_modifiers_is_required \\nFROM product_modifiers \\nWHERE product_modifiers.product_id IN (?, ?, ?, ?, ?, ?, ?, ?, ?, ?, ?, ?, ?, ?, ?, ?, ?, ?, ?, ?, ?, ?, ?, ?, ?, ?, ?, ?, ?, ?, ?, ?, ?, ?, ?, ?, ?, ?, ?, ?, ?, ?, ?)', (1, 2, 3, 4, 21, 22, 23, 24, 42, 5, 6, 7, 8, 25, 26, 27, 28, 41, 43, 9, 10, 11, 12, 29, 30, 31, 32, 13, 14, 15, 16, 33, 34, 35, 36, 17, 18, 19, 20, 37, 38, 39, 40))", "module": "core", "logger": "aiosqlite", "extra": {"taskName": null}}
{"timestamp": "2026-04-16T17:04:38.669482+00:00", "level": "DEBUG", "message": "operation functools.partial(<built-in method execute of sqlite3.Cursor object at 0x000001E989A7B940>, 'SELECT product_modifiers.product_id AS product_modifiers_product_id, product_modifiers.id AS product_modifiers_id, product_modifiers.name_uz AS product_modifiers_name_uz, product_modifiers.name_ru AS product_modifiers_name_ru, product_modifiers.price_delta AS product_modifiers_price_delta, product_modifiers.is_required AS product_modifiers_is_required \\nFROM product_modifiers \\nWHERE product_modifiers.product_id IN (?, ?, ?, ?, ?, ?, ?, ?, ?, ?, ?, ?, ?, ?, ?, ?, ?, ?, ?, ?, ?, ?, ?, ?, ?, ?, ?, ?, ?, ?, ?, ?, ?, ?, ?, ?, ?, ?, ?, ?, ?, ?, ?)', (1, 2, 3, 4, 21, 22, 23, 24, 42, 5, 6, 7, 8, 25, 26, 27, 28, 41, 43, 9, 10, 11, 12, 29, 30, 31, 32, 13, 14, 15, 16, 33, 34, 35, 36, 17, 18, 19, 20, 37, 38, 39, 40)) completed", "module": "core", "logger": "aiosqlite", "extra": {"taskName": null}}
{"timestamp": "2026-04-16T17:04:38.670060+00:00", "level": "DEBUG", "message": "executing functools.partial(<built-in method fetchall of sqlite3.Cursor object at 0x000001E989A7B940>)", "module": "core", "logger": "aiosqlite", "extra": {"taskName": null}}
{"timestamp": "2026-04-16T17:04:38.670772+00:00", "level": "DEBUG", "message": "operation functools.partial(<built-in method fetchall of sqlite3.Cursor object at 0x000001E989A7B940>) completed", "module": "core", "logger": "aiosqlite", "extra": {"taskName": null}}
{"timestamp": "2026-04-16T17:04:38.671345+00:00", "level": "DEBUG", "message": "executing functools.partial(<built-in method close of sqlite3.Cursor object at 0x000001E989A7B940>)", "module": "core", "logger": "aiosqlite", "extra": {"taskName": null}}
{"timestamp": "2026-04-16T17:04:38.671678+00:00", "level": "DEBUG", "message": "operation functools.partial(<built-in method close of sqlite3.Cursor object at 0x000001E989A7B940>) completed", "module": "core", "logger": "aiosqlite", "extra": {"taskName": null}}
2026-04-16 22:04:38,674 INFO sqlalchemy.engine.Engine COMMIT
{"timestamp": "2026-04-16T17:04:38.675323+00:00", "level": "INFO", "message": "COMMIT", "module": "base", "logger": "sqlalchemy.engine.Engine", "extra": {"taskName": "Task-20"}}
{"timestamp": "2026-04-16T17:04:38.675769+00:00", "level": "DEBUG", "message": "executing functools.partial(<built-in method commit of sqlite3.Connection object at 0x000001E9898B7D30>)", "module": "core", "logger": "aiosqlite", "extra": {"taskName": null}}
{"timestamp": "2026-04-16T17:04:38.676403+00:00", "level": "DEBUG", "message": "operation functools.partial(<built-in method commit of sqlite3.Connection object at 0x000001E9898B7D30>) completed", "module": "core", "logger": "aiosqlite", "extra": {"taskName": null}}
{"timestamp": "2026-04-16T17:04:38.677075+00:00", "level": "DEBUG", "message": "executing functools.partial(<built-in method rollback of sqlite3.Connection object at 0x000001E9898B7D30>)", "module": "core", "logger": "aiosqlite", "extra": {"taskName": null}}
{"timestamp": "2026-04-16T17:04:38.677395+00:00", "level": "DEBUG", "message": "operation functools.partial(<built-in method rollback of sqlite3.Connection object at 0x000001E9898B7D30>) completed", "module": "core", "logger": "aiosqlite", "extra": {"taskName": null}}
INFO:     37.110.214.9:0 - "GET /api/v1/categories HTTP/1.1" 200 OK
INFO:     37.110.214.9:0 - "OPTIONS /api/v1/products?page=1&size=40 HTTP/1.1" 200 OK
{"timestamp": "2026-04-16T17:04:48.651573+00:00", "level": "DEBUG", "message": "executing functools.partial(<built-in method cursor of sqlite3.Connection object at 0x000001E9898B7D30>)", "module": "core", "logger": "aiosqlite", "extra": {"taskName": null}}
INFO:     37.110.214.9:0 - "OPTIONS /api/v1/cart HTTP/1.1" 200 OK
{"timestamp": "2026-04-16T17:04:48.655104+00:00", "level": "DEBUG", "message": "operation functools.partial(<built-in method cursor of sqlite3.Connection object at 0x000001E9898B7D30>) completed", "module": "core", "logger": "aiosqlite", "extra": {"taskName": null}}
{"timestamp": "2026-04-16T17:04:48.656127+00:00", "level": "DEBUG", "message": "executing functools.partial(<built-in method execute of sqlite3.Cursor object at 0x000001E9898A9740>, 'SELECT 1', [])", "module": "core", "logger": "aiosqlite", "extra": {"taskName": null}}
{"timestamp": "2026-04-16T17:04:48.656647+00:00", "level": "DEBUG", "message": "operation functools.partial(<built-in method execute of sqlite3.Cursor object at 0x000001E9898A9740>, 'SELECT 1', []) completed", "module": "core", "logger": "aiosqlite", "extra": {"taskName": null}}
{"timestamp": "2026-04-16T17:04:48.657541+00:00", "level": "DEBUG", "message": "executing functools.partial(<built-in method fetchall of sqlite3.Cursor object at 0x000001E9898A9740>)", "module": "core", "logger": "aiosqlite", "extra": {"taskName": null}}
{"timestamp": "2026-04-16T17:04:48.657880+00:00", "level": "DEBUG", "message": "operation functools.partial(<built-in method fetchall of sqlite3.Cursor object at 0x000001E9898A9740>) completed", "module": "core", "logger": "aiosqlite", "extra": {"taskName": null}}
{"timestamp": "2026-04-16T17:04:48.658330+00:00", "level": "DEBUG", "message": "executing functools.partial(<built-in method close of sqlite3.Cursor object at 0x000001E9898A9740>)", "module": "core", "logger": "aiosqlite", "extra": {"taskName": null}}
{"timestamp": "2026-04-16T17:04:48.658620+00:00", "level": "DEBUG", "message": "operation functools.partial(<built-in method close of sqlite3.Cursor object at 0x000001E9898A9740>) completed", "module": "core", "logger": "aiosqlite", "extra": {"taskName": null}}
2026-04-16 22:04:48,659 INFO sqlalchemy.engine.Engine BEGIN (implicit)
{"timestamp": "2026-04-16T17:04:48.659403+00:00", "level": "INFO", "message": "BEGIN (implicit)", "module": "base", "logger": "sqlalchemy.engine.Engine", "extra": {"taskName": "Task-24"}}
2026-04-16 22:04:48,661 INFO sqlalchemy.engine.Engine SELECT count(products.id) AS count_1 
FROM products 
WHERE products.is_active IS 1
{"timestamp": "2026-04-16T17:04:48.661728+00:00", "level": "INFO", "message": "SELECT count(products.id) AS count_1 \nFROM products \nWHERE products.is_active IS 1", "module": "base", "logger": "sqlalchemy.engine.Engine", "extra": {"taskName": "Task-24"}}
2026-04-16 22:04:48,662 INFO sqlalchemy.engine.Engine [generated in 0.00077s] ()
{"timestamp": "2026-04-16T17:04:48.662394+00:00", "level": "INFO", "message": "[generated in 0.00077s] ()", "module": "base", "logger": "sqlalchemy.engine.Engine", "extra": {"taskName": "Task-24"}}
{"timestamp": "2026-04-16T17:04:48.662782+00:00", "level": "DEBUG", "message": "executing functools.partial(<built-in method cursor of sqlite3.Connection object at 0x000001E9898B7D30>)", "module": "core", "logger": "aiosqlite", "extra": {"taskName": null}}
{"timestamp": "2026-04-16T17:04:48.663076+00:00", "level": "DEBUG", "message": "operation functools.partial(<built-in method cursor of sqlite3.Connection object at 0x000001E9898B7D30>) completed", "module": "core", "logger": "aiosqlite", "extra": {"taskName": null}}
{"timestamp": "2026-04-16T17:04:48.663577+00:00", "level": "DEBUG", "message": "executing functools.partial(<built-in method execute of sqlite3.Cursor object at 0x000001E987D2D540>, 'SELECT count(products.id) AS count_1 \\nFROM products \\nWHERE products.is_active IS 1', ())", "module": "core", "logger": "aiosqlite", "extra": {"taskName": null}}
{"timestamp": "2026-04-16T17:04:48.664154+00:00", "level": "DEBUG", "message": "operation functools.partial(<built-in method execute of sqlite3.Cursor object at 0x000001E987D2D540>, 'SELECT count(products.id) AS count_1 \\nFROM products \\nWHERE products.is_active IS 1', ()) completed", "module": "core", "logger": "aiosqlite", "extra": {"taskName": null}}
{"timestamp": "2026-04-16T17:04:48.664794+00:00", "level": "DEBUG", "message": "executing functools.partial(<built-in method fetchall of sqlite3.Cursor object at 0x000001E987D2D540>)", "module": "core", "logger": "aiosqlite", "extra": {"taskName": null}}
{"timestamp": "2026-04-16T17:04:48.665206+00:00", "level": "DEBUG", "message": "operation functools.partial(<built-in method fetchall of sqlite3.Cursor object at 0x000001E987D2D540>) completed", "module": "core", "logger": "aiosqlite", "extra": {"taskName": null}}
{"timestamp": "2026-04-16T17:04:48.665738+00:00", "level": "DEBUG", "message": "executing functools.partial(<built-in method close of sqlite3.Cursor object at 0x000001E987D2D540>)", "module": "core", "logger": "aiosqlite", "extra": {"taskName": null}}
{"timestamp": "2026-04-16T17:04:48.666238+00:00", "level": "DEBUG", "message": "operation functools.partial(<built-in method close of sqlite3.Cursor object at 0x000001E987D2D540>) completed", "module": "core", "logger": "aiosqlite", "extra": {"taskName": null}}
2026-04-16 22:04:48,668 INFO sqlalchemy.engine.Engine SELECT products.id, products.category_id, products.owner_id, products.name_uz, products.name_ru, products.description_uz, products.description_ru, products.base_price, products.weight_grams, products.is_active, products.image_url 
FROM products 
WHERE products.is_active IS 1 ORDER BY products.id DESC
 LIMIT ? OFFSET ?
{"timestamp": "2026-04-16T17:04:48.668578+00:00", "level": "INFO", "message": "SELECT products.id, products.category_id, products.owner_id, products.name_uz, products.name_ru, products.description_uz, products.description_ru, products.base_price, products.weight_grams, products.is_active, products.image_url \nFROM products \nWHERE products.is_active IS 1 ORDER BY products.id DESC\n LIMIT ? OFFSET ?", "module": "base", "logger": "sqlalchemy.engine.Engine", "extra": {"taskName": "Task-24"}}
2026-04-16 22:04:48,668 INFO sqlalchemy.engine.Engine [generated in 0.00083s] (40, 0)
{"timestamp": "2026-04-16T17:04:48.669237+00:00", "level": "INFO", "message": "[generated in 0.00083s] (40, 0)", "module": "base", "logger": "sqlalchemy.engine.Engine", "extra": {"taskName": "Task-24"}}
{"timestamp": "2026-04-16T17:04:48.669598+00:00", "level": "DEBUG", "message": "executing functools.partial(<built-in method cursor of sqlite3.Connection object at 0x000001E9898B7D30>)", "module": "core", "logger": "aiosqlite", "extra": {"taskName": null}}
{"timestamp": "2026-04-16T17:04:48.669955+00:00", "level": "DEBUG", "message": "operation functools.partial(<built-in method cursor of sqlite3.Connection object at 0x000001E9898B7D30>) completed", "module": "core", "logger": "aiosqlite", "extra": {"taskName": null}}
{"timestamp": "2026-04-16T17:04:48.670444+00:00", "level": "DEBUG", "message": "executing functools.partial(<built-in method execute of sqlite3.Cursor object at 0x000001E9898AB2C0>, 'SELECT products.id, products.category_id, products.owner_id, products.name_uz, products.name_ru, products.description_uz, products.description_ru, products.base_price, products.weight_grams, products.is_active, products.image_url \\nFROM products \\nWHERE products.is_active IS 1 ORDER BY products.id DESC\\n LIMIT ? OFFSET ?', (40, 0))", "module": "core", "logger": "aiosqlite", "extra": {"taskName": null}}
{"timestamp": "2026-04-16T17:04:48.671059+00:00", "level": "DEBUG", "message": "operation functools.partial(<built-in method execute of sqlite3.Cursor object at 0x000001E9898AB2C0>, 'SELECT products.id, products.category_id, products.owner_id, products.name_uz, products.name_ru, products.description_uz, products.description_ru, products.base_price, products.weight_grams, products.is_active, products.image_url \\nFROM products \\nWHERE products.is_active IS 1 ORDER BY products.id DESC\\n LIMIT ? OFFSET ?', (40, 0)) completed", "module": "core", "logger": "aiosqlite", "extra": {"taskName": null}}
{"timestamp": "2026-04-16T17:04:48.671508+00:00", "level": "DEBUG", "message": "executing functools.partial(<built-in method fetchall of sqlite3.Cursor object at 0x000001E9898AB2C0>)", "module": "core", "logger": "aiosqlite", "extra": {"taskName": null}}
{"timestamp": "2026-04-16T17:04:48.671951+00:00", "level": "DEBUG", "message": "operation functools.partial(<built-in method fetchall of sqlite3.Cursor object at 0x000001E9898AB2C0>) completed", "module": "core", "logger": "aiosqlite", "extra": {"taskName": null}}
{"timestamp": "2026-04-16T17:04:48.672486+00:00", "level": "DEBUG", "message": "executing functools.partial(<built-in method close of sqlite3.Cursor object at 0x000001E9898AB2C0>)", "module": "core", "logger": "aiosqlite", "extra": {"taskName": null}}
{"timestamp": "2026-04-16T17:04:48.672806+00:00", "level": "DEBUG", "message": "operation functools.partial(<built-in method close of sqlite3.Cursor object at 0x000001E9898AB2C0>) completed", "module": "core", "logger": "aiosqlite", "extra": {"taskName": null}}
2026-04-16 22:04:48,675 INFO sqlalchemy.engine.Engine SELECT product_variants.product_id AS product_variants_product_id, product_variants.id AS product_variants_id, product_variants.name_uz AS product_variants_name_uz, product_variants.name_ru AS product_variants_name_ru, product_variants.price AS product_variants_price, product_variants.weight_grams AS product_variants_weight_grams, product_variants.is_default AS product_variants_is_default 
FROM product_variants 
WHERE product_variants.product_id IN (?, ?, ?, ?, ?, ?, ?, ?, ?, ?, ?, ?, ?, ?, ?, ?, ?, ?, ?, ?, ?, ?, ?, ?, ?, ?, ?, ?, ?, ?, ?, ?, ?, ?, ?, ?, ?, ?, ?, ?)
{"timestamp": "2026-04-16T17:04:48.675641+00:00", "level": "INFO", "message": "SELECT product_variants.product_id AS product_variants_product_id, product_variants.id AS product_variants_id, product_variants.name_uz AS product_variants_name_uz, product_variants.name_ru AS product_variants_name_ru, product_variants.price AS product_variants_price, product_variants.weight_grams AS product_variants_weight_grams, product_variants.is_default AS product_variants_is_default \nFROM product_variants \nWHERE product_variants.product_id IN (?, ?, ?, ?, ?, ?, ?, ?, ?, ?, ?, ?, ?, ?, ?, ?, ?, ?, ?, ?, ?, ?, ?, ?, ?, ?, ?, ?, ?, ?, ?, ?, ?, ?, ?, ?, ?, ?, ?, ?)", "module": "base", "logger": "sqlalchemy.engine.Engine", "extra": {"taskName": "Task-24"}}
2026-04-16 22:04:48,675 INFO sqlalchemy.engine.Engine [generated in 0.00085s] (43, 42, 41, 40, 39, 38, 37, 36, 35, 34, 33, 32, 31, 30, 29, 28, 27, 26, 25, 24, 23, 22, 21, 20, 19, 18, 17, 16, 15, 14, 13, 12, 11, 10, 9, 8, 7, 6, 5, 4)
{"timestamp": "2026-04-16T17:04:48.676298+00:00", "level": "INFO", "message": "[generated in 0.00085s] (43, 42, 41, 40, 39, 38, 37, 36, 35, 34, 33, 32, 31, 30, 29, 28, 27, 26, 25, 24, 23, 22, 21, 20, 19, 18, 17, 16, 15, 14, 13, 12, 11, 10, 9, 8, 7, 6, 5, 4)", "module": "base", "logger": "sqlalchemy.engine.Engine", "extra": {"taskName": "Task-24"}}
{"timestamp": "2026-04-16T17:04:48.676727+00:00", "level": "DEBUG", "message": "executing functools.partial(<built-in method cursor of sqlite3.Connection object at 0x000001E9898B7D30>)", "module": "core", "logger": "aiosqlite", "extra": {"taskName": null}}
{"timestamp": "2026-04-16T17:04:48.677017+00:00", "level": "DEBUG", "message": "operation functools.partial(<built-in method cursor of sqlite3.Connection object at 0x000001E9898B7D30>) completed", "module": "core", "logger": "aiosqlite", "extra": {"taskName": null}}
{"timestamp": "2026-04-16T17:04:48.677552+00:00", "level": "DEBUG", "message": "executing functools.partial(<built-in method execute of sqlite3.Cursor object at 0x000001E989A57AC0>, 'SELECT product_variants.product_id AS product_variants_product_id, product_variants.id AS product_variants_id, product_variants.name_uz AS product_variants_name_uz, product_variants.name_ru AS product_variants_name_ru, product_variants.price AS product_variants_price, product_variants.weight_grams AS product_variants_weight_grams, product_variants.is_default AS product_variants_is_default \\nFROM product_variants \\nWHERE product_variants.product_id IN (?, ?, ?, ?, ?, ?, ?, ?, ?, ?, ?, ?, ?, ?, ?, ?, ?, ?, ?, ?, ?, ?, ?, ?, ?, ?, ?, ?, ?, ?, ?, ?, ?, ?, ?, ?, ?, ?, ?, ?)', (43, 42, 41, 40, 39, 38, 37, 36, 35, 34, 33, 32, 31, 30, 29, 28, 27, 26, 25, 24, 23, 22, 21, 20, 19, 18, 17, 16, 15, 14, 13, 12, 11, 10, 9, 8, 7, 6, 5, 4))", "module": "core", "logger": "aiosqlite", "extra": {"taskName": null}}
{"timestamp": "2026-04-16T17:04:48.678202+00:00", "level": "DEBUG", "message": "operation functools.partial(<built-in method execute of sqlite3.Cursor object at 0x000001E989A57AC0>, 'SELECT product_variants.product_id AS product_variants_product_id, product_variants.id AS product_variants_id, product_variants.name_uz AS product_variants_name_uz, product_variants.name_ru AS product_variants_name_ru, product_variants.price AS product_variants_price, product_variants.weight_grams AS product_variants_weight_grams, product_variants.is_default AS product_variants_is_default \\nFROM product_variants \\nWHERE product_variants.product_id IN (?, ?, ?, ?, ?, ?, ?, ?, ?, ?, ?, ?, ?, ?, ?, ?, ?, ?, ?, ?, ?, ?, ?, ?, ?, ?, ?, ?, ?, ?, ?, ?, ?, ?, ?, ?, ?, ?, ?, ?)', (43, 42, 41, 40, 39, 38, 37, 36, 35, 34, 33, 32, 31, 30, 29, 28, 27, 26, 25, 24, 23, 22, 21, 20, 19, 18, 17, 16, 15, 14, 13, 12, 11, 10, 9, 8, 7, 6, 5, 4)) completed", "module": "core", "logger": "aiosqlite", "extra": {"taskName": null}}
{"timestamp": "2026-04-16T17:04:48.678655+00:00", "level": "DEBUG", "message": "executing functools.partial(<built-in method fetchall of sqlite3.Cursor object at 0x000001E989A57AC0>)", "module": "core", "logger": "aiosqlite", "extra": {"taskName": null}}
{"timestamp": "2026-04-16T17:04:48.679274+00:00", "level": "DEBUG", "message": "operation functools.partial(<built-in method fetchall of sqlite3.Cursor object at 0x000001E989A57AC0>) completed", "module": "core", "logger": "aiosqlite", "extra": {"taskName": null}}
{"timestamp": "2026-04-16T17:04:48.679676+00:00", "level": "DEBUG", "message": "executing functools.partial(<built-in method close of sqlite3.Cursor object at 0x000001E989A57AC0>)", "module": "core", "logger": "aiosqlite", "extra": {"taskName": null}}
{"timestamp": "2026-04-16T17:04:48.679964+00:00", "level": "DEBUG", "message": "operation functools.partial(<built-in method close of sqlite3.Cursor object at 0x000001E989A57AC0>) completed", "module": "core", "logger": "aiosqlite", "extra": {"taskName": null}}
2026-04-16 22:04:48,683 INFO sqlalchemy.engine.Engine SELECT product_modifiers.product_id AS product_modifiers_product_id, product_modifiers.id AS product_modifiers_id, product_modifiers.name_uz AS product_modifiers_name_uz, product_modifiers.name_ru AS product_modifiers_name_ru, product_modifiers.price_delta AS product_modifiers_price_delta, product_modifiers.is_required AS product_modifiers_is_required 
FROM product_modifiers 
WHERE product_modifiers.product_id IN (?, ?, ?, ?, ?, ?, ?, ?, ?, ?, ?, ?, ?, ?, ?, ?, ?, ?, ?, ?, ?, ?, ?, ?, ?, ?, ?, ?, ?, ?, ?, ?, ?, ?, ?, ?, ?, ?, ?, ?)
{"timestamp": "2026-04-16T17:04:48.683846+00:00", "level": "INFO", "message": "SELECT product_modifiers.product_id AS product_modifiers_product_id, product_modifiers.id AS product_modifiers_id, product_modifiers.name_uz AS product_modifiers_name_uz, product_modifiers.name_ru AS product_modifiers_name_ru, product_modifiers.price_delta AS product_modifiers_price_delta, product_modifiers.is_required AS product_modifiers_is_required \nFROM product_modifiers \nWHERE product_modifiers.product_id IN (?, ?, ?, ?, ?, ?, ?, ?, ?, ?, ?, ?, ?, ?, ?, ?, ?, ?, ?, ?, ?, ?, ?, ?, ?, ?, ?, ?, ?, ?, ?, ?, ?, ?, ?, ?, ?, ?, ?, ?)", "module": "base", "logger": "sqlalchemy.engine.Engine", "extra": {"taskName": "Task-24"}}
2026-04-16 22:04:48,684 INFO sqlalchemy.engine.Engine [generated in 0.00107s] (43, 42, 41, 40, 39, 38, 37, 36, 35, 34, 33, 32, 31, 30, 29, 28, 27, 26, 25, 24, 23, 22, 21, 20, 19, 18, 17, 16, 15, 14, 13, 12, 11, 10, 9, 8, 7, 6, 5, 4)
{"timestamp": "2026-04-16T17:04:48.684711+00:00", "level": "INFO", "message": "[generated in 0.00107s] (43, 42, 41, 40, 39, 38, 37, 36, 35, 34, 33, 32, 31, 30, 29, 28, 27, 26, 25, 24, 23, 22, 21, 20, 19, 18, 17, 16, 15, 14, 13, 12, 11, 10, 9, 8, 7, 6, 5, 4)", "module": "base", "logger": "sqlalchemy.engine.Engine", "extra": {"taskName": "Task-24"}}
{"timestamp": "2026-04-16T17:04:48.685191+00:00", "level": "DEBUG", "message": "executing functools.partial(<built-in method cursor of sqlite3.Connection object at 0x000001E9898B7D30>)", "module": "core", "logger": "aiosqlite", "extra": {"taskName": null}}
{"timestamp": "2026-04-16T17:04:48.685531+00:00", "level": "DEBUG", "message": "operation functools.partial(<built-in method cursor of sqlite3.Connection object at 0x000001E9898B7D30>) completed", "module": "core", "logger": "aiosqlite", "extra": {"taskName": null}}
{"timestamp": "2026-04-16T17:04:48.686029+00:00", "level": "DEBUG", "message": "executing functools.partial(<built-in method execute of sqlite3.Cursor object at 0x000001E989A9AF40>, 'SELECT product_modifiers.product_id AS product_modifiers_product_id, product_modifiers.id AS product_modifiers_id, product_modifiers.name_uz AS product_modifiers_name_uz, product_modifiers.name_ru AS product_modifiers_name_ru, product_modifiers.price_delta AS product_modifiers_price_delta, product_modifiers.is_required AS product_modifiers_is_required \\nFROM product_modifiers \\nWHERE product_modifiers.product_id IN (?, ?, ?, ?, ?, ?, ?, ?, ?, ?, ?, ?, ?, ?, ?, ?, ?, ?, ?, ?, ?, ?, ?, ?, ?, ?, ?, ?, ?, ?, ?, ?, ?, ?, ?, ?, ?, ?, ?, ?)', (43, 42, 41, 40, 39, 38, 37, 36, 35, 34, 33, 32, 31, 30, 29, 28, 27, 26, 25, 24, 23, 22, 21, 20, 19, 18, 17, 16, 15, 14, 13, 12, 11, 10, 9, 8, 7, 6, 5, 4))", "module": "core", "logger": "aiosqlite", "extra": {"taskName": null}}
{"timestamp": "2026-04-16T17:04:48.686719+00:00", "level": "DEBUG", "message": "operation functools.partial(<built-in method execute of sqlite3.Cursor object at 0x000001E989A9AF40>, 'SELECT product_modifiers.product_id AS product_modifiers_product_id, product_modifiers.id AS product_modifiers_id, product_modifiers.name_uz AS product_modifiers_name_uz, product_modifiers.name_ru AS product_modifiers_name_ru, product_modifiers.price_delta AS product_modifiers_price_delta, product_modifiers.is_required AS product_modifiers_is_required \\nFROM product_modifiers \\nWHERE product_modifiers.product_id IN (?, ?, ?, ?, ?, ?, ?, ?, ?, ?, ?, ?, ?, ?, ?, ?, ?, ?, ?, ?, ?, ?, ?, ?, ?, ?, ?, ?, ?, ?, ?, ?, ?, ?, ?, ?, ?, ?, ?, ?)', (43, 42, 41, 40, 39, 38, 37, 36, 35, 34, 33, 32, 31, 30, 29, 28, 27, 26, 25, 24, 23, 22, 21, 20, 19, 18, 17, 16, 15, 14, 13, 12, 11, 10, 9, 8, 7, 6, 5, 4)) completed", "module": "core", "logger": "aiosqlite", "extra": {"taskName": null}}
{"timestamp": "2026-04-16T17:04:48.687285+00:00", "level": "DEBUG", "message": "executing functools.partial(<built-in method fetchall of sqlite3.Cursor object at 0x000001E989A9AF40>)", "module": "core", "logger": "aiosqlite", "extra": {"taskName": null}}
{"timestamp": "2026-04-16T17:04:48.687663+00:00", "level": "DEBUG", "message": "operation functools.partial(<built-in method fetchall of sqlite3.Cursor object at 0x000001E989A9AF40>) completed", "module": "core", "logger": "aiosqlite", "extra": {"taskName": null}}
{"timestamp": "2026-04-16T17:04:48.688138+00:00", "level": "DEBUG", "message": "executing functools.partial(<built-in method close of sqlite3.Cursor object at 0x000001E989A9AF40>)", "module": "core", "logger": "aiosqlite", "extra": {"taskName": null}}
{"timestamp": "2026-04-16T17:04:48.688510+00:00", "level": "DEBUG", "message": "operation functools.partial(<built-in method close of sqlite3.Cursor object at 0x000001E989A9AF40>) completed", "module": "core", "logger": "aiosqlite", "extra": {"taskName": null}}
2026-04-16 22:04:48,691 INFO sqlalchemy.engine.Engine COMMIT
{"timestamp": "2026-04-16T17:04:48.692086+00:00", "level": "INFO", "message": "COMMIT", "module": "base", "logger": "sqlalchemy.engine.Engine", "extra": {"taskName": "Task-24"}}
{"timestamp": "2026-04-16T17:04:48.692548+00:00", "level": "DEBUG", "message": "executing functools.partial(<built-in method commit of sqlite3.Connection object at 0x000001E9898B7D30>)", "module": "core", "logger": "aiosqlite", "extra": {"taskName": null}}
{"timestamp": "2026-04-16T17:04:48.692869+00:00", "level": "DEBUG", "message": "operation functools.partial(<built-in method commit of sqlite3.Connection object at 0x000001E9898B7D30>) completed", "module": "core", "logger": "aiosqlite", "extra": {"taskName": null}}
{"timestamp": "2026-04-16T17:04:48.693506+00:00", "level": "DEBUG", "message": "executing functools.partial(<built-in method rollback of sqlite3.Connection object at 0x000001E9898B7D30>)", "module": "core", "logger": "aiosqlite", "extra": {"taskName": null}}
{"timestamp": "2026-04-16T17:04:48.693823+00:00", "level": "DEBUG", "message": "operation functools.partial(<built-in method rollback of sqlite3.Connection object at 0x000001E9898B7D30>) completed", "module": "core", "logger": "aiosqlite", "extra": {"taskName": null}}
INFO:     37.110.214.9:0 - "GET /api/v1/products?page=1&size=40 HTTP/1.1" 200 OK
{"timestamp": "2026-04-16T17:04:49.437693+00:00", "level": "WARNING", "message": "missing_credentials_with_headers", "module": "deps", "logger": "food_delivery.app.api.deps", "extra": {"taskName": "Task-28", "path": "/api/v1/cart", "origin": "https://marie-bald-plane-fly.trycloudflare.com", "referer": "https://marie-bald-plane-fly.trycloudflare.com/", "has_authorization": false, "has_x_telegram_init_data": false, "has_x_telegram_init_data_alt": false, "has_x_init_data": false}}
{"timestamp": "2026-04-16T17:04:49.441670+00:00", "level": "WARNING", "message": "app_exception", "module": "exceptions", "logger": "food_delivery.app.core.exceptions", "extra": {"taskName": "Task-28", "path": "/api/v1/cart", "code": "UNAUTHORIZED", "detail": "Missing credentials", "field": null}}
INFO:     37.110.214.9:0 - "GET /api/v1/cart HTTP/1.1" 401 Unauthorized
INFO:     37.110.214.9:0 - "OPTIONS /api/v1/cart/items HTTP/1.1" 200 OK
{"timestamp": "2026-04-16T17:05:03.068490+00:00", "level": "WARNING", "message": "missing_credentials_with_headers", "module": "deps", "logger": "food_delivery.app.api.deps", "extra": {"taskName": "Task-32", "path": "/api/v1/cart/items", "origin": "https://marie-bald-plane-fly.trycloudflare.com", "referer": "https://marie-bald-plane-fly.trycloudflare.com/", "has_authorization": false, "has_x_telegram_init_data": false, "has_x_telegram_init_data_alt": false, "has_x_init_data": false}}
{"timestamp": "2026-04-16T17:05:03.072232+00:00", "level": "WARNING", "message": "app_exception", "module": "exceptions", "logger": "food_delivery.app.core.exceptions", "extra": {"taskName": "Task-32", "path": "/api/v1/cart/items", "code": "UNAUTHORIZED", "detail": "Missing credentials", "field": null}}
INFO:     37.110.214.9:0 - "POST /api/v1/cart/items HTTP/1.1" 401 Unauthorized
2026-04-16 22:05:13,622 INFO sqlalchemy.engine.Engine BEGIN (implicit)
2026-04-16 22:05:13,663 INFO sqlalchemy.engine.Engine SELECT users.id, users.telegram_id, users.group_chat_id, users.first_name, users.last_name, users.username, users.phone, users.language, users.is_active, users.is_admin, users.is_superadmin, users.owner_id, users.created_at, users.updated_at 
FROM users 
WHERE users.telegram_id = ?
2026-04-16 22:05:13,665 INFO sqlalchemy.engine.Engine [generated in 0.00160s] (6412887832,)
2026-04-16 22:05:13,670 INFO sqlalchemy.engine.Engine SELECT orders.user_id AS orders_user_id, orders.id AS orders_id, orders.address_id AS orders_address_id, orders.branch_id AS orders_branch_id, orders.courier_id AS orders_courier_id, orders.courier_name AS orders_courier_name, orders.status AS orders_status, orders.subtotal AS orders_subtotal, orders.delivery_fee AS orders_delivery_fee, orders.discount AS orders_discount, orders.total_amount AS orders_total_amount, orders.payment_method AS orders_payment_method, orders.payment_status AS orders_payment_status, orders.latitude AS orders_latitude, orders.longitude AS orders_longitude, orders.delivery_address_text AS orders_delivery_address_text, orders.maps_url AS orders_maps_url, orders.comment AS orders_comment, orders.promo_code AS orders_promo_code, orders.idempotency_key AS orders_idempotency_key, orders.created_at AS orders_created_at, orders.accepted_at AS orders_accepted_at, orders.confirmed_at AS orders_confirmed_at, orders.completed_at AS orders_completed_at, orders.delivered_at AS orders_delivered_at 
FROM orders 
WHERE orders.user_id IN (?)
2026-04-16 22:05:13,671 INFO sqlalchemy.engine.Engine [generated in 0.00094s] (1,)
2026-04-16 22:05:13,675 INFO sqlalchemy.engine.Engine SELECT addresses.user_id AS addresses_user_id, addresses.id AS addresses_id, addresses.title AS addresses_title, addresses.address_line AS addresses_address_line, addresses.lat AS addresses_lat, addresses.lng AS addresses_lng, addresses.apartment AS addresses_apartment, addresses.floor AS addresses_floor, addresses.entrance AS addresses_entrance, addresses.door_code AS addresses_door_code, addresses.landmark AS addresses_landmark, addresses.comment AS addresses_comment, addresses.is_default AS addresses_is_default, addresses.created_at AS addresses_created_at 
FROM addresses 
WHERE addresses.user_id IN (?)
2026-04-16 22:05:13,676 INFO sqlalchemy.engine.Engine [generated in 0.00094s] (1,)
2026-04-16 22:05:13,683 INFO sqlalchemy.engine.Engine SELECT carts.user_id AS carts_user_id, carts.id AS carts_id, carts.status AS carts_status, carts.created_at AS carts_created_at, carts.updated_at AS carts_updated_at 
FROM carts 
WHERE carts.user_id IN (?)
2026-04-16 22:05:13,684 INFO sqlalchemy.engine.Engine [generated in 0.00081s] (1,)
2026-04-16 22:05:13,687 INFO sqlalchemy.engine.Engine SELECT order_items.order_id AS order_items_order_id, order_items.id AS order_items_id, order_items.product_id AS order_items_product_id, order_items.variant_id AS order_items_variant_id, order_items.quantity AS order_items_quantity, order_items.unit_price AS order_items_unit_price, order_items.total_price AS order_items_total_price, order_items.snapshot_json AS order_items_snapshot_json 
FROM order_items 
WHERE order_items.order_id IN (?, ?, ?, ?, ?, ?)
2026-04-16 22:05:13,687 INFO sqlalchemy.engine.Engine [generated in 0.00072s] (1, 3, 13, 14, 15, 18)
2026-04-16 22:05:13,690 INFO sqlalchemy.engine.Engine ROLLBACK
2026-04-16 22:05:19,728 INFO sqlalchemy.engine.Engine BEGIN (implicit)
2026-04-16 22:05:19,729 INFO sqlalchemy.engine.Engine SELECT users.id, users.telegram_id, users.group_chat_id, users.first_name, users.last_name, users.username, users.phone, users.language, users.is_active, users.is_admin, users.is_superadmin, users.owner_id, users.created_at, users.updated_at 
FROM users 
WHERE users.telegram_id = ?
2026-04-16 22:05:19,730 INFO sqlalchemy.engine.Engine [cached since 6.067s ago] (6412887832,)
2026-04-16 22:05:19,732 INFO sqlalchemy.engine.Engine SELECT orders.user_id AS orders_user_id, orders.id AS orders_id, orders.address_id AS orders_address_id, orders.branch_id AS orders_branch_id, orders.courier_id AS orders_courier_id, orders.courier_name AS orders_courier_name, orders.status AS orders_status, orders.subtotal AS orders_subtotal, orders.delivery_fee AS orders_delivery_fee, orders.discount AS orders_discount, orders.total_amount AS orders_total_amount, orders.payment_method AS orders_payment_method, orders.payment_status AS orders_payment_status, orders.latitude AS orders_latitude, orders.longitude AS orders_longitude, orders.delivery_address_text AS orders_delivery_address_text, orders.maps_url AS orders_maps_url, orders.comment AS orders_comment, orders.promo_code AS orders_promo_code, orders.idempotency_key AS orders_idempotency_key, orders.created_at AS orders_created_at, orders.accepted_at AS orders_accepted_at, orders.confirmed_at AS orders_confirmed_at, orders.completed_at AS orders_completed_at, orders.delivered_at AS orders_delivered_at 
FROM orders 
WHERE orders.user_id IN (?)
2026-04-16 22:05:19,733 INFO sqlalchemy.engine.Engine [cached since 6.063s ago] (1,)
2026-04-16 22:05:19,736 INFO sqlalchemy.engine.Engine SELECT addresses.user_id AS addresses_user_id, addresses.id AS addresses_id, addresses.title AS addresses_title, addresses.address_line AS addresses_address_line, addresses.lat AS addresses_lat, addresses.lng AS addresses_lng, addresses.apartment AS addresses_apartment, addresses.floor AS addresses_floor, addresses.entrance AS addresses_entrance, addresses.door_code AS addresses_door_code, addresses.landmark AS addresses_landmark, addresses.comment AS addresses_comment, addresses.is_default AS addresses_is_default, addresses.created_at AS addresses_created_at 
FROM addresses 
WHERE addresses.user_id IN (?)
2026-04-16 22:05:19,736 INFO sqlalchemy.engine.Engine [cached since 6.062s ago] (1,)
2026-04-16 22:05:19,739 INFO sqlalchemy.engine.Engine SELECT carts.user_id AS carts_user_id, carts.id AS carts_id, carts.status AS carts_status, carts.created_at AS carts_created_at, carts.updated_at AS carts_updated_at 
FROM carts 
WHERE carts.user_id IN (?)
2026-04-16 22:05:19,739 INFO sqlalchemy.engine.Engine [cached since 6.056s ago] (1,)
2026-04-16 22:05:19,742 INFO sqlalchemy.engine.Engine SELECT order_items.order_id AS order_items_order_id, order_items.id AS order_items_id, order_items.product_id AS order_items_product_id, order_items.variant_id AS order_items_variant_id, order_items.quantity AS order_items_quantity, order_items.unit_price AS order_items_unit_price, order_items.total_price AS order_items_total_price, order_items.snapshot_json AS order_items_snapshot_json 
FROM order_items 
WHERE order_items.order_id IN (?, ?, ?, ?, ?, ?)
2026-04-16 22:05:19,743 INFO sqlalchemy.engine.Engine [cached since 6.056s ago] (1, 3, 13, 14, 15, 18)
2026-04-16 22:05:19,870 INFO sqlalchemy.engine.Engine ROLLBACK
INFO:     37.110.214.9:0 - "GET /webapp/ HTTP/1.1" 200 OK
INFO:     37.110.214.9:0 - "GET /static/css/pages.css?v=20260409-2 HTTP/1.1" 200 OK
INFO:     37.110.214.9:0 - "GET /static/css/tokens.css?v=20260409-2 HTTP/1.1" 200 OK
INFO:     37.110.214.9:0 - "GET /static/js/catalog.js?v=20260416-1 HTTP/1.1" 200 OK
INFO:     37.110.214.9:0 - "GET /static/css/base.css?v=20260409-2 HTTP/1.1" 200 OK
INFO:     37.110.214.9:0 - "GET /static/js/animations.js?v=20260409-2 HTTP/1.1" 200 OK
INFO:     37.110.214.9:0 - "GET /static/js/auth.js?v=20260416-8 HTTP/1.1" 200 OK
INFO:     37.110.214.9:0 - "GET /static/js/api.js?v=20260416-6 HTTP/1.1" 200 OK
INFO:     37.110.214.9:0 - "GET /static/css/components.css?v=20260409-2 HTTP/1.1" 200 OK
INFO:     37.110.214.9:0 - "GET /static/js/i18n.js?v=20260416-2 HTTP/1.1" 200 OK
INFO:     37.110.214.9:0 - "GET /favicon.ico HTTP/1.1" 404 Not Found
{"timestamp": "2026-04-16T17:05:38.170275+00:00", "level": "WARNING", "message": "missing_credentials_with_headers", "module": "deps", "logger": "food_delivery.app.api.deps", "extra": {"taskName": "Task-55", "path": "/api/v1/users/me", "origin": null, "referer": "https://friendship-institutes-directly-indiana.trycloudflare.com/webapp/", "has_authorization": false, "has_x_telegram_init_data": false, "has_x_telegram_init_data_alt": false, "has_x_init_data": false}}
{"timestamp": "2026-04-16T17:05:38.174531+00:00", "level": "WARNING", "message": "app_exception", "module": "exceptions", "logger": "food_delivery.app.core.exceptions", "extra": {"taskName": "Task-55", "path": "/api/v1/users/me", "code": "UNAUTHORIZED", "detail": "Missing credentials", "field": null}}
INFO:     37.110.214.9:0 - "GET /api/v1/users/me HTTP/1.1" 401 Unauthorized
INFO:     37.110.214.9:0 - "GET /api/v1/categories HTTP/1.1" 200 OK
