Using DATABASE_URL=sqlite+aiosqlite:///./food_delivery.db
Using REDIS_URL=redis://localhost:6379/0
Using WEBAPP_URL=https://joy-transparent-doctor-summer.trycloudflare.com/webapp/
Using npm cache=C:\Users\Roma\Desktop\FoodExpressBot\food_delivery\.npm-cache
Using DEV_RELOAD=0
Using DEV_TUNNEL_PROVIDER=auto
Starting cloudflared quick tunnel ...
[cloudflared] 2026-04-13T08:06:16Z INF Thank you for trying Cloudflare Tunnel. Doing so, without a Cloudflare account, is a quick way to experiment and try it out. However, be aware that these account-less Tunnels have no uptime guarantee, are subject to the Cloudflare Online Services Terms of Use (https://www.cloudflare.com/website-terms/), and Cloudflare reserves the right to investigate your use of Tunnels for violations of such terms. If you intend to use Tunnels in production you should use a pre-created named tunnel by following: https://developers.cloudflare.com/cloudflare-one/connections/connect-apps
[cloudflared] 2026-04-13T08:06:16Z INF Requesting new quick Tunnel on trycloudflare.com...
[cloudflared] 2026-04-13T08:06:22Z INF +--------------------------------------------------------------------------------------------+
[cloudflared] 2026-04-13T08:06:22Z INF |  Your quick Tunnel has been created! Visit it at (it may take some time to be reachable):  |
[cloudflared] 2026-04-13T08:06:22Z INF |  https://voters-gospel-consumer-resources.trycloudflare.com                                |
[cloudflared] 2026-04-13T08:06:22Z INF +--------------------------------------------------------------------------------------------+
[cloudflared] 2026-04-13T08:06:22Z INF Cannot determine default configuration path. No file [config.yml config.yaml] in [~/.cloudflared ~/.cloudflare-warp ~/cloudflare-warp]
[cloudflared] 2026-04-13T08:06:22Z INF Version 2026.3.0 (Checksum 59b12880b24af581cf5b1013db601c7d843b9b097e9c78aa5957c7f39f741885)
[cloudflared] 2026-04-13T08:06:22Z INF GOOS: windows, GOVersion: go1.24.13, GoArch: amd64
[cloudflared] 2026-04-13T08:06:22Z INF Settings: map[ha-connections:1 p:http2 protocol:http2 url:http://localhost:8000]
[cloudflared] 2026-04-13T08:06:22Z INF Environmental variables map[DEV_TUNNEL_PROVIDER:auto]
[cloudflared] 2026-04-13T08:06:22Z INF cloudflared will not automatically update on Windows systems.
Using BACKEND_URL=https://voters-gospel-consumer-resources.trycloudflare.com
Using WEBAPP_URL=https://voters-gospel-consumer-resources.trycloudflare.com/webapp/
[cloudflared] 2026-04-13T08:06:23Z INF Generated Connector ID: cba05865-9637-4733-9582-c447bf86ae15
{"timestamp": "2026-04-13T08:06:24.051842+00:00", "level": "INFO", "message": "application_startup", "module": "main", "logger": "food_delivery.app.main", "extra": {"taskName": "Task-2"}}
{"timestamp": "2026-04-13T08:06:25.060335+00:00", "level": "WARNING", "message": "redis_unavailable", "module": "main", "logger": "food_delivery.app.main", "extra": {"taskName": "Task-2"}}
{"timestamp": "2026-04-13T08:06:25.098356+00:00", "level": "WARNING", "message": "redis_fallback_enabled", "module": "main", "logger": "food_delivery.app.main", "extra": {"taskName": "Task-2"}}
[cloudflared] 2026-04-13T08:06:35Z WRN Unable to lookup protocol percentage.
[cloudflared] 2026-04-13T08:06:35Z INF Initial protocol http2
[cloudflared] 2026-04-13T08:06:35Z INF ICMP proxy will use 10.228.206.105 as source for IPv4
[cloudflared] 2026-04-13T08:06:35Z INF ICMP proxy will use fe80::36b2:b1fa:989f:6dcb in zone ┴хёяЁютюфэр  ёхҐ№ as source for IPv6
[cloudflared] 2026-04-13T08:06:36Z INF cloudflared does not support loading the system root certificate pool on Windows. Please use --origin-ca-pool <PATH> to specify the path to the certificate pool
[cloudflared] 2026-04-13T08:06:36Z INF ICMP proxy will use 10.228.206.105 as source for IPv4
[cloudflared] 2026-04-13T08:06:36Z INF ICMP proxy will use fe80::36b2:b1fa:989f:6dcb in zone ┴хёяЁютюфэр  ёхҐ№ as source for IPv6
[cloudflared] 2026-04-13T08:06:36Z INF Starting metrics server on 127.0.0.1:20241/metrics
[cloudflared] 2026-04-13T08:06:37Z INF Registered tunnel connection connIndex=0 connection=8464111b-0379-471a-a5f7-bc0cfb41db03 event=0 ip=198.41.200.53 location=fra15 protocol=http2
INFO:     127.0.0.1:55803 - "GET /health HTTP/1.1" 200 OK
